gmpy2 version: 2.2.1
Type check: <class 'gmpy2.mpz'>

[✓ Resuming from checkpoint]
  Wheel steps:     1
  Candidates tested: 9
  Candidates sieved: 39
  Last n:          ...73289562465700228240
  Output file:     100K_probable_prime_84966.txt

Target:  100000-digit probable prime
Sieve:   78494 trial primes (11..999983)
Wheel:   mod 210, 48 residues per cycle
Test:    Miller-Rabin k=5
Start:   n = 587489126419 .... 465700228240
Verbose: ON
Checkpoint: prime_search_checkpoint.json (every 100 wheel steps)

  r=1: sieved by 13
  r=11: sieved by 373
  r=13: sieved by 47
  r=17: sieved by 11
  r=19: sieved by 41
  r=23: running Miller-Rabin k=5 on ...228263
  is_probable_prime took 430.334663s -> composite
  r=29: sieved by 229
  r=31: sieved by 29
  r=37: sieved by 43
  r=41: sieved by 19
  r=43: running Miller-Rabin k=5 on ...228283
  is_probable_prime took 429.838924s -> composite
  r=47: running Miller-Rabin k=5 on ...228287
  is_probable_prime took 430.117896s -> composite
  r=53: sieved by 13
  r=59: sieved by 17
  r=61: sieved by 11
  r=67: sieved by 2617
  r=71: sieved by 113
  r=73: sieved by 59
  r=79: sieved by 13
  r=83: sieved by 11
  r=89: sieved by 29
  r=97: running Miller-Rabin k=5 on ...228337
  is_probable_prime took 441.136697s -> composite
  r=101: sieved by 41
  r=103: sieved by 643
  r=107: sieved by 23
  r=109: running Miller-Rabin k=5 on ...228349
  is_probable_prime took 434.092632s -> composite
  r=113: sieved by 421
  r=121: sieved by 83
  r=127: sieved by 11
  r=131: sieved by 13
  r=137: running Miller-Rabin k=5 on ...228377
  is_probable_prime took 438.607305s -> composite
  r=139: sieved by 8297
  r=143: sieved by 131
  r=149: sieved by 11
  r=151: sieved by 173
  r=157: sieved by 13
  r=163: sieved by 17683
  r=167: running Miller-Rabin k=5 on ...228407
  is_probable_prime took 438.045261s -> composite
  r=169: sieved by 53
  r=173: sieved by 5189
  r=179: sieved by 1621
  r=181: running Miller-Rabin k=5 on ...228421
  is_probable_prime took 441.359617s -> composite
  r=187: running Miller-Rabin k=5 on ...228427
  is_probable_prime took 435.366369s -> composite
  r=191: sieved by 59
  r=193: sieved by 11
  r=197: sieved by 107
  r=199: sieved by 23
  r=209: sieved by 13
---------------------------------------------------------------------------
 [wheel step      2] covering     420 integers
 | candidates sieved:     78 per wheel:  39.00
 | candidates tested:     18 per wheel:   9.00
 | avg test: 217.717s
 | total test: 3918.9s
 | wall time: 3919.0s
  r=1: sieved by 13187
  r=11: sieved by 953
  r=13: sieved by 431
  r=17: running Miller-Rabin k=5 on ...228467
  is_probable_prime took 430.647933s -> composite
  r=19: sieved by 17
  r=23: sieved by 11393
  r=29: sieved by 97
  r=31: running Miller-Rabin k=5 on ...228481
  is_probable_prime took 438.461510s -> composite
  r=37: running Miller-Rabin k=5 on ...228487
  is_probable_prime took 432.724509s -> composite
  r=41: sieved by 1223
  r=43: running Miller-Rabin k=5 on ...228493
  is_probable_prime took 481.441266s -> composite
  r=47: sieved by 225769
  r=53: sieved by 17
  r=59: sieved by 19
  r=61: running Miller-Rabin k=5 on ...228511
  is_probable_prime took 431.615102s -> composite
  r=67: sieved by 23063
  r=71: sieved by 11
  r=73: sieved by 37
  r=79: running Miller-Rabin k=5 on ...228529
  is_probable_prime took 429.645690s -> composite
  r=83: running Miller-Rabin k=5 on ...228533
  is_probable_prime took 426.506571s -> composite
  r=89: sieved by 139367
  r=97: sieved by 19
  r=101: sieved by 119299
  r=103: sieved by 13
  r=107: running Miller-Rabin k=5 on ...228557
  is_probable_prime took 568.336057s -> composite
  r=109: running Miller-Rabin k=5 on ...228559
  is_probable_prime took 508.055189s -> composite
  r=113: running Miller-Rabin k=5 on ...228563
  is_probable_prime took 599.199463s -> composite
  r=121: sieved by 17
  r=127: sieved by 23
  r=131: sieved by 179
  r=137: sieved by 11
  r=139: sieved by 7507
  r=143: running Miller-Rabin k=5 on ...228593
  is_probable_prime took 584.579833s -> composite
  r=149: sieved by 6449
  r=151: running Miller-Rabin k=5 on ...228601
  is_probable_prime took 427.168090s -> composite
  r=157: sieved by 307
  r=163: sieved by 149
  r=167: sieved by 79
  r=169: sieved by 29
  r=173: sieved by 19
  r=179: sieved by 31
  r=181: sieved by 11
  r=187: sieved by 7591
  r=191: running Miller-Rabin k=5 on ...228641
  is_probable_prime took 428.149800s -> composite
  r=193: running Miller-Rabin k=5 on ...228643
  is_probable_prime took 902.777500s -> composite
  r=197: sieved by 647
  r=199: sieved by 853
  r=209: sieved by 8467
---------------------------------------------------------------------------
 [wheel step      3] covering     630 integers
 | candidates sieved:    112 per wheel:  37.33
 | candidates tested:     32 per wheel:  10.67
 | avg test: 344.006s
 | total test: 11008.2s
 | wall time: 11008.4s
  r=1: sieved by 19
  r=11: sieved by 37
  r=13: sieved by 17
  r=17: sieved by 29
  r=19: sieved by 42701
  r=23: sieved by 13
  r=29: sieved by 139
  r=31: sieved by 31
  r=37: sieved by 11
  r=41: running Miller-Rabin k=5 on ...228701
  is_probable_prime took 1605.546983s -> composite
  r=43: sieved by 19031
  r=47: sieved by 17
  r=53: sieved by 45827
  r=59: sieved by 11
  r=61: running Miller-Rabin k=5 on ...228721
  is_probable_prime took 415.567632s -> composite
  r=67: sieved by 53
  r=71: sieved by 641
  r=73: sieved by 3613
  r=79: sieved by 337
  r=83: sieved by 1867
  r=89: sieved by 13477
  r=97: running Miller-Rabin k=5 on ...228757
  is_probable_prime took 431.524233s -> composite
  r=101: sieved by 13
  r=103: sieved by 11
  r=107: sieved by 157
  r=109: sieved by 389
  r=113: sieved by 191
  r=121: sieved by 199
  r=127: sieved by 13
  r=131: sieved by 642557
  r=137: running Miller-Rabin k=5 on ...228797
  is_probable_prime took 437.945238s -> composite
  r=139: sieved by 1009
  r=143: sieved by 1283
  r=149: sieved by 17
  r=151: running Miller-Rabin k=5 on ...228811
  is_probable_prime took 443.998345s -> composite
  r=157: sieved by 47
  r=163: sieved by 73
  r=167: sieved by 397
  r=169: sieved by 11
  r=173: sieved by 41
  r=179: sieved by 13
  r=181: sieved by 809
  r=187: sieved by 239
  r=191: sieved by 11
  r=193: sieved by 23
  r=197: running Miller-Rabin k=5 on ...228857
  is_probable_prime took 448.943644s -> composite
  r=199: sieved by 83
  r=209: sieved by 571
---------------------------------------------------------------------------
 [wheel step      4] covering     840 integers
 | candidates sieved:    154 per wheel:  38.50
 | candidates tested:     38 per wheel:   9.50
 | avg test: 389.256s
 | total test: 14791.7s
 | wall time: 14792.0s
  r=1: sieved by 67
  r=11: sieved by 2593
  r=13: sieved by 17497
  r=17: sieved by 20147
  r=19: sieved by 19
  r=23: sieved by 37
  r=29: sieved by 23
  r=31: sieved by 185821
  r=37: sieved by 131
  r=41: sieved by 17
  r=43: sieved by 2713
  r=47: sieved by 11
  r=53: sieved by 311
  r=59: running Miller-Rabin k=5 on ...228929
  is_probable_prime took 465.256992s -> composite
  r=61: sieved by 457
  r=67: running Miller-Rabin k=5 on ...228937
  is_probable_prime took 454.601960s -> composite
  r=71: sieved by 61
  r=73: sieved by 13
  r=79: sieved by 52121
  r=83: sieved by 11369
  r=89: sieved by 773
  r=97: sieved by 29
  r=101: sieved by 137
  r=103: sieved by 859
  r=107: running Miller-Rabin k=5 on ...228977
  is_probable_prime took 440.055089s -> composite
  r=109: sieved by 17
  r=113: sieved by 11
  r=121: sieved by 23
  r=127: sieved by 41
  r=131: sieved by 31
  r=137: sieved by 2131
  r=139: sieved by 1523
  r=143: sieved by 17
  r=149: running Miller-Rabin k=5 on ...229019
  is_probable_prime took 435.540228s -> composite
  r=151: sieved by 13
  r=157: sieved by 11
  r=163: sieved by 967
  r=167: sieved by 23
  r=169: running Miller-Rabin k=5 on ...229039
  is_probable_prime took 437.585458s -> composite
  r=173: running Miller-Rabin k=5 on ...229043
  is_probable_prime took 437.687516s -> composite
  r=179: sieved by 11
  r=181: sieved by 43
  r=187: sieved by 8293
  r=191: sieved by 97
  r=193: sieved by 31
  r=197: sieved by 263209
  r=199: sieved by 271
  r=209: sieved by 19
---------------------------------------------------------------------------
 [wheel step      5] covering    1050 integers
 | candidates sieved:    196 per wheel:  39.20
 | candidates tested:     44 per wheel:   8.80
 | avg test: 396.874s
 | total test: 17462.5s
 | wall time: 17462.8s
  r=1: sieved by 17
  r=11: sieved by 79
  r=13: sieved by 11
  r=17: running Miller-Rabin k=5 on ...229097
  is_probable_prime took 431.301243s -> composite
  r=19: sieved by 13
  r=23: running Miller-Rabin k=5 on ...229103
  is_probable_prime took 430.204988s -> composite
  r=29: sieved by 283
  r=31: sieved by 56807
  r=37: sieved by 19
  r=41: sieved by 101
  r=43: sieved by 80657
  r=47: sieved by 347
  r=53: running Miller-Rabin k=5 on ...229133
  is_probable_prime took 432.738545s -> composite
  r=59: sieved by 59
  r=61: sieved by 29
  r=67: sieved by 5003
  r=71: sieved by 13
  r=73: running Miller-Rabin k=5 on ...229153
  is_probable_prime took 431.571183s -> composite
  r=79: sieved by 11
  r=83: running Miller-Rabin k=5 on ...229163
  is_probable_prime took 432.737466s -> composite
  r=89: sieved by 131
  r=97: sieved by 13
  r=101: sieved by 11
  r=103: sieved by 17
  r=107: sieved by 31
  r=109: sieved by 37
  r=113: sieved by 19
  r=121: sieved by 211
  r=127: sieved by 2153
  r=131: sieved by 491
  r=137: sieved by 17
  r=139: running Miller-Rabin k=5 on ...229219
  is_probable_prime took 442.247378s -> composite
  r=143: sieved by 43
  r=149: sieved by 13
  r=151: sieved by 19
  r=157: sieved by 3793
  r=163: sieved by 41
  r=167: sieved by 11
  r=169: sieved by 31
  r=173: sieved by 110339
  r=179: sieved by 691
  r=181: sieved by 73
  r=187: sieved by 23
  r=191: sieved by 1231
  r=193: sieved by 67
  r=197: sieved by 16249
  r=199: running Miller-Rabin k=5 on ...229279
  is_probable_prime took 446.174790s -> composite
  r=209: sieved by 263
---------------------------------------------------------------------------
 [wheel step      6] covering    1260 integers
 | candidates sieved:    237 per wheel:  39.50
 | candidates tested:     51 per wheel:   8.50
 | avg test: 402.146s
 | total test: 20509.4s
 | wall time: 20509.8s
  r=1: sieved by 11
  r=11: sieved by 11551
  r=13: sieved by 531637
  r=17: sieved by 13
  r=19: sieved by 43
  r=23: sieved by 11
  r=29: sieved by 17
  r=31: sieved by 71
  r=37: sieved by 358861
  r=41: running Miller-Rabin k=5 on ...229331
  is_probable_prime took 447.238646s -> composite
  r=43: sieved by 13
  r=47: sieved by 37
  r=53: running Miller-Rabin k=5 on ...229343
  is_probable_prime took 447.030260s -> composite
  r=59: running Miller-Rabin k=5 on ...229349
  is_probable_prime took 451.934941s -> composite
  r=61: sieved by 1153
  r=67: sieved by 11
  r=71: sieved by 17419
  r=73: sieved by 53
  r=79: sieved by 5479
  r=83: sieved by 29
  r=89: sieved by 11
  r=97: sieved by 17
  r=101: running Miller-Rabin k=5 on ...229391
  is_probable_prime took 451.500363s -> composite
  r=103: sieved by 15643
  r=107: sieved by 2687
  r=109: sieved by 36523
  r=113: sieved by 103
  r=121: sieved by 13
  r=127: sieved by 827
  r=131: sieved by 17
  r=137: sieved by 89
  r=139: sieved by 61
  r=143: sieved by 269
  r=149: sieved by 349
  r=151: sieved by 113
  r=157: running Miller-Rabin k=5 on ...229447
  is_probable_prime took 446.189043s -> composite
  r=163: sieved by 1549
  r=167: sieved by 6833
  r=169: sieved by 19
  r=173: sieved by 13
  r=179: sieved by 53
  r=181: running Miller-Rabin k=5 on ...229471
  is_probable_prime took 441.118255s -> composite
  r=187: sieved by 227
  r=191: sieved by 43
  r=193: sieved by 5683
  r=197: sieved by 512287
  r=199: sieved by 11
  r=209: running Miller-Rabin k=5 on ...229499
  is_probable_prime took 436.580230s -> composite
---------------------------------------------------------------------------
 [wheel step      7] covering    1470 integers
 | candidates sieved:    278 per wheel:  39.71
 | candidates tested:     58 per wheel:   8.29
 | avg test: 407.432s
 | total test: 23631.0s
 | wall time: 23631.5s
  r=1: sieved by 8627
  r=11: sieved by 11
  r=13: sieved by 257
  r=17: sieved by 983
  r=19: sieved by 137
  r=23: sieved by 17
  r=29: sieved by 1427
  r=31: sieved by 163
  r=37: sieved by 191
  r=41: sieved by 13
  r=43: sieved by 23
  r=47: sieved by 29
  r=53: sieved by 73
  r=59: sieved by 31
  r=61: sieved by 313
  r=67: sieved by 13
  r=71: sieved by 41
  r=73: sieved by 19
  r=79: sieved by 317
  r=83: running Miller-Rabin k=5 on ...229583
  is_probable_prime took 436.396506s -> composite
  r=89: sieved by 23
  r=97: sieved by 1087
  r=101: running Miller-Rabin k=5 on ...229601
  is_probable_prime took 436.465842s -> composite
  r=103: sieved by 514093
  r=107: sieved by 15031
  r=109: sieved by 103
  r=113: sieved by 1093
  r=121: sieved by 11
  r=127: sieved by 53917
  r=131: sieved by 50341
  r=137: sieved by 733
  r=139: running Miller-Rabin k=5 on ...229639
  is_probable_prime took 435.939731s -> composite
  r=143: sieved by 11
  r=149: sieved by 19
  r=151: sieved by 743
  r=157: sieved by 631
  r=163: sieved by 29
  r=167: sieved by 113
  r=169: running Miller-Rabin k=5 on ...229669
  is_probable_prime took 433.686988s -> composite
  r=173: sieved by 61
  r=179: sieved by 33893
  r=181: sieved by 23
  r=187: sieved by 11
  r=191: sieved by 1033
  r=193: sieved by 17
  r=197: sieved by 13
  r=199: sieved by 73
  r=209: sieved by 11
---------------------------------------------------------------------------
 [wheel step      8] covering    1680 integers
 | candidates sieved:    322 per wheel:  40.25
 | candidates tested:     62 per wheel:   7.75
 | avg test: 409.250s
 | total test: 25373.5s
 | wall time: 25374.1s
  r=1: sieved by 569
  r=11: sieved by 29
  r=13: sieved by 13
  r=17: sieved by 17
  r=19: sieved by 59
  r=23: running Miller-Rabin k=5 on ...229733
  is_probable_prime took 435.584508s -> composite
  r=29: sieved by 43
  r=31: sieved by 330131
  r=37: sieved by 71
  r=41: running Miller-Rabin k=5 on ...229751
  is_probable_prime took 436.358572s -> composite
  r=43: sieved by 11
  r=47: sieved by 47
  r=53: sieved by 19
  r=59: sieved by 354317
  r=61: running Miller-Rabin k=5 on ...229771
  is_probable_prime took 441.070351s -> composite
  r=67: running Miller-Rabin k=5 on ...229777
  is_probable_prime took 440.647514s -> composite
  r=71: sieved by 37
  r=73: sieved by 89
  r=79: running Miller-Rabin k=5 on ...229789
  is_probable_prime took 447.200007s -> composite
  r=83: sieved by 137
  r=89: running Miller-Rabin k=5 on ...229799
  is_probable_prime took 445.912929s -> composite
  r=97: sieved by 31
  r=101: sieved by 409
  r=103: sieved by 17839
  r=107: sieved by 41
  r=109: sieved by 11
  r=113: sieved by 127
  r=121: running Miller-Rabin k=5 on ...229831
  is_probable_prime took 451.410005s -> composite
  r=127: sieved by 29
  r=131: sieved by 11
  r=137: sieved by 59
  r=139: sieved by 7717
  r=143: sieved by 13
  r=149: running Miller-Rabin k=5 on ...229859
  is_probable_prime took 447.774835s -> composite
  r=151: sieved by 223
  r=157: sieved by 16189
  r=163: running Miller-Rabin k=5 on ...229873
  is_probable_prime took 447.915582s -> composite
  r=167: sieved by 19
  r=169: sieved by 13
  r=173: sieved by 401
  r=179: sieved by 71
  r=181: sieved by 1471
  r=187: sieved by 17
  r=191: running Miller-Rabin k=5 on ...229901
  is_probable_prime took 443.851992s -> composite
  r=193: running Miller-Rabin k=5 on ...229903
  is_probable_prime took 442.567012s -> composite
  r=197: sieved by 11
  r=199: sieved by 4099
  r=209: sieved by 191
---------------------------------------------------------------------------
 [wheel step      9] covering    1890 integers
 | candidates sieved:    359 per wheel:  39.89
 | candidates tested:     73 per wheel:   8.11
 | avg test: 414.436s
 | total test: 30253.8s
 | wall time: 30254.5s
  r=1: running Miller-Rabin k=5 on ...229921
  is_probable_prime took 438.918412s -> composite
  r=11: sieved by 13
  r=13: running Miller-Rabin k=5 on ...229933
  is_probable_prime took 434.074767s -> composite
  r=17: sieved by 367
  r=19: running Miller-Rabin k=5 on ...229939
  is_probable_prime took 431.804891s -> composite
  r=23: sieved by 67
  r=29: running Miller-Rabin k=5 on ...229949
  is_probable_prime took 431.336224s -> composite
  r=31: sieved by 11
  r=37: sieved by 13
  r=41: sieved by 89
  r=43: sieved by 829
  r=47: running Miller-Rabin k=5 on ...229967
  is_probable_prime took 431.663747s -> composite
  r=53: sieved by 11
  r=59: sieved by 2089
  r=61: sieved by 41
  r=67: running Miller-Rabin k=5 on ...229987
  is_probable_prime took 431.351022s -> composite
  r=71: sieved by 19
  r=73: sieved by 31
  r=79: sieved by 17
  r=83: sieved by 23
  r=89: sieved by 13
  r=97: sieved by 11
  r=101: sieved by 83
  r=103: sieved by 157
  r=107: sieved by 167
  r=109: sieved by 19
  r=113: sieved by 17
  r=121: running Miller-Rabin k=5 on ...230041
  is_probable_prime took 432.434856s -> composite
  r=127: sieved by 49057
  r=131: sieved by 33211
  r=137: running Miller-Rabin k=5 on ...230057
  is_probable_prime took 431.133452s -> composite
  r=139: sieved by 5113
  r=143: sieved by 41
  r=149: sieved by 29
  r=151: running Miller-Rabin k=5 on ...230071
  is_probable_prime took 432.479408s -> composite
  r=157: sieved by 37
  r=163: sieved by 11
  r=167: sieved by 13
  r=169: sieved by 22481
  r=173: sieved by 601
  r=179: sieved by 277
  r=181: sieved by 17
  r=187: running Miller-Rabin k=5 on ...230107
  is_probable_prime took 440.702217s -> composite
  r=191: running Miller-Rabin k=5 on ...230111
  is_probable_prime took 442.379708s -> composite
  r=193: sieved by 13
  r=197: sieved by 31
  r=199: sieved by 113
  r=209: sieved by 12757
---------------------------------------------------------------------------
 [wheel step     10] covering    2100 integers
 | candidates sieved:    396 per wheel:  39.60
 | candidates tested:     84 per wheel:   8.40
 | avg test: 417.049s
 | total test: 35032.1s
 | wall time: 35032.8s
  r=1: sieved by 101
  r=11: sieved by 23
  r=13: sieved by 19
  r=17: running Miller-Rabin k=5 on ...230147
  is_probable_prime took 439.561096s -> composite
  r=19: sieved by 11
  r=23: sieved by 271
  r=29: sieved by 523
  r=31: sieved by 61
  r=37: sieved by 181
  r=41: sieved by 11
  r=43: sieved by 71
  r=47: sieved by 379
  r=53: sieved by 163
  r=59: sieved by 1637
  r=61: sieved by 13
  r=67: sieved by 79
  r=71: sieved by 59
  r=73: sieved by 17
  r=79: running Miller-Rabin k=5 on ...230209
  is_probable_prime took 439.582789s -> composite
  r=83: sieved by 317
  r=89: sieved by 19
  r=97: sieved by 41
  r=101: sieved by 35221
  r=103: sieved by 23
  r=107: sieved by 11
  r=109: sieved by 7127
  r=113: sieved by 13
  r=121: sieved by 1721
  r=127: sieved by 19
  r=131: sieved by 3299
  r=137: running Miller-Rabin k=5 on ...230267
  is_probable_prime took 444.934733s -> composite
  r=139: sieved by 13
  r=143: running Miller-Rabin k=5 on ...230273
  is_probable_prime took 444.964102s -> composite
  r=149: sieved by 23
  r=151: sieved by 11
  r=157: sieved by 479
  r=163: running Miller-Rabin k=5 on ...230293
  is_probable_prime took 444.420092s -> composite
  r=167: running Miller-Rabin k=5 on ...230297
  is_probable_prime took 446.229334s -> composite
  r=169: sieved by 37
  r=173: sieved by 11
  r=179: sieved by 41
  r=181: sieved by 313289
  r=187: sieved by 53
  r=191: sieved by 13
  r=193: running Miller-Rabin k=5 on ...230323
  is_probable_prime took 437.128018s -> composite
  r=197: running Miller-Rabin k=5 on ...230327
  is_probable_prime took 436.648769s -> composite
  r=199: running Miller-Rabin k=5 on ...230329
  is_probable_prime took 436.606387s -> composite
  r=209: sieved by 17
---------------------------------------------------------------------------
 [wheel step     11] covering    2310 integers
 | candidates sieved:    435 per wheel:  39.55
 | candidates tested:     93 per wheel:   8.45
 | avg test: 419.378s
 | total test: 39002.2s
 | wall time: 39003.0s
  r=1: sieved by 43
  r=11: running Miller-Rabin k=5 on ...230351
  is_probable_prime took 437.335695s -> composite
  r=13: sieved by 83
  r=17: sieved by 139
  r=19: sieved by 29
  r=23: sieved by 107
  r=29: sieved by 11
  r=31: sieved by 19
  r=37: sieved by 8867
  r=41: sieved by 150707
  r=43: sieved by 677
  r=47: sieved by 2377
  r=53: sieved by 20981
  r=59: sieved by 13
  r=61: sieved by 149
  r=67: sieved by 17
  r=71: sieved by 599
  r=73: sieved by 11
  r=79: sieved by 97
  r=83: sieved by 53
  r=89: sieved by 73
  r=97: sieved by 59
  r=101: sieved by 17
  r=103: running Miller-Rabin k=5 on ...230443
  is_probable_prime took 435.839684s -> composite
  r=107: sieved by 19
  r=109: sieved by 307
  r=113: running Miller-Rabin k=5 on ...230453
  is_probable_prime took 437.925038s -> composite
  r=121: running Miller-Rabin k=5 on ...230461
  is_probable_prime took 439.229574s -> composite
  r=127: sieved by 173
  r=131: sieved by 6779
  r=137: sieved by 13
  r=139: sieved by 11
  r=143: running Miller-Rabin k=5 on ...230483
  is_probable_prime took 446.498751s -> composite
  r=149: sieved by 31
  r=151: running Miller-Rabin k=5 on ...230491
  is_probable_prime took 453.203822s -> composite
  r=157: running Miller-Rabin k=5 on ...230497
  is_probable_prime took 456.582099s -> composite
  r=163: sieved by 13
  r=167: sieved by 443
  r=169: sieved by 17
  r=173: sieved by 43
  r=179: sieved by 83
  r=181: sieved by 37
  r=187: sieved by 61
  r=191: running Miller-Rabin k=5 on ...230531
  is_probable_prime took 453.565361s -> composite
  r=193: sieved by 29
  r=197: sieved by 12739
  r=199: running Miller-Rabin k=5 on ...230539
  is_probable_prime took 463.630198s -> composite
  r=209: running Miller-Rabin k=5 on ...230549
  is_probable_prime took 461.122123s -> composite
---------------------------------------------------------------------------
 [wheel step     12] covering    2520 integers
 | candidates sieved:    473 per wheel:  39.42
 | candidates tested:    103 per wheel:   8.58
 | avg test: 422.205s
 | total test: 43487.1s
 | wall time: 43488.0s
  r=1: sieved by 31
  r=11: sieved by 19
  r=13: sieved by 557
  r=17: sieved by 11
  r=19: running Miller-Rabin k=5 on ...230569
  is_probable_prime took 464.914580s -> composite
  r=23: sieved by 76819
  r=29: running Miller-Rabin k=5 on ...230579
  is_probable_prime took 462.218637s -> composite
  r=31: sieved by 13
  r=37: sieved by 46439
  r=41: sieved by 29
  r=43: running Miller-Rabin k=5 on ...230593
  is_probable_prime took 459.954305s -> composite
  r=47: sieved by 811
  r=53: sieved by 47
  r=59: sieved by 1699
  r=61: sieved by 11
  r=67: sieved by 9463
  r=71: running Miller-Rabin k=5 on ...230621
  is_probable_prime took 449.785753s -> composite
  r=73: running Miller-Rabin k=5 on ...230623
  is_probable_prime took 450.534702s -> composite
  r=79: sieved by 409
  r=83: sieved by 11
  r=89: sieved by 103
  r=97: sieved by 23
  r=101: sieved by 157
  r=103: sieved by 277
  r=107: running Miller-Rabin k=5 on ...230657
  is_probable_prime took 452.924950s -> composite
  r=109: sieved by 13
  r=113: sieved by 35999
  r=121: sieved by 79
  r=127: sieved by 11
  r=131: sieved by 18121
  r=137: running Miller-Rabin k=5 on ...230687
  is_probable_prime took 453.447644s -> composite
  r=139: sieved by 241
  r=143: sieved by 23
  r=149: sieved by 11
  r=151: sieved by 251
  r=157: sieved by 29
  r=163: sieved by 17
  r=167: sieved by 433
  r=169: sieved by 41
  r=173: sieved by 9007
  r=179: sieved by 179
  r=181: sieved by 541
  r=187: sieved by 13
  r=191: sieved by 53
  r=193: sieved by 11
  r=197: sieved by 17
  r=199: sieved by 1487
  r=209: sieved by 239
---------------------------------------------------------------------------
 [wheel step     13] covering    2730 integers
 | candidates sieved:    514 per wheel:  39.54
 | candidates tested:    110 per wheel:   8.46
 | avg test: 424.372s
 | total test: 46680.9s
 | wall time: 46681.9s
  r=1: sieved by 337
  r=11: sieved by 43
  r=13: running Miller-Rabin k=5 on ...230773
  is_probable_prime took 457.091212s -> composite
  r=17: running Miller-Rabin k=5 on ...230777
  is_probable_prime took 457.842319s -> composite
  r=19: sieved by 653
  r=23: running Miller-Rabin k=5 on ...230783
  is_probable_prime took 835.063023s -> composite
  r=29: sieved by 13
  r=31: sieved by 47
  r=37: sieved by 113
  r=41: sieved by 41
  r=43: sieved by 61031
  r=47: sieved by 97
  r=53: sieved by 173
  r=59: sieved by 4649
  r=61: sieved by 4027
  r=67: sieved by 19
  r=71: sieved by 11
  r=73: sieved by 109
  r=79: sieved by 127
  r=83: sieved by 3313
  r=89: sieved by 17
  r=97: sieved by 43
  r=101: sieved by 31
  r=103: sieved by 193
  r=107: sieved by 13
  r=109: running Miller-Rabin k=5 on ...230869
  is_probable_prime took 460.612071s -> composite
  r=113: running Miller-Rabin k=5 on ...230873
  is_probable_prime took 554.754935s -> composite
  r=121: sieved by 29
  r=127: sieved by 727
  r=131: sieved by 37
  r=137: sieved by 11
  r=139: sieved by 839
  r=143: sieved by 19
  r=149: sieved by 59
  r=151: sieved by 4651
  r=157: sieved by 17
  r=163: sieved by 23
  r=167: sieved by 1741
  r=169: running Miller-Rabin k=5 on ...230929
  is_probable_prime took 440.291739s -> composite
  r=173: sieved by 419777
  r=179: sieved by 29
  r=181: sieved by 11
  r=187: running Miller-Rabin k=5 on ...230947
  is_probable_prime took 14405.198568s -> composite
  r=191: sieved by 17
  r=193: sieved by 53
  r=197: sieved by 919
  r=199: running Miller-Rabin k=5 on ...230959
  is_probable_prime took 1086.790738s -> composite
  r=209: sieved by 23
---------------------------------------------------------------------------
 [wheel step     14] covering    2940 integers
 | candidates sieved:    554 per wheel:  39.57
 | candidates tested:    118 per wheel:   8.43
 | avg test: 554.055s
 | total test: 65378.5s
 | wall time: 65379.6s
  r=1: sieved by 13
  r=11: sieved by 79379
  r=13: running Miller-Rabin k=5 on ...230983
  is_probable_prime took 720.632937s -> composite
  r=17: sieved by 79
  r=19: sieved by 748379
  r=23: running Miller-Rabin k=5 on ...230993
  is_probable_prime took 453.922461s -> composite
  r=29: running Miller-Rabin k=5 on ...230999
  is_probable_prime took 453.959173s -> composite
  r=31: sieved by 97
  r=37: sieved by 11
  r=41: running Miller-Rabin k=5 on ...231011
  is_probable_prime took 510.223378s -> composite
  r=43: sieved by 73
  r=47: sieved by 19
  r=53: sieved by 13
  r=59: sieved by 11
  r=61: running Miller-Rabin k=5 on ...231031
  is_probable_prime took 442.827648s -> composite
  r=67: sieved by 6271
  r=71: sieved by 307091
  r=73: running Miller-Rabin k=5 on ...231043
  is_probable_prime took 440.075251s -> composite
  r=79: sieved by 13
  r=83: sieved by 17
  r=89: sieved by 53
  r=97: running Miller-Rabin k=5 on ...231067
  is_probable_prime took 432.677480s -> composite
  r=101: sieved by 827
  r=103: sieved by 11
  r=107: sieved by 2281
  r=109: running Miller-Rabin k=5 on ...231079
  is_probable_prime took 435.325028s -> composite
  r=113: running Miller-Rabin k=5 on ...231083
  is_probable_prime took 437.515962s -> composite
  r=121: running Miller-Rabin k=5 on ...231091
  is_probable_prime took 438.062020s -> composite
  r=127: running Miller-Rabin k=5 on ...231097
  is_probable_prime took 439.248124s -> composite
  r=131: sieved by 13
  r=137: sieved by 23
  r=139: sieved by 31
  r=143: sieved by 29
  r=149: sieved by 345773
  r=151: sieved by 17
  r=157: sieved by 13
  r=163: running Miller-Rabin k=5 on ...231133
  is_probable_prime took 440.740692s -> composite
  r=167: sieved by 61
  r=169: sieved by 11
  r=173: running Miller-Rabin k=5 on ...231143
  is_probable_prime took 439.513294s -> composite
  r=179: sieved by 67
  r=181: running Miller-Rabin k=5 on ...231151
  is_probable_prime took 440.622987s -> composite
  r=187: sieved by 1151
  r=191: sieved by 11
  r=193: sieved by 137
  r=197: sieved by 47
  r=199: sieved by 19
  r=209: sieved by 13
---------------------------------------------------------------------------
 [wheel step     15] covering    3150 integers
 | candidates sieved:    588 per wheel:  39.20
 | candidates tested:    132 per wheel:   8.80
 | avg test: 544.726s
 | total test: 71903.9s
 | wall time: 71905.2s
  r=1: sieved by 509
  r=11: sieved by 139
  r=13: running Miller-Rabin k=5 on ...231193
  is_probable_prime took 444.827833s -> composite
  r=17: sieved by 3191
  r=19: sieved by 23
  r=23: sieved by 251
  r=29: sieved by 347
  r=31: sieved by 41
  r=37: running Miller-Rabin k=5 on ...231217
  is_probable_prime took 439.075623s -> composite
  r=41: sieved by 3203
  r=43: sieved by 17
  r=47: sieved by 11
  r=53: sieved by 31
  r=59: sieved by 151
  r=61: running Miller-Rabin k=5 on ...231241
  is_probable_prime took 444.548797s -> composite
  r=67: sieved by 1201
  r=71: sieved by 170263
  r=73: sieved by 181
  r=79: sieved by 61
  r=83: sieved by 59
  r=89: sieved by 109
  r=97: sieved by 633467
  r=101: running Miller-Rabin k=5 on ...231281
  is_probable_prime took 447.948300s -> composite
  r=103: sieved by 13
  r=107: sieved by 29
  r=109: sieved by 164191
  r=113: sieved by 11
  r=121: running Miller-Rabin k=5 on ...231301
  is_probable_prime took 447.220907s -> composite
  r=127: sieved by 31039
  r=131: sieved by 211
  r=137: sieved by 3701
  r=139: running Miller-Rabin k=5 on ...231319
  is_probable_prime took 540.071866s -> composite
  r=143: running Miller-Rabin k=5 on ...231323
  is_probable_prime took 601.163415s -> composite
  r=149: sieved by 1663
  r=151: running Miller-Rabin k=5 on ...231331
  is_probable_prime took 444.362142s -> composite
  r=157: sieved by 11
  r=163: sieved by 101
  r=167: sieved by 127
  r=169: sieved by 83
  r=173: sieved by 281
  r=179: sieved by 11
  r=181: sieved by 13
  r=187: running Miller-Rabin k=5 on ...231367
  is_probable_prime took 481.823826s -> composite
  r=191: sieved by 1297
  r=193: sieved by 43
  r=197: sieved by 53
  r=199: sieved by 1789
  r=209: sieved by 97
---------------------------------------------------------------------------
 [wheel step     16] covering    3360 integers
 | candidates sieved:    627 per wheel:  39.19
 | candidates tested:    141 per wheel:   8.81
 | avg test: 540.389s
 | total test: 76194.9s
 | wall time: 76196.3s
  r=1: sieved by 6599
  r=11: running Miller-Rabin k=5 on ...231401
  is_probable_prime took 499.331623s -> composite
  r=13: sieved by 11
  r=17: running Miller-Rabin k=5 on ...231407
  is_probable_prime took 509.557582s -> composite
  r=19: sieved by 37
  r=23: sieved by 13
  r=29: sieved by 31
  r=31: sieved by 2749
  r=37: sieved by 17
  r=41: sieved by 1861
  r=43: sieved by 107
  r=47: sieved by 137
  r=53: sieved by 487
  r=59: sieved by 47
  r=61: sieved by 71
  r=67: sieved by 41
  r=71: sieved by 17
  r=73: sieved by 103
  r=79: sieved by 11
  r=83: sieved by 19
  r=89: sieved by 90403
  r=97: sieved by 109
  r=101: sieved by 11
  r=103: sieved by 1063
  r=107: sieved by 35023
  r=109: sieved by 59
  r=113: sieved by 61
  r=121: sieved by 19
  r=127: sieved by 13
  r=131: sieved by 23
  r=137: sieved by 131
  r=139: sieved by 17
  r=143: sieved by 349
  r=149: sieved by 41
  r=151: sieved by 151
  r=157: sieved by 92347
  r=163: running Miller-Rabin k=5 on ...231553
  is_probable_prime took 515.074425s -> composite
  r=167: sieved by 11
  r=169: running Miller-Rabin k=5 on ...231559
  is_probable_prime took 503.625086s -> composite
  r=173: sieved by 17
  r=179: sieved by 13
  r=181: running Miller-Rabin k=5 on ...231571
  is_probable_prime took 479.470196s -> composite
  r=187: sieved by 29
  r=191: running Miller-Rabin k=5 on ...231581
  is_probable_prime took 614.697989s -> composite
  r=193: sieved by 97
  r=197: sieved by 19
  r=199: sieved by 53
  r=209: running Miller-Rabin k=5 on ...231599
  is_probable_prime took 574.113453s -> composite
---------------------------------------------------------------------------
 [wheel step     17] covering    3570 integers
 | candidates sieved:    668 per wheel:  39.29
 | candidates tested:    148 per wheel:   8.71
 | avg test: 539.803s
 | total test: 79890.8s
 | wall time: 79892.2s
  r=1: sieved by 11
  r=11: running Miller-Rabin k=5 on ...231611
  is_probable_prime took 445.957492s -> composite
  r=13: sieved by 23
  r=17: sieved by 59
  r=19: sieved by 79
  r=23: sieved by 11
  r=29: sieved by 1279
  r=31: sieved by 17
  r=37: sieved by 47
  r=41: sieved by 2609
  r=43: sieved by 2273
  r=47: sieved by 13
  r=53: sieved by 241
  r=59: sieved by 23
  r=61: sieved by 1621
  r=67: sieved by 11
  r=71: running Miller-Rabin k=5 on ...231671
  is_probable_prime took 453.132816s -> composite
  r=73: sieved by 13
  r=79: sieved by 877
  r=83: sieved by 1873
  r=89: sieved by 11
  r=97: sieved by 167
  r=101: sieved by 19
  r=103: sieved by 41
  r=107: running Miller-Rabin k=5 on ...231707
  is_probable_prime took 447.652563s -> composite
  r=109: sieved by 276257
  r=113: sieved by 20143
  r=121: sieved by 421
  r=127: sieved by 324211
  r=131: sieved by 47
  r=137: sieved by 677
  r=139: sieved by 19
  r=143: sieved by 73
  r=149: sieved by 331
  r=151: sieved by 13
  r=157: sieved by 383
  r=163: running Miller-Rabin k=5 on ...231763
  is_probable_prime took 1129.483923s -> composite
  r=167: sieved by 17
  r=169: sieved by 1021
  r=173: running Miller-Rabin k=5 on ...231773
  is_probable_prime took 3700.913548s -> composite
  r=179: sieved by 37
  r=181: sieved by 6011
  r=187: sieved by 663409
  r=191: sieved by 31
  r=193: running Miller-Rabin k=5 on ...231793
  is_probable_prime took 438.097683s -> composite
  r=197: sieved by 23
  r=199: sieved by 11
  r=209: sieved by 29
---------------------------------------------------------------------------
 [wheel step     18] covering    3780 integers
 | candidates sieved:    710 per wheel:  39.44
 | candidates tested:    154 per wheel:   8.56
 | avg test: 561.727s
 | total test: 86506.0s
 | wall time: 86507.6s
  r=1: sieved by 2999
  r=11: sieved by 11
  r=13: running Miller-Rabin k=5 on ...231823
  is_probable_prime took 454.193888s -> composite
  r=17: sieved by 32633
  r=19: sieved by 13
  r=23: sieved by 9337
  r=29: sieved by 9221
  r=31: sieved by 5231
  r=37: sieved by 83
  r=41: sieved by 173
  r=43: sieved by 19
  r=47: sieved by 593
  r=53: running Miller-Rabin k=5 on ...231863
  is_probable_prime took 437.034966s -> composite
  r=59: sieved by 17
  r=61: running Miller-Rabin k=5 on ...231871
  is_probable_prime took 543.947651s -> composite
  r=67: sieved by 71
  r=71: sieved by 13
  r=73: sieved by 398029
  r=79: sieved by 23
  r=83: running Miller-Rabin k=5 on ...231893
  is_probable_prime took 432.261207s -> composite
  r=89: sieved by 91237
  r=97: sieved by 13
  r=101: sieved by 431
  r=103: running Miller-Rabin k=5 on ...231913
  is_probable_prime took 440.936724s -> composite
  r=107: running Miller-Rabin k=5 on ...231917
  is_probable_prime took 442.997372s -> composite
  r=109: sieved by 47
  r=113: sieved by 109
  r=121: sieved by 11
  r=127: sieved by 17
  r=131: sieved by 353
  r=137: running Miller-Rabin k=5 on ...231947
  is_probable_prime took 985.275901s -> composite
  r=139: sieved by 41
  r=143: sieved by 11
  r=149: sieved by 13
  r=151: sieved by 84199
  r=157: sieved by 19
  r=163: running Miller-Rabin k=5 on ...231973
  is_probable_prime took 1288.066008s -> composite
  r=167: sieved by 31
  r=169: sieved by 14143
  r=173: sieved by 29
  r=179: sieved by 3719
  r=181: sieved by 61
  r=187: sieved by 11
  r=191: sieved by 37
  r=193: sieved by 397
  r=197: running Miller-Rabin k=5 on ...232007
  is_probable_prime took 516.101640s -> composite
  r=199: running Miller-Rabin k=5 on ...232009
  is_probable_prime took 700.667185s -> composite
  r=209: sieved by 11
---------------------------------------------------------------------------
 [wheel step     19] covering    3990 integers
 | candidates sieved:    748 per wheel:  39.37
 | candidates tested:    164 per wheel:   8.63
 | avg test: 565.534s
 | total test: 92747.5s
 | wall time: 92749.2s
  r=1: sieved by 193
  r=11: sieved by 41
  r=13: sieved by 311
  r=17: sieved by 13
  r=19: sieved by 17
  r=23: sieved by 19
  r=29: sieved by 54799
  r=31: sieved by 131
  r=37: sieved by 719
  r=41: sieved by 43
  r=43: sieved by 11
  r=47: running Miller-Rabin k=5 on ...232067
  is_probable_prime took 865.585538s -> composite
  r=53: sieved by 17
  r=59: sieved by 1301
  r=61: sieved by 19
  r=67: sieved by 67
  r=71: sieved by 223
  r=73: sieved by 79
  r=79: sieved by 29
  r=83: sieved by 1567
  r=89: sieved by 127
  r=97: running Miller-Rabin k=5 on ...232117
  is_probable_prime took 511.445141s -> composite
  r=101: running Miller-Rabin k=5 on ...232121
  is_probable_prime took 494.196000s -> composite
  r=103: sieved by 269
  r=107: running Miller-Rabin k=5 on ...232127
  is_probable_prime took 7638.371386s -> composite
  r=109: sieved by 11
  r=113: sieved by 1289
  r=121: sieved by 13
  r=127: sieved by 43
  r=131: sieved by 11
  r=137: sieved by 19
  r=139: running Miller-Rabin k=5 on ...232159
  is_probable_prime took 412.883004s -> composite
  r=143: sieved by 31
  r=149: running Miller-Rabin k=5 on ...232169
  is_probable_prime took 423.104982s -> composite
  r=151: sieved by 3253
  r=157: running Miller-Rabin k=5 on ...232177
  is_probable_prime took 428.112138s -> composite
  r=163: sieved by 7253
  r=167: sieved by 174991
  r=169: sieved by 149
  r=173: sieved by 13
  r=179: sieved by 509
  r=181: sieved by 47
  r=187: sieved by 59
  r=191: sieved by 23
  r=193: sieved by 673
  r=197: sieved by 11
  r=199: sieved by 13
  r=209: sieved by 12097
---------------------------------------------------------------------------
 [wheel step     20] covering    4200 integers
 | candidates sieved:    789 per wheel:  39.45
 | candidates tested:    171 per wheel:   8.55
 | avg test: 605.387s
 | total test: 103521.2s
 | wall time: 103523.0s
  r=1: sieved by 349
  r=11: sieved by 21929
  r=13: sieved by 17
  r=17: running Miller-Rabin k=5 on ...232247
  is_probable_prime took 431.327567s -> composite
  r=19: running Miller-Rabin k=5 on ...232249
  is_probable_prime took 435.373712s -> composite
  r=23: sieved by 123983
  r=29: sieved by 137
  r=31: sieved by 11
  r=37: sieved by 27751
  r=41: sieved by 13
  r=43: sieved by 29
  r=47: sieved by 17
  r=53: sieved by 11
  r=59: sieved by 107
  r=61: sieved by 307
  r=67: sieved by 13
  r=71: sieved by 131489
  r=73: sieved by 23
  r=79: sieved by 19
  r=83: sieved by 131
  r=89: sieved by 43
  r=97: sieved by 11
  r=101: sieved by 29
  r=103: running Miller-Rabin k=5 on ...232333
  is_probable_prime took 434.466383s -> composite
  r=107: running Miller-Rabin k=5 on ...232337
  is_probable_prime took 436.881905s -> composite
  r=109: sieved by 181
  r=113: sieved by 10007
  r=121: running Miller-Rabin k=5 on ...232351
  is_probable_prime took 437.148162s -> composite
  r=127: sieved by 61
  r=131: sieved by 19739
  r=137: sieved by 683
  r=139: sieved by 31699
  r=143: sieved by 4079
  r=149: sieved by 17
  r=151: sieved by 5749
  r=157: sieved by 105751
  r=163: sieved by 11
  r=167: sieved by 139703
  r=169: running Miller-Rabin k=5 on ...232399
  is_probable_prime took 444.666046s -> composite
  r=173: sieved by 419
  r=179: sieved by 79
  r=181: sieved by 31
  r=187: sieved by 487
  r=191: sieved by 23833
  r=193: sieved by 19
  r=197: sieved by 13
  r=199: sieved by 2053
  r=209: sieved by 431759
---------------------------------------------------------------------------
 [wheel step     21] covering    4410 integers
 | candidates sieved:    831 per wheel:  39.57
 | candidates tested:    177 per wheel:   8.43
 | avg test: 599.667s
 | total test: 106141.1s
 | wall time: 106142.9s
  r=1: sieved by 23
  r=11: sieved by 379
  r=13: sieved by 13
  r=17: sieved by 1039
  r=19: sieved by 11
  r=23: sieved by 1013
  r=29: sieved by 3919
  r=31: running Miller-Rabin k=5 on ...232471
  is_probable_prime took 439.525481s -> composite
  r=37: sieved by 281
  r=41: sieved by 11
  r=43: sieved by 47
  r=47: sieved by 23
  r=53: sieved by 103
  r=59: sieved by 19
  r=61: running Miller-Rabin k=5 on ...232501
  is_probable_prime took 438.896665s -> composite
  r=67: running Miller-Rabin k=5 on ...232507
  is_probable_prime took 439.971070s -> composite
  r=71: sieved by 83
  r=73: running Miller-Rabin k=5 on ...232513
  is_probable_prime took 438.844076s -> composite
  r=79: sieved by 37
  r=83: sieved by 41
  r=89: sieved by 647
  r=97: sieved by 19
  r=101: running Miller-Rabin k=5 on ...232541
  is_probable_prime took 439.294642s -> composite
  r=103: sieved by 53
  r=107: sieved by 11
  r=109: sieved by 17
  r=113: sieved by 97
  r=121: sieved by 59
  r=127: sieved by 79
  r=131: sieved by 1259
  r=137: sieved by 43
  r=139: sieved by 23
  r=143: sieved by 13
  r=149: sieved by 57571
  r=151: sieved by 11
  r=157: sieved by 31
  r=163: running Miller-Rabin k=5 on ...232603
  is_probable_prime took 443.084884s -> composite
  r=167: running Miller-Rabin k=5 on ...232607
  is_probable_prime took 438.935833s -> composite
  r=169: sieved by 13
  r=173: sieved by 11
  r=179: sieved by 73
  r=181: sieved by 29
  r=187: sieved by 659
  r=191: sieved by 89
  r=193: running Miller-Rabin k=5 on ...232633
  is_probable_prime took 438.016859s -> composite
  r=197: sieved by 2711
  r=199: sieved by 1061
  r=209: sieved by 53
---------------------------------------------------------------------------
 [wheel step     22] covering    4620 integers
 | candidates sieved:    871 per wheel:  39.59
 | candidates tested:    185 per wheel:   8.41
 | avg test: 592.744s
 | total test: 109657.6s
 | wall time: 109659.6s
  r=1: sieved by 17
  r=11: sieved by 13
  r=13: sieved by 43
  r=17: sieved by 37
  r=19: sieved by 3989
  r=23: running Miller-Rabin k=5 on ...232673
  is_probable_prime took 437.624667s -> composite
  r=29: sieved by 11
  r=31: running Miller-Rabin k=5 on ...232681
  is_probable_prime took 436.641398s -> composite
  r=37: sieved by 13
  r=41: sieved by 313
  r=43: running Miller-Rabin k=5 on ...232693
  is_probable_prime took 436.412272s -> composite
  r=47: sieved by 172933
  r=53: running Miller-Rabin k=5 on ...232703
  is_probable_prime took 435.660060s -> composite
  r=59: sieved by 251
  r=61: running Miller-Rabin k=5 on ...232711
  is_probable_prime took 435.275884s -> composite
  r=67: sieved by 23
  r=71: sieved by 31
  r=73: sieved by 11
  r=79: sieved by 71
  r=83: running Miller-Rabin k=5 on ...232733
  is_probable_prime took 435.629420s -> composite
  r=89: sieved by 13
  r=97: sieved by 97
  r=101: sieved by 4327
  r=103: sieved by 17
  r=107: sieved by 67
  r=109: running Miller-Rabin k=5 on ...232759
  is_probable_prime took 436.260136s -> composite
  r=113: sieved by 23
  r=121: running Miller-Rabin k=5 on ...232771
  is_probable_prime took 436.999705s -> composite
  r=127: sieved by 8053
  r=131: running Miller-Rabin k=5 on ...232781
  is_probable_prime took 437.597291s -> composite
  r=137: sieved by 17
  r=139: sieved by 11
  r=143: sieved by 193
  r=149: sieved by 4127
  r=151: sieved by 12289
  r=157: sieved by 137
  r=163: running Miller-Rabin k=5 on ...232813
  is_probable_prime took 437.612606s -> composite
  r=167: sieved by 13
  r=169: sieved by 44507
  r=173: sieved by 9497
  r=179: sieved by 213023
  r=181: sieved by 113
  r=187: sieved by 131
  r=191: sieved by 19
  r=193: sieved by 13
  r=197: sieved by 632857
  r=199: sieved by 157
  r=209: sieved by 47
---------------------------------------------------------------------------
 [wheel step     23] covering    4830 integers
 | candidates sieved:    909 per wheel:  39.52
 | candidates tested:    195 per wheel:   8.48
 | avg test: 584.735s
 | total test: 114023.3s
 | wall time: 114025.4s
  r=1: sieved by 53
  r=11: sieved by 71
  r=13: sieved by 293
  r=17: sieved by 11
  r=19: sieved by 19
  r=23: sieved by 79
  r=29: sieved by 17
  r=31: sieved by 67
  r=37: running Miller-Rabin k=5 on ...232897
  is_probable_prime took 438.151998s -> composite
  r=41: sieved by 23
  r=43: running Miller-Rabin k=5 on ...232903
  is_probable_prime took 437.828502s -> composite
  r=47: sieved by 31
  r=53: sieved by 499
  r=59: sieved by 876851
  r=61: sieved by 11
  r=67: sieved by 613
  r=71: sieved by 107
  r=73: sieved by 41
  r=79: running Miller-Rabin k=5 on ...232939
  is_probable_prime took 437.270093s -> composite
  r=83: sieved by 11
  r=89: running Miller-Rabin k=5 on ...232949
  is_probable_prime took 439.784296s -> composite
  r=97: sieved by 17
  r=101: running Miller-Rabin k=5 on ...232961
  is_probable_prime took 437.939601s -> composite
  r=103: sieved by 37
  r=107: sieved by 53
  r=109: sieved by 29
  r=113: sieved by 13
  r=121: running Miller-Rabin k=5 on ...232981
  is_probable_prime took 437.731827s -> composite
  r=127: sieved by 11
  r=131: sieved by 17
  r=137: sieved by 197381
  r=139: sieved by 13
  r=143: sieved by 1499
  r=149: sieved by 11
  r=151: running Miller-Rabin k=5 on ...233011
  is_probable_prime took 1377.288111s -> composite
  r=157: sieved by 825131
  r=163: running Miller-Rabin k=5 on ...233023
  is_probable_prime took 843.376963s -> composite
  r=167: sieved by 29
  r=169: running Miller-Rabin k=5 on ...233029
  is_probable_prime took 790.838574s -> composite
  r=173: sieved by 59
  r=179: sieved by 23
  r=181: sieved by 79
  r=187: sieved by 47
  r=191: sieved by 13
  r=193: sieved by 11
  r=197: sieved by 73
  r=199: sieved by 17
  r=209: sieved by 19
---------------------------------------------------------------------------
 [wheel step     24] covering    5040 integers
 | candidates sieved:    948 per wheel:  39.50
 | candidates tested:    204 per wheel:   8.50
 | avg test: 586.586s
 | total test: 119663.6s
 | wall time: 119665.7s
  r=1: sieved by 283
  r=11: sieved by 137
  r=13: sieved by 149
  r=17: sieved by 5119
  r=19: sieved by 61
  r=23: sieved by 17
  r=29: sieved by 131
  r=31: sieved by 24919
  r=37: sieved by 19
  r=41: sieved by 37
  r=43: sieved by 9803
  r=47: sieved by 163
  r=53: running Miller-Rabin k=5 on ...233123
  is_probable_prime took 763.775441s -> composite
  r=59: sieved by 13
  r=61: sieved by 23
  r=67: sieved by 139
  r=71: sieved by 11
  r=73: sieved by 29
  r=79: sieved by 239
  r=83: running Miller-Rabin k=5 on ...233153
  is_probable_prime took 781.080235s -> composite
  r=89: sieved by 67
  r=97: sieved by 2437
  r=101: sieved by 469363
  r=103: running Miller-Rabin k=5 on ...233173
  is_probable_prime took 740.618040s -> composite
  r=107: sieved by 23
  r=109: sieved by 41
  r=113: sieved by 19
  r=121: running Miller-Rabin k=5 on ...233191
  is_probable_prime took 604.032451s -> composite
  r=127: sieved by 81283
  r=131: sieved by 29
  r=137: sieved by 11
  r=139: sieved by 379
  r=143: sieved by 463
  r=149: sieved by 1181
  r=151: sieved by 19
  r=157: sieved by 13159
  r=163: sieved by 13
  r=167: sieved by 769
  r=169: sieved by 1171
  r=173: running Miller-Rabin k=5 on ...233243
  is_probable_prime took 1674.640634s -> composite
  r=179: running Miller-Rabin k=5 on ...233249
  is_probable_prime took 760.581543s -> composite
  r=181: sieved by 11
  r=187: sieved by 4003
  r=191: sieved by 41
  r=193: sieved by 17
  r=197: running Miller-Rabin k=5 on ...233267
  is_probable_prime took 755.183458s -> composite
  r=199: sieved by 23
  r=209: sieved by 31
---------------------------------------------------------------------------
 [wheel step     25] covering    5250 integers
 | candidates sieved:    989 per wheel:  39.56
 | candidates tested:    211 per wheel:   8.44
 | avg test: 595.941s
 | total test: 125743.5s
 | wall time: 125745.8s
  r=1: running Miller-Rabin k=5 on ...233281
  is_probable_prime took 794.785868s -> composite
  r=11: sieved by 347
  r=13: sieved by 67
  r=17: sieved by 17
  r=19: running Miller-Rabin k=5 on ...233299
  is_probable_prime took 778.376500s -> composite
  r=23: sieved by 8311
  r=29: sieved by 821
  r=31: sieved by 13
  r=37: sieved by 11
  r=41: running Miller-Rabin k=5 on ...233321
  is_probable_prime took 727.954315s -> composite
  r=43: running Miller-Rabin k=5 on ...233323
  is_probable_prime took 730.763108s -> composite
  r=47: sieved by 10037
  r=53: sieved by 37
  r=59: sieved by 11
  r=61: sieved by 31
  r=67: running Miller-Rabin k=5 on ...233347
  is_probable_prime took 769.534951s -> composite
  r=71: sieved by 43
  r=73: sieved by 151
  r=79: sieved by 107
  r=83: sieved by 13
  r=89: running Miller-Rabin k=5 on ...233369
  is_probable_prime took 799.337557s -> composite
  r=97: sieved by 2341
  r=101: sieved by 149
  r=103: sieved by 11
  r=107: sieved by 59
  r=109: sieved by 13
  r=113: sieved by 1493
  r=121: running Miller-Rabin k=5 on ...233401
  is_probable_prime took 771.574857s -> composite
  r=127: sieved by 23
  r=131: sieved by 19
  r=137: running Miller-Rabin k=5 on ...233417
  is_probable_prime took 765.499765s -> composite
  r=139: sieved by 2129
  r=143: sieved by 47
  r=149: sieved by 223
  r=151: running Miller-Rabin k=5 on ...233431
  is_probable_prime took 759.336436s -> composite
  r=157: sieved by 43
  r=163: sieved by 163
  r=167: running Miller-Rabin k=5 on ...233447
  is_probable_prime took 746.087667s -> composite
  r=169: sieved by 11
  r=173: sieved by 23
  r=179: sieved by 293
  r=181: running Miller-Rabin k=5 on ...233461
  is_probable_prime took 726.720917s -> composite
  r=187: sieved by 13
  r=191: sieved by 11
  r=193: sieved by 373
  r=197: sieved by 157
  r=199: sieved by 7933
  r=209: sieved by 175003
---------------------------------------------------------------------------
 [wheel step     26] covering    5460 integers
 | candidates sieved:   1026 per wheel:  39.46
 | candidates tested:    222 per wheel:   8.54
 | avg test: 604.115s
 | total test: 134113.4s
 | wall time: 134115.9s
  r=1: sieved by 29
  r=11: sieved by 17
  r=13: sieved by 89659
  r=17: sieved by 41
  r=19: sieved by 113
  r=23: sieved by 2153
  r=29: sieved by 13
  r=31: sieved by 89
  r=37: sieved by 31
  r=41: running Miller-Rabin k=5 on ...233531
  is_probable_prime took 1141.666253s -> composite
  r=43: running Miller-Rabin k=5 on ...233533
  is_probable_prime took 765.381607s -> composite
  r=47: sieved by 11
  r=53: running Miller-Rabin k=5 on ...233543
  is_probable_prime took 764.991831s -> composite
  r=59: sieved by 29
  r=61: running Miller-Rabin k=5 on ...233551
  is_probable_prime took 787.850298s -> composite
  r=67: sieved by 199
  r=71: sieved by 67
  r=73: sieved by 19
  r=79: sieved by 17
  r=83: sieved by 107
  r=89: running Miller-Rabin k=5 on ...233579
  is_probable_prime took 783.418620s -> composite
  r=97: running Miller-Rabin k=5 on ...233587
  is_probable_prime took 742.613805s -> composite
  r=101: sieved by 23
  r=103: sieved by 179
  r=107: sieved by 13
  r=109: running Miller-Rabin k=5 on ...233599
  is_probable_prime took 533.450873s -> composite
  r=113: sieved by 11
  r=121: sieved by 47
  r=127: running Miller-Rabin k=5 on ...233617
  is_probable_prime took 422.003757s -> composite
  r=131: running Miller-Rabin k=5 on ...233621
  is_probable_prime took 427.824365s -> composite
  r=137: sieved by 239
  r=139: sieved by 37
  r=143: sieved by 127
  r=149: sieved by 19
  r=151: sieved by 73
  r=157: sieved by 11
  r=163: running Miller-Rabin k=5 on ...233653
  is_probable_prime took 431.183794s -> composite
  r=167: sieved by 102871
  r=169: sieved by 206641
  r=173: sieved by 661
  r=179: sieved by 11
  r=181: sieved by 17
  r=187: sieved by 19
  r=191: sieved by 67601
  r=193: sieved by 23
  r=197: running Miller-Rabin k=5 on ...233687
  is_probable_prime took 435.126030s -> composite
  r=199: sieved by 2659
  r=209: sieved by 61
---------------------------------------------------------------------------
 [wheel step     27] covering    5670 integers
 | candidates sieved:   1063 per wheel:  39.37
 | candidates tested:    233 per wheel:   8.63
 | avg test: 606.648s
 | total test: 141349.0s
 | wall time: 141351.6s
  r=1: sieved by 13
  r=11: sieved by 1459
  r=13: sieved by 11
  r=17: sieved by 97
  r=19: sieved by 61099
  r=23: sieved by 29
  r=29: sieved by 23
  r=31: sieved by 823
  r=37: sieved by 269
  r=41: sieved by 59
  r=43: sieved by 3539
  r=47: sieved by 439
  r=53: sieved by 13
  r=59: running Miller-Rabin k=5 on ...233759
  is_probable_prime took 433.092166s -> composite
  r=61: running Miller-Rabin k=5 on ...233761
  is_probable_prime took 433.584079s -> composite
  r=67: sieved by 101
  r=71: sieved by 464483
  r=73: sieved by 17
  r=79: sieved by 11
  r=83: running Miller-Rabin k=5 on ...233783
  is_probable_prime took 438.259778s -> composite
  r=89: sieved by 971
  r=97: running Miller-Rabin k=5 on ...233797
  is_probable_prime took 9809.190890s -> composite
  r=101: sieved by 11
  r=103: sieved by 941
  r=107: sieved by 17
  r=109: sieved by 35969
  r=113: running Miller-Rabin k=5 on ...233813
  is_probable_prime took 10603.390040s -> composite
  r=121: sieved by 23
  r=127: running Miller-Rabin k=5 on ...233827
  is_probable_prime took 425.815923s -> composite
  r=131: sieved by 13
  r=137: sieved by 31
  r=139: sieved by 29
  r=143: sieved by 211
  r=149: running Miller-Rabin k=5 on ...233849
  is_probable_prime took 441.068652s -> composite
  r=151: sieved by 37
  r=157: sieved by 13
  r=163: running Miller-Rabin k=5 on ...233863
  is_probable_prime took 441.149177s -> composite
  r=167: sieved by 11
  r=169: running Miller-Rabin k=5 on ...233869
  is_probable_prime took 1206.908195s -> composite
  r=173: running Miller-Rabin k=5 on ...233873
  is_probable_prime took 874.605892s -> composite
  r=179: running Miller-Rabin k=5 on ...233879
  is_probable_prime took 528.881948s -> composite
  r=181: sieved by 6473
  r=187: sieved by 127
  r=191: sieved by 121993
  r=193: sieved by 47
  r=197: sieved by 29
  r=199: sieved by 31
  r=209: sieved by 13
---------------------------------------------------------------------------
 [wheel step     28] covering    5880 integers
 | candidates sieved:   1100 per wheel:  39.29
 | candidates tested:    244 per wheel:   8.71
 | avg test: 684.364s
 | total test: 166984.9s
 | wall time: 166987.6s
  r=1: sieved by 11
  r=11: sieved by 53
  r=13: running Miller-Rabin k=5 on ...233923
  is_probable_prime took 498.049286s -> composite
  r=17: sieved by 173
  r=19: running Miller-Rabin k=5 on ...233929
  is_probable_prime took 436.303000s -> composite
  r=23: sieved by 11
  r=29: sieved by 1429
  r=31: sieved by 17137
  r=37: sieved by 271
  r=41: sieved by 179
  r=43: sieved by 43
  r=47: sieved by 151
  r=53: sieved by 67
  r=59: sieved by 101
  r=61: sieved by 139
  r=67: sieved by 11
  r=71: sieved by 19
  r=73: sieved by 37123
  r=79: sieved by 79
  r=83: running Miller-Rabin k=5 on ...233993
  is_probable_prime took 441.150198s -> composite
  r=89: sieved by 11
  r=97: sieved by 71
  r=101: sieved by 17
  r=103: sieved by 13
  r=107: sieved by 227
  r=109: sieved by 19
  r=113: sieved by 31
  r=121: sieved by 30509
  r=127: running Miller-Rabin k=5 on ...234037
  is_probable_prime took 441.468657s -> composite
  r=131: sieved by 15013
  r=137: running Miller-Rabin k=5 on ...234047
  is_probable_prime took 433.051204s -> composite
  r=139: running Miller-Rabin k=5 on ...234049
  is_probable_prime took 457.268019s -> composite
  r=143: sieved by 4987
  r=149: sieved by 353
  r=151: running Miller-Rabin k=5 on ...234061
  is_probable_prime took 2388.822244s -> composite
  r=157: sieved by 2593
  r=163: sieved by 37
  r=167: running Miller-Rabin k=5 on ...234077
  is_probable_prime took 617.248586s -> composite
  r=169: sieved by 17
  r=173: sieved by 3557
  r=179: running Miller-Rabin k=5 on ...234089
  is_probable_prime took 1510.556789s -> composite
  r=181: sieved by 13
  r=187: sieved by 23
  r=191: sieved by 189491
  r=193: sieved by 109
  r=197: sieved by 197
  r=199: sieved by 11
  r=209: sieved by 479
---------------------------------------------------------------------------
 [wheel step     29] covering    6090 integers
 | candidates sieved:   1139 per wheel:  39.28
 | candidates tested:    253 per wheel:   8.72
 | avg test: 688.572s
 | total test: 174208.8s
 | wall time: 174211.6s
  r=1: sieved by 191
  r=11: sieved by 11
  r=13: sieved by 19
  r=17: sieved by 82009
  r=19: sieved by 257
  r=23: sieved by 13
  r=29: sieved by 71
  r=31: sieved by 44087
  r=37: sieved by 2089
  r=41: sieved by 607
  r=43: sieved by 41
  r=47: sieved by 27953
  r=53: running Miller-Rabin k=5 on ...234173
  is_probable_prime took 536.968153s -> composite
  r=59: sieved by 953
  r=61: sieved by 17
  r=67: sieved by 29
  r=71: running Miller-Rabin k=5 on ...234191
  is_probable_prime took 1446.757683s -> composite
  r=73: sieved by 9349
  r=79: running Miller-Rabin k=5 on ...234199
  is_probable_prime took 859.846813s -> composite
  r=83: sieved by 283
  r=89: sieved by 19
  r=97: sieved by 3823
  r=101: sieved by 13
  r=103: sieved by 229
  r=107: running Miller-Rabin k=5 on ...234227
  is_probable_prime took 646.185315s -> composite
  r=109: sieved by 593
  r=113: sieved by 89
  r=121: sieved by 11
  r=127: sieved by 13
  r=131: running Miller-Rabin k=5 on ...234251
  is_probable_prime took 419.981861s -> composite
  r=137: sieved by 1109
  r=139: sieved by 151
  r=143: sieved by 11
  r=149: sieved by 47
  r=151: sieved by 31
  r=157: running Miller-Rabin k=5 on ...234277
  is_probable_prime took 427.028937s -> composite
  r=163: sieved by 17
  r=167: sieved by 18229
  r=169: sieved by 7349
  r=173: running Miller-Rabin k=5 on ...234293
  is_probable_prime took 432.887513s -> composite
  r=179: sieved by 13
  r=181: sieved by 1321
  r=187: sieved by 11
  r=191: sieved by 2833
  r=193: sieved by 587
  r=197: sieved by 17
  r=199: sieved by 243011
  r=209: sieved by 11
---------------------------------------------------------------------------
 [wheel step     30] covering    6300 integers
 | candidates sieved:   1180 per wheel:  39.33
 | candidates tested:    260 per wheel:   8.67
 | avg test: 688.379s
 | total test: 178978.5s
 | wall time: 178981.4s
  r=1: sieved by 59
  r=11: sieved by 367
  r=13: sieved by 523
  r=17: sieved by 103
  r=19: sieved by 1291
  r=23: sieved by 199
  r=29: sieved by 110251
  r=31: sieved by 19
  r=37: running Miller-Rabin k=5 on ...234367
  is_probable_prime took 2320.391330s -> composite
  r=41: sieved by 73
  r=43: sieved by 11
  r=47: sieved by 13
  r=53: sieved by 43
  r=59: sieved by 61343
  r=61: sieved by 991
  r=67: sieved by 331
  r=71: running Miller-Rabin k=5 on ...234401
  is_probable_prime took 851.337876s -> composite
  r=73: sieved by 13
  r=79: sieved by 41
  r=83: sieved by 113
  r=89: sieved by 17
  r=97: sieved by 2137
  r=101: sieved by 61
  r=103: sieved by 71
  r=107: sieved by 19
  r=109: sieved by 11
  r=113: sieved by 37
  r=121: sieved by 53
  r=127: sieved by 31
  r=131: sieved by 11
  r=137: running Miller-Rabin k=5 on ...234467
  is_probable_prime took 431.595092s -> composite
  r=139: sieved by 43
  r=143: sieved by 2003
  r=149: sieved by 14851
  r=151: sieved by 13
  r=157: sieved by 17
  r=163: sieved by 97
  r=167: sieved by 431
  r=169: sieved by 67
  r=173: sieved by 83
  r=179: sieved by 1381
  r=181: sieved by 23
  r=187: sieved by 37
  r=191: sieved by 17
  r=193: sieved by 383419
  r=197: sieved by 11
  r=199: running Miller-Rabin k=5 on ...234529
  is_probable_prime took 918.727820s -> composite
  r=209: sieved by 109
---------------------------------------------------------------------------
 [wheel step     31] covering    6510 integers
 | candidates sieved:   1224 per wheel:  39.48
 | candidates tested:    264 per wheel:   8.52
 | avg test: 695.078s
 | total test: 183500.5s
 | wall time: 183503.5s
  r=1: running Miller-Rabin k=5 on ...234541
  is_probable_prime took 435.262924s -> composite
  r=11: sieved by 19
  r=13: sieved by 61
  r=17: sieved by 23
  r=19: sieved by 13
  r=23: sieved by 4139
  r=29: sieved by 313
  r=31: sieved by 11
  r=37: running Miller-Rabin k=5 on ...234577
  is_probable_prime took 444.065029s -> composite
  r=41: sieved by 31
  r=43: sieved by 239
  r=47: sieved by 36313
  r=53: sieved by 11
  r=59: running Miller-Rabin k=5 on ...234599
  is_probable_prime took 434.782437s -> composite
  r=61: running Miller-Rabin k=5 on ...234601
  is_probable_prime took 433.821196s -> composite
  r=67: sieved by 6421
  r=71: sieved by 13
  r=73: running Miller-Rabin k=5 on ...234613
  is_probable_prime took 435.739260s -> composite
  r=79: sieved by 173
  r=83: sieved by 17
  r=89: running Miller-Rabin k=5 on ...234629
  is_probable_prime took 435.760075s -> composite
  r=97: sieved by 11
  r=101: sieved by 43
  r=103: sieved by 31
  r=107: running Miller-Rabin k=5 on ...234647
  is_probable_prime took 440.189216s -> composite
  r=109: sieved by 23
  r=113: sieved by 257
  r=121: sieved by 761
  r=127: sieved by 179
  r=131: sieved by 131
  r=137: sieved by 82487
  r=139: sieved by 347
  r=143: sieved by 5711
  r=149: sieved by 13
  r=151: sieved by 17
  r=157: sieved by 653
  r=163: sieved by 11
  r=167: sieved by 19813
  r=169: sieved by 29
  r=173: sieved by 3407
  r=179: sieved by 409
  r=181: sieved by 39367
  r=187: sieved by 43
  r=191: running Miller-Rabin k=5 on ...234731
  is_probable_prime took 446.418611s -> composite
  r=193: sieved by 157
  r=197: sieved by 41
  r=199: sieved by 37
  r=209: sieved by 2027
---------------------------------------------------------------------------
 [wheel step     32] covering    6720 integers
 | candidates sieved:   1264 per wheel:  39.50
 | candidates tested:    272 per wheel:   8.50
 | avg test: 687.524s
 | total test: 187006.6s
 | wall time: 187009.6s
  r=1: sieved by 199
  r=11: sieved by 1061
  r=13: running Miller-Rabin k=5 on ...234763
  is_probable_prime took 437.488582s -> composite
  r=17: sieved by 13
  r=19: sieved by 11
  r=23: sieved by 643
  r=29: sieved by 19
  r=31: running Miller-Rabin k=5 on ...234781
  is_probable_prime took 437.837406s -> composite
  r=37: sieved by 23
  r=41: sieved by 11
  r=43: sieved by 13
  r=47: sieved by 61
  r=53: sieved by 59
  r=59: sieved by 73
  r=61: running Miller-Rabin k=5 on ...234811
  is_probable_prime took 435.107289s -> composite
  r=67: sieved by 19
  r=71: sieved by 383
  r=73: running Miller-Rabin k=5 on ...234823
  is_probable_prime took 433.138106s -> composite
  r=79: sieved by 31
  r=83: sieved by 23
  r=89: sieved by 233
  r=97: sieved by 617
  r=101: sieved by 577
  r=103: sieved by 1009
  r=107: sieved by 11
  r=109: sieved by 71
  r=113: sieved by 151
  r=121: sieved by 13
  r=127: running Miller-Rabin k=5 on ...234877
  is_probable_prime took 435.076021s -> composite
  r=131: sieved by 97
  r=137: sieved by 37
  r=139: sieved by 34283
  r=143: sieved by 19
  r=149: sieved by 43
  r=151: sieved by 11
  r=157: sieved by 739
  r=163: running Miller-Rabin k=5 on ...234913
  is_probable_prime took 442.691291s -> composite
  r=167: sieved by 419
  r=169: sieved by 61
  r=173: sieved by 11
  r=179: sieved by 17
  r=181: sieved by 19
  r=187: sieved by 79
  r=191: sieved by 29
  r=193: running Miller-Rabin k=5 on ...234943
  is_probable_prime took 442.676533s -> composite
  r=197: running Miller-Rabin k=5 on ...234947
  is_probable_prime took 433.040599s -> composite
  r=199: sieved by 13
  r=209: running Miller-Rabin k=5 on ...234959
  is_probable_prime took 433.951716s -> composite
---------------------------------------------------------------------------
 [wheel step     33] covering    6930 integers
 | candidates sieved:   1303 per wheel:  39.48
 | candidates tested:    281 per wheel:   8.52
 | avg test: 679.493s
 | total test: 190937.6s
 | wall time: 190940.6s
  r=1: sieved by 37
  r=11: sieved by 23
  r=13: running Miller-Rabin k=5 on ...234973
  is_probable_prime took 435.106107s -> composite
  r=17: sieved by 400247
  r=19: sieved by 101
  r=23: sieved by 41
  r=29: sieved by 11
  r=31: sieved by 1847
  r=37: sieved by 17
  r=41: sieved by 13
  r=43: sieved by 503
  r=47: sieved by 19
  r=53: running Miller-Rabin k=5 on ...235013
  is_probable_prime took 436.857647s -> composite
  r=59: sieved by 557
  r=61: sieved by 47
  r=67: sieved by 13
  r=71: sieved by 17
  r=73: sieved by 11
  r=79: sieved by 59
  r=83: sieved by 937
  r=89: running Miller-Rabin k=5 on ...235049
  is_probable_prime took 437.831062s -> composite
  r=97: sieved by 29
  r=101: sieved by 239
  r=103: sieved by 23
  r=107: sieved by 1303
  r=109: sieved by 3137
  r=113: sieved by 163
  r=121: running Miller-Rabin k=5 on ...235081
  is_probable_prime took 490.670288s -> composite
  r=127: sieved by 53
  r=131: sieved by 113
  r=137: sieved by 88919
  r=139: sieved by 11
  r=143: sieved by 491
  r=149: sieved by 23
  r=151: sieved by 1019
  r=157: sieved by 647
  r=163: sieved by 89
  r=167: sieved by 4049
  r=169: sieved by 14657
  r=173: sieved by 17
  r=179: sieved by 31
  r=181: sieved by 641
  r=187: sieved by 41
  r=191: running Miller-Rabin k=5 on ...235151
  is_probable_prime took 471.454638s -> composite
  r=193: sieved by 1861
  r=197: sieved by 13
  r=199: sieved by 19
  r=209: sieved by 67
---------------------------------------------------------------------------
 [wheel step     34] covering    7140 integers
 | candidates sieved:   1346 per wheel:  39.59
 | candidates tested:    286 per wheel:   8.41
 | avg test: 675.558s
 | total test: 193209.5s
 | wall time: 193212.6s
  r=1: sieved by 103
  r=11: sieved by 101
  r=13: sieved by 13
  r=17: sieved by 11
  r=19: running Miller-Rabin k=5 on ...235189
  is_probable_prime took 460.242466s -> composite
  r=23: sieved by 53
  r=29: running Miller-Rabin k=5 on ...235199
  is_probable_prime took 462.793611s -> composite
  r=31: sieved by 17
  r=37: running Miller-Rabin k=5 on ...235207
  is_probable_prime took 471.574885s -> composite
  r=41: sieved by 1667
  r=43: sieved by 223
  r=47: sieved by 293
  r=53: sieved by 53231
  r=59: sieved by 41
  r=61: sieved by 11
  r=67: sieved by 1427
  r=71: sieved by 3583
  r=73: sieved by 43
  r=79: sieved by 727
  r=83: sieved by 11
  r=89: sieved by 1361
  r=97: sieved by 191
  r=101: running Miller-Rabin k=5 on ...235271
  is_probable_prime took 476.627033s -> composite
  r=103: sieved by 19
  r=107: sieved by 2297
  r=109: sieved by 7247
  r=113: running Miller-Rabin k=5 on ...235283
  is_probable_prime took 461.528483s -> composite
  r=121: running Miller-Rabin k=5 on ...235291
  is_probable_prime took 455.386389s -> composite
  r=127: sieved by 11
  r=131: sieved by 89
  r=137: running Miller-Rabin k=5 on ...235307
  is_probable_prime took 449.664896s -> composite
  r=139: running Miller-Rabin k=5 on ...235309
  is_probable_prime took 438.083598s -> composite
  r=143: sieved by 13
  r=149: sieved by 11
  r=151: sieved by 241589
  r=157: running Miller-Rabin k=5 on ...235327
  is_probable_prime took 437.233395s -> composite
  r=163: sieved by 83
  r=167: sieved by 17
  r=169: sieved by 13
  r=173: sieved by 2011
  r=179: sieved by 19
  r=181: sieved by 269
  r=187: sieved by 1657
  r=191: sieved by 139
  r=193: sieved by 11
  r=197: sieved by 751
  r=199: sieved by 42979
  r=209: sieved by 227
---------------------------------------------------------------------------
 [wheel step     35] covering    7350 integers
 | candidates sieved:   1385 per wheel:  39.57
 | candidates tested:    295 per wheel:   8.43
 | avg test: 668.890s
 | total test: 197322.6s
 | wall time: 197325.8s
  r=1: sieved by 51197
  r=11: sieved by 13
  r=13: sieved by 41
  r=17: sieved by 47
  r=19: sieved by 163
  r=23: sieved by 12377
  r=29: sieved by 6571
  r=31: sieved by 79
  r=37: sieved by 13
  r=41: sieved by 4091
  r=43: sieved by 2029
  r=47: sieved by 71
  r=53: running Miller-Rabin k=5 on ...235433
  is_probable_prime took 435.004294s -> composite
  r=59: sieved by 17
  r=61: running Miller-Rabin k=5 on ...235441
  is_probable_prime took 434.654515s -> composite
  r=67: sieved by 10529
  r=71: sieved by 11
  r=73: sieved by 384719
  r=79: sieved by 2917
  r=83: sieved by 19
  r=89: sieved by 13
  r=97: sieved by 23
  r=101: running Miller-Rabin k=5 on ...235481
  is_probable_prime took 434.974220s -> composite
  r=103: sieved by 379
  r=107: sieved by 587
  r=109: sieved by 883
  r=113: running Miller-Rabin k=5 on ...235493
  is_probable_prime took 434.415684s -> composite
  r=121: sieved by 19
  r=127: sieved by 17
  r=131: sieved by 31
  r=137: sieved by 11
  r=139: sieved by 67003
  r=143: sieved by 23
  r=149: sieved by 61
  r=151: sieved by 211
  r=157: sieved by 409
  r=163: sieved by 113
  r=167: sieved by 13
  r=169: running Miller-Rabin k=5 on ...235549
  is_probable_prime took 434.088456s -> composite
  r=173: sieved by 37
  r=179: running Miller-Rabin k=5 on ...235559
  is_probable_prime took 433.914921s -> composite
  r=181: sieved by 11
  r=187: sieved by 1733
  r=191: sieved by 67
  r=193: sieved by 13
  r=197: sieved by 19
  r=199: sieved by 29
  r=209: running Miller-Rabin k=5 on ...235589
  is_probable_prime took 435.220927s -> composite
---------------------------------------------------------------------------
 [wheel step     36] covering    7560 integers
 | candidates sieved:   1426 per wheel:  39.61
 | candidates tested:    302 per wheel:   8.39
 | avg test: 663.460s
 | total test: 200364.9s
 | wall time: 200368.2s
  r=1: running Miller-Rabin k=5 on ...235591
  is_probable_prime took 438.156151s -> composite
  r=11: sieved by 263
  r=13: running Miller-Rabin k=5 on ...235603
  is_probable_prime took 439.867462s -> composite
  r=17: sieved by 2671
  r=19: sieved by 17
  r=23: running Miller-Rabin k=5 on ...235613
  is_probable_prime took 439.319453s -> composite
  r=29: sieved by 15739
  r=31: sieved by 2207
  r=37: sieved by 11
  r=41: sieved by 78059
  r=43: sieved by 2099
  r=47: sieved by 29
  r=53: sieved by 17
  r=59: sieved by 11
  r=61: sieved by 13
  r=67: sieved by 89
  r=71: sieved by 23
  r=73: sieved by 9371
  r=79: running Miller-Rabin k=5 on ...235669
  is_probable_prime took 444.369968s -> composite
  r=83: sieved by 43
  r=89: sieved by 47
  r=97: running Miller-Rabin k=5 on ...235687
  is_probable_prime took 439.386698s -> composite
  r=101: sieved by 19
  r=103: sieved by 11
  r=107: sieved by 31
  r=109: running Miller-Rabin k=5 on ...235699
  is_probable_prime took 441.016390s -> composite
  r=113: sieved by 13
  r=121: sieved by 17
  r=127: sieved by 1753
  r=131: sieved by 41
  r=137: sieved by 79
  r=139: sieved by 13
  r=143: running Miller-Rabin k=5 on ...235733
  is_probable_prime took 454.567641s -> composite
  r=149: running Miller-Rabin k=5 on ...235739
  is_probable_prime took 450.098605s -> composite
  r=151: sieved by 179
  r=157: sieved by 59
  r=163: sieved by 23
  r=167: sieved by 563
  r=169: sieved by 11
  r=173: running Miller-Rabin k=5 on ...235763
  is_probable_prime took 440.012432s -> composite
  r=179: sieved by 113
  r=181: sieved by 233
  r=187: running Miller-Rabin k=5 on ...235777
  is_probable_prime took 437.387272s -> composite
  r=191: sieved by 11
  r=193: running Miller-Rabin k=5 on ...235783
  is_probable_prime took 435.687590s -> composite
  r=197: sieved by 101
  r=199: sieved by 103
  r=209: sieved by 23
---------------------------------------------------------------------------
 [wheel step     37] covering    7770 integers
 | candidates sieved:   1463 per wheel:  39.54
 | candidates tested:    313 per wheel:   8.46
 | avg test: 655.670s
 | total test: 205224.8s
 | wall time: 205228.1s
  r=1: running Miller-Rabin k=5 on ...235801
  is_probable_prime took 436.502992s -> composite
  r=11: sieved by 29
  r=13: sieved by 17
  r=17: running Miller-Rabin k=5 on ...235817
  is_probable_prime took 435.893439s -> composite
  r=19: running Miller-Rabin k=5 on ...235819
  is_probable_prime took 435.075214s -> composite
  r=23: sieved by 443
  r=29: sieved by 53
  r=31: sieved by 73
  r=37: sieved by 6781
  r=41: running Miller-Rabin k=5 on ...235841
  is_probable_prime took 435.437888s -> composite
  r=43: sieved by 19
  r=47: sieved by 11
  r=53: sieved by 71
  r=59: sieved by 13
  r=61: sieved by 11287
  r=67: sieved by 47
  r=71: sieved by 16979
  r=73: running Miller-Rabin k=5 on ...235873
  is_probable_prime took 435.354280s -> composite
  r=79: sieved by 9181
  r=83: sieved by 31
  r=89: sieved by 269
  r=97: running Miller-Rabin k=5 on ...235897
  is_probable_prime took 434.775646s -> composite
  r=101: sieved by 283
  r=103: running Miller-Rabin k=5 on ...235903
  is_probable_prime took 436.615122s -> composite
  r=107: sieved by 499
  r=109: sieved by 64271
  r=113: sieved by 11
  r=121: running Miller-Rabin k=5 on ...235921
  is_probable_prime took 439.189016s -> composite
  r=127: sieved by 29
  r=131: sieved by 43
  r=137: sieved by 13
  r=139: running Miller-Rabin k=5 on ...235939
  is_probable_prime took 441.349415s -> composite
  r=143: sieved by 16139
  r=149: sieved by 17
  r=151: sieved by 16103
  r=157: sieved by 11
  r=163: sieved by 13
  r=167: sieved by 41
  r=169: running Miller-Rabin k=5 on ...235969
  is_probable_prime took 440.818085s -> composite
  r=173: sieved by 67
  r=179: sieved by 11
  r=181: sieved by 131
  r=187: running Miller-Rabin k=5 on ...235987
  is_probable_prime took 438.896113s -> composite
  r=191: sieved by 241
  r=193: sieved by 3907
  r=197: sieved by 37
  r=199: sieved by 104579
  r=209: sieved by 503
---------------------------------------------------------------------------
 [wheel step     38] covering    7980 integers
 | candidates sieved:   1500 per wheel:  39.47
 | candidates tested:    324 per wheel:   8.53
 | avg test: 648.255s
 | total test: 210034.7s
 | wall time: 210038.1s
  r=1: running Miller-Rabin k=5 on ...236011
  is_probable_prime took 438.325078s -> composite
  r=11: sieved by 138547
  r=13: sieved by 11
  r=17: sieved by 9479
  r=19: sieved by 23
  r=23: sieved by 19
  r=29: sieved by 167
  r=31: sieved by 13
  r=37: sieved by 119069
  r=41: sieved by 17
  r=43: sieved by 735239
  r=47: running Miller-Rabin k=5 on ...236057
  is_probable_prime took 438.768141s -> composite
  r=53: sieved by 149
  r=59: sieved by 31
  r=61: sieved by 19
  r=67: sieved by 197
  r=71: sieved by 617
  r=73: sieved by 169181
  r=79: sieved by 11
  r=83: sieved by 13
  r=89: sieved by 179
  r=97: sieved by 67
  r=101: sieved by 11
  r=103: running Miller-Rabin k=5 on ...236113
  is_probable_prime took 458.189257s -> composite
  r=107: running Miller-Rabin k=5 on ...236117
  is_probable_prime took 1745.550375s -> composite
  r=109: sieved by 13
  r=113: sieved by 73
  r=121: sieved by 31
  r=127: sieved by 71
  r=131: sieved by 107
  r=137: sieved by 19
  r=139: sieved by 47
  r=143: sieved by 17
  r=149: sieved by 29
  r=151: running Miller-Rabin k=5 on ...236161
  is_probable_prime took 479.220313s -> composite
  r=157: sieved by 23
  r=163: sieved by 127
  r=167: sieved by 11
  r=169: sieved by 5897
  r=173: sieved by 761
  r=179: sieved by 43
  r=181: sieved by 89
  r=187: sieved by 13
  r=191: sieved by 79
  r=193: sieved by 49741
  r=197: sieved by 2203
  r=199: sieved by 13873
  r=209: sieved by 37
---------------------------------------------------------------------------
 [wheel step     39] covering    8190 integers
 | candidates sieved:   1543 per wheel:  39.56
 | candidates tested:    329 per wheel:   8.44
 | avg test: 649.224s
 | total test: 213594.7s
 | wall time: 213598.2s
  r=1: sieved by 11
  r=11: running Miller-Rabin k=5 on ...236231
  is_probable_prime took 422.217062s -> composite
  r=13: sieved by 102503
  r=17: sieved by 233
  r=19: sieved by 97
  r=23: sieved by 11
  r=29: sieved by 13
  r=31: sieved by 673
  r=37: sieved by 1117
  r=41: sieved by 19
  r=43: running Miller-Rabin k=5 on ...236263
  is_probable_prime took 428.872313s -> composite
  r=47: sieved by 193
  r=53: running Miller-Rabin k=5 on ...236273
  is_probable_prime took 430.300730s -> composite
  r=59: sieved by 71
  r=61: sieved by 70289
  r=67: sieved by 11
  r=71: sieved by 5393
  r=73: sieved by 37
  r=79: sieved by 19
  r=83: sieved by 157
  r=89: sieved by 11
  r=97: sieved by 31
  r=101: sieved by 181
  r=103: sieved by 17
  r=107: sieved by 13
  r=109: sieved by 83
  r=113: sieved by 29
  r=121: sieved by 1051
  r=127: running Miller-Rabin k=5 on ...236347
  is_probable_prime took 431.688281s -> composite
  r=131: sieved by 23
  r=137: sieved by 17
  r=139: sieved by 53
  r=143: sieved by 709
  r=149: sieved by 89
  r=151: sieved by 719
  r=157: sieved by 41
  r=163: sieved by 61
  r=167: sieved by 311
  r=169: sieved by 293
  r=173: sieved by 101
  r=179: running Miller-Rabin k=5 on ...236399
  is_probable_prime took 429.893249s -> composite
  r=181: sieved by 449
  r=187: sieved by 103
  r=191: sieved by 281
  r=193: sieved by 19
  r=197: running Miller-Rabin k=5 on ...236417
  is_probable_prime took 428.722969s -> composite
  r=199: sieved by 11
  r=209: running Miller-Rabin k=5 on ...236429
  is_probable_prime took 427.049799s -> composite
---------------------------------------------------------------------------
 [wheel step     40] covering    8400 integers
 | candidates sieved:   1584 per wheel:  39.60
 | candidates tested:    336 per wheel:   8.40
 | avg test: 644.623s
 | total test: 216593.5s
 | wall time: 216597.0s
  r=1: sieved by 13
  r=11: sieved by 11
  r=13: sieved by 23
  r=17: sieved by 43
  r=19: sieved by 29
  r=23: sieved by 72673
  r=29: sieved by 17
  r=31: running Miller-Rabin k=5 on ...236461
  is_probable_prime took 1509.527676s -> composite
  r=37: sieved by 283
  r=41: sieved by 197
  r=43: sieved by 139
  r=47: running Miller-Rabin k=5 on ...236477
  is_probable_prime took 774.284770s -> composite
  r=53: sieved by 13
  r=59: sieved by 19
  r=61: running Miller-Rabin k=5 on ...236491
  is_probable_prime took 833.078556s -> composite
  r=67: running Miller-Rabin k=5 on ...236497
  is_probable_prime took 854.600099s -> composite
  r=71: sieved by 109
  r=73: sieved by 31
  r=79: sieved by 13
  r=83: sieved by 229
  r=89: sieved by 5153
  r=97: sieved by 17
  r=101: running Miller-Rabin k=5 on ...236531
  is_probable_prime took 818.631017s -> composite
  r=103: sieved by 43
  r=107: sieved by 96739
  r=109: sieved by 569
  r=113: sieved by 367
  r=121: sieved by 11
  r=127: sieved by 578213
  r=131: sieved by 13
  r=137: sieved by 70921
  r=139: sieved by 107
  r=143: sieved by 11
  r=149: running Miller-Rabin k=5 on ...236579
  is_probable_prime took 817.386244s -> composite
  r=151: sieved by 23
  r=157: sieved by 13
  r=163: sieved by 419
  r=167: running Miller-Rabin k=5 on ...236597
  is_probable_prime took 761.842885s -> composite
  r=169: sieved by 66877
  r=173: sieved by 19
  r=179: sieved by 764723
  r=181: sieved by 1723
  r=187: sieved by 11
  r=191: sieved by 38791
  r=193: sieved by 29
  r=197: sieved by 23
  r=199: sieved by 17
  r=209: sieved by 11
---------------------------------------------------------------------------
 [wheel step     41] covering    8610 integers
 | candidates sieved:   1625 per wheel:  39.63
 | candidates tested:    343 per wheel:   8.37
 | avg test: 650.037s
 | total test: 222962.8s
 | wall time: 222966.5s
  r=1: sieved by 19
  r=11: sieved by 704393
  r=13: sieved by 193
  r=17: sieved by 271
  r=19: sieved by 149
  r=23: sieved by 17
  r=29: sieved by 937171
  r=31: sieved by 2789
  r=37: sieved by 53
  r=41: sieved by 29
  r=43: sieved by 11
  r=47: running Miller-Rabin k=5 on ...236687
  is_probable_prime took 812.449314s -> composite
  r=53: running Miller-Rabin k=5 on ...236693
  is_probable_prime took 809.655577s -> composite
  r=59: sieved by 2311
  r=61: sieved by 15683
  r=67: sieved by 73
  r=71: sieved by 240041
  r=73: sieved by 47
  r=79: sieved by 23
  r=83: sieved by 128321
  r=89: sieved by 8629
  r=97: sieved by 37
  r=101: sieved by 199
  r=103: sieved by 13
  r=107: sieved by 277
  r=109: sieved by 11
  r=113: sieved by 947
  r=121: sieved by 347
  r=127: sieved by 131
  r=131: sieved by 11
  r=137: sieved by 67
  r=139: sieved by 433
  r=143: sieved by 53
  r=149: sieved by 3889
  r=151: sieved by 43
  r=157: sieved by 29
  r=163: running Miller-Rabin k=5 on ...236803
  is_probable_prime took 827.646427s -> composite
  r=167: sieved by 47
  r=169: sieved by 59
  r=173: sieved by 31
  r=179: sieved by 103
  r=181: sieved by 13
  r=187: sieved by 83
  r=191: sieved by 19
  r=193: sieved by 17
  r=197: sieved by 11
  r=199: sieved by 3089
  r=209: running Miller-Rabin k=5 on ...236849
  is_probable_prime took 848.417844s -> composite
---------------------------------------------------------------------------
 [wheel step     42] covering    8820 integers
 | candidates sieved:   1669 per wheel:  39.74
 | candidates tested:    347 per wheel:   8.26
 | avg test: 652.049s
 | total test: 226261.0s
 | wall time: 226264.8s
  r=1: running Miller-Rabin k=5 on ...236851
  is_probable_prime took 795.008538s -> composite
  r=11: running Miller-Rabin k=5 on ...236861
  is_probable_prime took 746.857981s -> composite
  r=13: sieved by 571
  r=17: sieved by 17
  r=19: sieved by 19
  r=23: sieved by 13
  r=29: running Miller-Rabin k=5 on ...236879
  is_probable_prime took 747.460661s -> composite
  r=31: sieved by 11
  r=37: running Miller-Rabin k=5 on ...236887
  is_probable_prime took 551.792102s -> composite
  r=41: sieved by 601187
  r=43: sieved by 5107
  r=47: running Miller-Rabin k=5 on ...236897
  is_probable_prime took 448.133092s -> composite
  r=53: sieved by 11
  r=59: sieved by 109741
  r=61: sieved by 67
  r=67: sieved by 137
  r=71: running Miller-Rabin k=5 on ...236921
  is_probable_prime took 450.823495s -> composite
  r=73: running Miller-Rabin k=5 on ...236923
  is_probable_prime took 436.928044s -> composite
  r=79: running Miller-Rabin k=5 on ...236929
  is_probable_prime took 445.416992s -> composite
  r=83: sieved by 881
  r=89: sieved by 29027
  r=97: sieved by 11
  r=101: sieved by 13
  r=103: running Miller-Rabin k=5 on ...236953
  is_probable_prime took 430.385827s -> composite
  r=107: sieved by 149
  r=109: sieved by 37
  r=113: sieved by 43
  r=121: sieved by 29
  r=127: sieved by 13
  r=131: sieved by 3319
  r=137: running Miller-Rabin k=5 on ...236987
  is_probable_prime took 445.959713s -> composite
  r=139: sieved by 71
  r=143: sieved by 61
  r=149: sieved by 31
  r=151: running Miller-Rabin k=5 on ...237001
  is_probable_prime took 429.387844s -> composite
  r=157: running Miller-Rabin k=5 on ...237007
  is_probable_prime took 425.367397s -> composite
  r=163: sieved by 11
  r=167: running Miller-Rabin k=5 on ...237017
  is_probable_prime took 418.600836s -> composite
  r=169: running Miller-Rabin k=5 on ...237019
  is_probable_prime took 427.519506s -> composite
  r=173: sieved by 823
  r=179: sieved by 13
  r=181: running Miller-Rabin k=5 on ...237031
  is_probable_prime took 429.023642s -> composite
  r=187: sieved by 17
  r=191: sieved by 23
  r=193: running Miller-Rabin k=5 on ...237043
  is_probable_prime took 430.386929s -> composite
  r=197: sieved by 2141
  r=199: sieved by 43
  r=209: sieved by 19
---------------------------------------------------------------------------
 [wheel step     43] covering    9030 integers
 | candidates sieved:   1701 per wheel:  39.56
 | candidates tested:    363 per wheel:   8.44
 | avg test: 645.510s
 | total test: 234320.0s
 | wall time: 234324.0s
  r=1: sieved by 31
  r=11: sieved by 17
  r=13: sieved by 313
  r=17: sieved by 857
  r=19: sieved by 11
  r=23: sieved by 431
  r=29: sieved by 47
  r=31: running Miller-Rabin k=5 on ...237091
  is_probable_prime took 430.447899s -> composite
  r=37: sieved by 19
  r=41: sieved by 11
  r=43: sieved by 1451
  r=47: sieved by 13
  r=53: running Miller-Rabin k=5 on ...237113
  is_probable_prime took 430.123423s -> composite
  r=59: sieved by 383
  r=61: running Miller-Rabin k=5 on ...237121
  is_probable_prime took 429.835651s -> composite
  r=67: sieved by 3221
  r=71: sieved by 71
  r=73: sieved by 13
  r=79: sieved by 17
  r=83: sieved by 113017
  r=89: sieved by 79
  r=97: sieved by 457
  r=101: sieved by 5557
  r=103: sieved by 59
  r=107: sieved by 11
  r=109: sieved by 233
  r=113: sieved by 17
  r=121: sieved by 37
  r=127: sieved by 317
  r=131: sieved by 137
  r=137: sieved by 41
  r=139: sieved by 271
  r=143: sieved by 29
  r=149: sieved by 97
  r=151: sieved by 11
  r=157: running Miller-Rabin k=5 on ...237217
  is_probable_prime took 431.892197s -> composite
  r=163: sieved by 257
  r=167: sieved by 251
  r=169: sieved by 631
  r=173: sieved by 11
  r=179: sieved by 932593
  r=181: sieved by 17
  r=187: sieved by 31
  r=191: running Miller-Rabin k=5 on ...237251
  is_probable_prime took 431.226999s -> composite
  r=193: running Miller-Rabin k=5 on ...237253
  is_probable_prime took 430.360682s -> composite
  r=197: running Miller-Rabin k=5 on ...237257
  is_probable_prime took 429.927492s -> composite
  r=199: sieved by 89
  r=209: sieved by 46171
---------------------------------------------------------------------------
 [wheel step     44] covering    9240 integers
 | candidates sieved:   1742 per wheel:  39.59
 | candidates tested:    370 per wheel:   8.41
 | avg test: 641.443s
 | total test: 237333.9s
 | wall time: 237337.9s
  r=1: sieved by 23
  r=11: sieved by 59
  r=13: sieved by 1129
  r=17: sieved by 19
  r=19: sieved by 13
  r=23: sieved by 27091
  r=29: sieved by 11
  r=31: sieved by 277
  r=37: sieved by 43
  r=41: sieved by 1531
  r=43: sieved by 53
  r=47: sieved by 23
  r=53: running Miller-Rabin k=5 on ...237323
  is_probable_prime took 430.307870s -> composite
  r=59: sieved by 37
  r=61: running Miller-Rabin k=5 on ...237331
  is_probable_prime took 433.503365s -> composite
  r=67: sieved by 197269
  r=71: sieved by 13
  r=73: sieved by 11
  r=79: running Miller-Rabin k=5 on ...237349
  is_probable_prime took 433.742072s -> composite
  r=83: running Miller-Rabin k=5 on ...237353
  is_probable_prime took 428.665122s -> composite
  r=89: sieved by 61
  r=97: sieved by 13
  r=101: sieved by 31
  r=103: sieved by 109
  r=107: sieved by 17
  r=109: running Miller-Rabin k=5 on ...237379
  is_probable_prime took 430.658480s -> composite
  r=113: running Miller-Rabin k=5 on ...237383
  is_probable_prime took 428.616416s -> composite
  r=121: running Miller-Rabin k=5 on ...237391
  is_probable_prime took 933.588317s -> composite
  r=127: running Miller-Rabin k=5 on ...237397
  is_probable_prime took 439.855689s -> composite
  r=131: sieved by 19
  r=137: sieved by 181
  r=139: sieved by 11
  r=143: sieved by 127343
  r=149: sieved by 13
  r=151: sieved by 31189
  r=157: sieved by 1543
  r=163: sieved by 31
  r=167: sieved by 73
  r=169: sieved by 19
  r=173: sieved by 41
  r=179: running Miller-Rabin k=5 on ...237449
  is_probable_prime took 499.222888s -> composite
  r=181: sieved by 239
  r=187: sieved by 3881
  r=191: sieved by 20479
  r=193: running Miller-Rabin k=5 on ...237463
  is_probable_prime took 2628.956555s -> composite
  r=197: running Miller-Rabin k=5 on ...237467
  is_probable_prime took 783.919247s -> composite
  r=199: sieved by 3313
  r=209: sieved by 17
---------------------------------------------------------------------------
 [wheel step     45] covering    9450 integers
 | candidates sieved:   1779 per wheel:  39.53
 | candidates tested:    381 per wheel:   8.47
 | avg test: 643.582s
 | total test: 245204.9s
 | wall time: 245209.0s
  r=1: sieved by 61
  r=11: sieved by 83
  r=13: sieved by 29
  r=17: sieved by 11
  r=19: running Miller-Rabin k=5 on ...237499
  is_probable_prime took 769.787105s -> composite
  r=23: sieved by 269
  r=29: sieved by 79493
  r=31: running Miller-Rabin k=5 on ...237511
  is_probable_prime took 759.846062s -> composite
  r=37: sieved by 59
  r=41: sieved by 1327
  r=43: sieved by 13
  r=47: sieved by 3697
  r=53: running Miller-Rabin k=5 on ...237533
  is_probable_prime took 753.952592s -> composite
  r=59: sieved by 5737
  r=61: sieved by 11
  r=67: sieved by 17
  r=71: sieved by 29
  r=73: sieved by 19
  r=79: sieved by 47
  r=83: sieved by 11
  r=89: sieved by 35993
  r=97: sieved by 113
  r=101: sieved by 17
  r=103: sieved by 73
  r=107: sieved by 23059
  r=109: sieved by 353
  r=113: sieved by 23
  r=121: sieved by 13
  r=127: sieved by 11
  r=131: sieved by 839
  r=137: running Miller-Rabin k=5 on ...237617
  is_probable_prime took 637.946033s -> composite
  r=139: sieved by 31
  r=143: sieved by 79
  r=149: sieved by 11
  r=151: sieved by 53
  r=157: running Miller-Rabin k=5 on ...237637
  is_probable_prime took 424.707575s -> composite
  r=163: sieved by 103
  r=167: running Miller-Rabin k=5 on ...237647
  is_probable_prime took 1042.825998s -> composite
  r=169: sieved by 17
  r=173: sieved by 13
  r=179: running Miller-Rabin k=5 on ...237659
  is_probable_prime took 426.648632s -> composite
  r=181: sieved by 3049
  r=187: sieved by 19
  r=191: sieved by 2927
  r=193: sieved by 11
  r=197: sieved by 569
  r=199: sieved by 13
  r=209: sieved by 41
---------------------------------------------------------------------------
 [wheel step     46] covering    9660 integers
 | candidates sieved:   1820 per wheel:  39.57
 | candidates tested:    388 per wheel:   8.43
 | avg test: 644.383s
 | total test: 250020.6s
 | wall time: 250024.8s
  r=1: running Miller-Rabin k=5 on ...237691
