cal Feb 1900 - Sunday Months:    0
cal Mar 1900 - Sunday Months:    0
cal Apr 1900 - Sunday Months:    1
cal May 1900 - Sunday Months:    1
cal Jun 1900 - Sunday Months:    1
cal Jul 1900 - Sunday Months:    2
cal Aug 1900 - Sunday Months:    2
cal Sep 1900 - Sunday Months:    2
cal Oct 1900 - Sunday Months:    2
cal Nov 1900 - Sunday Months:    2
cal Dec 1900 - Sunday Months:    2
cal Jan 1901 - Sunday Months:    0
cal Feb 1901 - Sunday Months:    0
cal Mar 1901 - Sunday Months:    0
cal Apr 1901 - Sunday Months:    0
cal May 1901 - Sunday Months:    0
cal Jun 1901 - Sunday Months:    0
cal Jul 1901 - Sunday Months:    0
cal Aug 1901 - Sunday Months:    0
cal Sep 1901 - Sunday Months:    1
cal Oct 1901 - Sunday Months:    1
cal Nov 1901 - Sunday Months:    1
cal Dec 1901 - Sunday Months:    2
cal Jan 1902 - Sunday Months:    2
cal Feb 1902 - Sunday Months:    2
cal Mar 1902 - Sunday Months:    2
cal Apr 1902 - Sunday Months:    2
cal May 1902 - Sunday Months:    2
cal Jun 1902 - Sunday Months:    3
cal Jul 1902 - Sunday Months:    3
cal Aug 1902 - Sunday Months:    3
cal Sep 1902 - Sunday Months:    3
cal Oct 1902 - Sunday Months:    3
cal Nov 1902 - Sunday Months:    3
cal Dec 1902 - Sunday Months:    3
cal Jan 1903 - Sunday Months:    3
cal Feb 1903 - Sunday Months:    4
cal Mar 1903 - Sunday Months:    5
cal Apr 1903 - Sunday Months:    5
cal May 1903 - Sunday Months:    5
cal Jun 1903 - Sunday Months:    5
cal Jul 1903 - Sunday Months:    5
cal Aug 1903 - Sunday Months:    5
cal Sep 1903 - Sunday Months:    5
cal Oct 1903 - Sunday Months:    5
cal Nov 1903 - Sunday Months:    6
cal Dec 1903 - Sunday Months:    6
cal Jan 1904 - Sunday Months:    6
cal Feb 1904 - Sunday Months:    6
cal Mar 1904 - Sunday Months:    6
cal Apr 1904 - Sunday Months:    6
cal May 1904 - Sunday Months:    7
cal Jun 1904 - Sunday Months:    7
cal Jul 1904 - Sunday Months:    7
cal Aug 1904 - Sunday Months:    7
cal Sep 1904 - Sunday Months:    7
cal Oct 1904 - Sunday Months:    7
cal Nov 1904 - Sunday Months:    7
cal Dec 1904 - Sunday Months:    7
cal Jan 1905 - Sunday Months:    8
cal Feb 1905 - Sunday Months:    8
cal Mar 1905 - Sunday Months:    8
cal Apr 1905 - Sunday Months:    8
cal May 1905 - Sunday Months:    8
cal Jun 1905 - Sunday Months:    8
cal Jul 1905 - Sunday Months:    8
cal Aug 1905 - Sunday Months:    8
cal Sep 1905 - Sunday Months:    8
cal Oct 1905 - Sunday Months:    9
cal Nov 1905 - Sunday Months:    9
cal Dec 1905 - Sunday Months:    9
cal Jan 1906 - Sunday Months:    9
cal Feb 1906 - Sunday Months:    9
cal Mar 1906 - Sunday Months:    9
cal Apr 1906 - Sunday Months:   10
cal May 1906 - Sunday Months:   10
cal Jun 1906 - Sunday Months:   10
cal Jul 1906 - Sunday Months:   11
cal Aug 1906 - Sunday Months:   11
cal Sep 1906 - Sunday Months:   11
cal Oct 1906 - Sunday Months:   11
cal Nov 1906 - Sunday Months:   11
cal Dec 1906 - Sunday Months:   11
cal Jan 1907 - Sunday Months:   11
cal Feb 1907 - Sunday Months:   11
cal Mar 1907 - Sunday Months:   11
cal Apr 1907 - Sunday Months:   11
cal May 1907 - Sunday Months:   11
cal Jun 1907 - Sunday Months:   11
cal Jul 1907 - Sunday Months:   11
cal Aug 1907 - Sunday Months:   11
cal Sep 1907 - Sunday Months:   12
cal Oct 1907 - Sunday Months:   12
cal Nov 1907 - Sunday Months:   12
cal Dec 1907 - Sunday Months:   13
cal Jan 1908 - Sunday Months:   13
cal Feb 1908 - Sunday Months:   13
cal Mar 1908 - Sunday Months:   14
cal Apr 1908 - Sunday Months:   14
cal May 1908 - Sunday Months:   14
cal Jun 1908 - Sunday Months:   14
cal Jul 1908 - Sunday Months:   14
cal Aug 1908 - Sunday Months:   14
cal Sep 1908 - Sunday Months:   14
cal Oct 1908 - Sunday Months:   14
cal Nov 1908 - Sunday Months:   15
cal Dec 1908 - Sunday Months:   15
cal Jan 1909 - Sunday Months:   15
cal Feb 1909 - Sunday Months:   15
cal Mar 1909 - Sunday Months:   15
cal Apr 1909 - Sunday Months:   15
cal May 1909 - Sunday Months:   15
cal Jun 1909 - Sunday Months:   15
cal Jul 1909 - Sunday Months:   15
cal Aug 1909 - Sunday Months:   16
cal Sep 1909 - Sunday Months:   16
cal Oct 1909 - Sunday Months:   16
cal Nov 1909 - Sunday Months:   16
cal Dec 1909 - Sunday Months:   16
cal Jan 1910 - Sunday Months:   16
cal Feb 1910 - Sunday Months:   16
cal Mar 1910 - Sunday Months:   16
cal Apr 1910 - Sunday Months:   16
cal May 1910 - Sunday Months:   17
cal Jun 1910 - Sunday Months:   17
cal Jul 1910 - Sunday Months:   17
cal Aug 1910 - Sunday Months:   17
cal Sep 1910 - Sunday Months:   17
cal Oct 1910 - Sunday Months:   17
cal Nov 1910 - Sunday Months:   17
cal Dec 1910 - Sunday Months:   17
cal Jan 1911 - Sunday Months:   18
cal Feb 1911 - Sunday Months:   18
cal Mar 1911 - Sunday Months:   18
cal Apr 1911 - Sunday Months:   18
cal May 1911 - Sunday Months:   18
cal Jun 1911 - Sunday Months:   18
cal Jul 1911 - Sunday Months:   18
cal Aug 1911 - Sunday Months:   18
cal Sep 1911 - Sunday Months:   18
cal Oct 1911 - Sunday Months:   19
cal Nov 1911 - Sunday Months:   19
cal Dec 1911 - Sunday Months:   19
cal Jan 1912 - Sunday Months:   19
cal Feb 1912 - Sunday Months:   19
cal Mar 1912 - Sunday Months:   19
cal Apr 1912 - Sunday Months:   19
cal May 1912 - Sunday Months:   19
cal Jun 1912 - Sunday Months:   19
cal Jul 1912 - Sunday Months:   19
cal Aug 1912 - Sunday Months:   19
cal Sep 1912 - Sunday Months:   20
cal Oct 1912 - Sunday Months:   20
cal Nov 1912 - Sunday Months:   20
cal Dec 1912 - Sunday Months:   21
cal Jan 1913 - Sunday Months:   21
cal Feb 1913 - Sunday Months:   21
cal Mar 1913 - Sunday Months:   21
cal Apr 1913 - Sunday Months:   21
cal May 1913 - Sunday Months:   21
cal Jun 1913 - Sunday Months:   22
cal Jul 1913 - Sunday Months:   22
cal Aug 1913 - Sunday Months:   22
cal Sep 1913 - Sunday Months:   22
cal Oct 1913 - Sunday Months:   22
cal Nov 1913 - Sunday Months:   22
cal Dec 1913 - Sunday Months:   22
cal Jan 1914 - Sunday Months:   22
cal Feb 1914 - Sunday Months:   23
cal Mar 1914 - Sunday Months:   24
cal Apr 1914 - Sunday Months:   24
cal May 1914 - Sunday Months:   24
cal Jun 1914 - Sunday Months:   24
cal Jul 1914 - Sunday Months:   24
cal Aug 1914 - Sunday Months:   24
cal Sep 1914 - Sunday Months:   24
cal Oct 1914 - Sunday Months:   24
cal Nov 1914 - Sunday Months:   25
cal Dec 1914 - Sunday Months:   25
cal Jan 1915 - Sunday Months:   25
cal Feb 1915 - Sunday Months:   25
cal Mar 1915 - Sunday Months:   25
cal Apr 1915 - Sunday Months:   25
cal May 1915 - Sunday Months:   25
cal Jun 1915 - Sunday Months:   25
cal Jul 1915 - Sunday Months:   25
cal Aug 1915 - Sunday Months:   26
cal Sep 1915 - Sunday Months:   26
cal Oct 1915 - Sunday Months:   26
cal Nov 1915 - Sunday Months:   26
cal Dec 1915 - Sunday Months:   26
cal Jan 1916 - Sunday Months:   26
cal Feb 1916 - Sunday Months:   26
cal Mar 1916 - Sunday Months:   26
cal Apr 1916 - Sunday Months:   26
cal May 1916 - Sunday Months:   26
cal Jun 1916 - Sunday Months:   26
cal Jul 1916 - Sunday Months:   26
cal Aug 1916 - Sunday Months:   26
cal Sep 1916 - Sunday Months:   26
cal Oct 1916 - Sunday Months:   27
cal Nov 1916 - Sunday Months:   27
cal Dec 1916 - Sunday Months:   27
cal Jan 1917 - Sunday Months:   27
cal Feb 1917 - Sunday Months:   27
cal Mar 1917 - Sunday Months:   27
cal Apr 1917 - Sunday Months:   28
cal May 1917 - Sunday Months:   28
cal Jun 1917 - Sunday Months:   28
cal Jul 1917 - Sunday Months:   29
cal Aug 1917 - Sunday Months:   29
cal Sep 1917 - Sunday Months:   29
cal Oct 1917 - Sunday Months:   29
cal Nov 1917 - Sunday Months:   29
cal Dec 1917 - Sunday Months:   29
cal Jan 1918 - Sunday Months:   29
cal Feb 1918 - Sunday Months:   29
cal Mar 1918 - Sunday Months:   29
cal Apr 1918 - Sunday Months:   29
cal May 1918 - Sunday Months:   29
cal Jun 1918 - Sunday Months:   29
cal Jul 1918 - Sunday Months:   29
cal Aug 1918 - Sunday Months:   29
cal Sep 1918 - Sunday Months:   30
cal Oct 1918 - Sunday Months:   30
cal Nov 1918 - Sunday Months:   30
cal Dec 1918 - Sunday Months:   31
cal Jan 1919 - Sunday Months:   31
cal Feb 1919 - Sunday Months:   31
cal Mar 1919 - Sunday Months:   31
cal Apr 1919 - Sunday Months:   31
cal May 1919 - Sunday Months:   31
cal Jun 1919 - Sunday Months:   32
cal Jul 1919 - Sunday Months:   32
cal Aug 1919 - Sunday Months:   32
cal Sep 1919 - Sunday Months:   32
cal Oct 1919 - Sunday Months:   32
cal Nov 1919 - Sunday Months:   32
cal Dec 1919 - Sunday Months:   32
cal Jan 1920 - Sunday Months:   32
cal Feb 1920 - Sunday Months:   33
cal Mar 1920 - Sunday Months:   33
cal Apr 1920 - Sunday Months:   33
cal May 1920 - Sunday Months:   33
cal Jun 1920 - Sunday Months:   33
cal Jul 1920 - Sunday Months:   33
cal Aug 1920 - Sunday Months:   34
cal Sep 1920 - Sunday Months:   34
cal Oct 1920 - Sunday Months:   34
cal Nov 1920 - Sunday Months:   34
cal Dec 1920 - Sunday Months:   34
cal Jan 1921 - Sunday Months:   34
cal Feb 1921 - Sunday Months:   34
cal Mar 1921 - Sunday Months:   34
cal Apr 1921 - Sunday Months:   34
cal May 1921 - Sunday Months:   35
cal Jun 1921 - Sunday Months:   35
cal Jul 1921 - Sunday Months:   35
cal Aug 1921 - Sunday Months:   35
cal Sep 1921 - Sunday Months:   35
cal Oct 1921 - Sunday Months:   35
cal Nov 1921 - Sunday Months:   35
cal Dec 1921 - Sunday Months:   35
cal Jan 1922 - Sunday Months:   36
cal Feb 1922 - Sunday Months:   36
cal Mar 1922 - Sunday Months:   36
cal Apr 1922 - Sunday Months:   36
cal May 1922 - Sunday Months:   36
cal Jun 1922 - Sunday Months:   36
cal Jul 1922 - Sunday Months:   36
cal Aug 1922 - Sunday Months:   36
cal Sep 1922 - Sunday Months:   36
cal Oct 1922 - Sunday Months:   37
cal Nov 1922 - Sunday Months:   37
cal Dec 1922 - Sunday Months:   37
cal Jan 1923 - Sunday Months:   37
cal Feb 1923 - Sunday Months:   37
cal Mar 1923 - Sunday Months:   37
cal Apr 1923 - Sunday Months:   38
cal May 1923 - Sunday Months:   38
cal Jun 1923 - Sunday Months:   38
cal Jul 1923 - Sunday Months:   39
cal Aug 1923 - Sunday Months:   39
cal Sep 1923 - Sunday Months:   39
cal Oct 1923 - Sunday Months:   39
cal Nov 1923 - Sunday Months:   39
cal Dec 1923 - Sunday Months:   39
cal Jan 1924 - Sunday Months:   39
cal Feb 1924 - Sunday Months:   39
cal Mar 1924 - Sunday Months:   39
cal Apr 1924 - Sunday Months:   39
cal May 1924 - Sunday Months:   39
cal Jun 1924 - Sunday Months:   40
cal Jul 1924 - Sunday Months:   40
cal Aug 1924 - Sunday Months:   40
cal Sep 1924 - Sunday Months:   40
cal Oct 1924 - Sunday Months:   40
cal Nov 1924 - Sunday Months:   40
cal Dec 1924 - Sunday Months:   40
cal Jan 1925 - Sunday Months:   40
cal Feb 1925 - Sunday Months:   41
cal Mar 1925 - Sunday Months:   42
cal Apr 1925 - Sunday Months:   42
cal May 1925 - Sunday Months:   42
cal Jun 1925 - Sunday Months:   42
cal Jul 1925 - Sunday Months:   42
cal Aug 1925 - Sunday Months:   42
cal Sep 1925 - Sunday Months:   42
cal Oct 1925 - Sunday Months:   42
cal Nov 1925 - Sunday Months:   43
cal Dec 1925 - Sunday Months:   43
cal Jan 1926 - Sunday Months:   43
cal Feb 1926 - Sunday Months:   43
cal Mar 1926 - Sunday Months:   43
cal Apr 1926 - Sunday Months:   43
cal May 1926 - Sunday Months:   43
cal Jun 1926 - Sunday Months:   43
cal Jul 1926 - Sunday Months:   43
cal Aug 1926 - Sunday Months:   44
cal Sep 1926 - Sunday Months:   44
cal Oct 1926 - Sunday Months:   44
cal Nov 1926 - Sunday Months:   44
cal Dec 1926 - Sunday Months:   44
cal Jan 1927 - Sunday Months:   44
cal Feb 1927 - Sunday Months:   44
cal Mar 1927 - Sunday Months:   44
cal Apr 1927 - Sunday Months:   44
cal May 1927 - Sunday Months:   45
cal Jun 1927 - Sunday Months:   45
cal Jul 1927 - Sunday Months:   45
cal Aug 1927 - Sunday Months:   45
cal Sep 1927 - Sunday Months:   45
cal Oct 1927 - Sunday Months:   45
cal Nov 1927 - Sunday Months:   45
cal Dec 1927 - Sunday Months:   45
cal Jan 1928 - Sunday Months:   46
cal Feb 1928 - Sunday Months:   46
cal Mar 1928 - Sunday Months:   46
cal Apr 1928 - Sunday Months:   47
cal May 1928 - Sunday Months:   47
cal Jun 1928 - Sunday Months:   47
cal Jul 1928 - Sunday Months:   48
cal Aug 1928 - Sunday Months:   48
cal Sep 1928 - Sunday Months:   48
cal Oct 1928 - Sunday Months:   48
cal Nov 1928 - Sunday Months:   48
cal Dec 1928 - Sunday Months:   48
cal Jan 1929 - Sunday Months:   48
cal Feb 1929 - Sunday Months:   48
cal Mar 1929 - Sunday Months:   48
cal Apr 1929 - Sunday Months:   48
cal May 1929 - Sunday Months:   48
cal Jun 1929 - Sunday Months:   48
cal Jul 1929 - Sunday Months:   48
cal Aug 1929 - Sunday Months:   48
cal Sep 1929 - Sunday Months:   49
cal Oct 1929 - Sunday Months:   49
cal Nov 1929 - Sunday Months:   49
cal Dec 1929 - Sunday Months:   50
cal Jan 1930 - Sunday Months:   50
cal Feb 1930 - Sunday Months:   50
cal Mar 1930 - Sunday Months:   50
cal Apr 1930 - Sunday Months:   50
cal May 1930 - Sunday Months:   50
cal Jun 1930 - Sunday Months:   51
cal Jul 1930 - Sunday Months:   51
cal Aug 1930 - Sunday Months:   51
cal Sep 1930 - Sunday Months:   51
cal Oct 1930 - Sunday Months:   51
cal Nov 1930 - Sunday Months:   51
cal Dec 1930 - Sunday Months:   51
cal Jan 1931 - Sunday Months:   51
cal Feb 1931 - Sunday Months:   52
cal Mar 1931 - Sunday Months:   53
cal Apr 1931 - Sunday Months:   53
cal May 1931 - Sunday Months:   53
cal Jun 1931 - Sunday Months:   53
cal Jul 1931 - Sunday Months:   53
cal Aug 1931 - Sunday Months:   53
cal Sep 1931 - Sunday Months:   53
cal Oct 1931 - Sunday Months:   53
cal Nov 1931 - Sunday Months:   54
cal Dec 1931 - Sunday Months:   54
cal Jan 1932 - Sunday Months:   54
cal Feb 1932 - Sunday Months:   54
cal Mar 1932 - Sunday Months:   54
cal Apr 1932 - Sunday Months:   54
cal May 1932 - Sunday Months:   55
cal Jun 1932 - Sunday Months:   55
cal Jul 1932 - Sunday Months:   55
cal Aug 1932 - Sunday Months:   55
cal Sep 1932 - Sunday Months:   55
cal Oct 1932 - Sunday Months:   55
cal Nov 1932 - Sunday Months:   55
cal Dec 1932 - Sunday Months:   55
cal Jan 1933 - Sunday Months:   56
cal Feb 1933 - Sunday Months:   56
cal Mar 1933 - Sunday Months:   56
cal Apr 1933 - Sunday Months:   56
cal May 1933 - Sunday Months:   56
cal Jun 1933 - Sunday Months:   56
cal Jul 1933 - Sunday Months:   56
cal Aug 1933 - Sunday Months:   56
cal Sep 1933 - Sunday Months:   56
cal Oct 1933 - Sunday Months:   57
cal Nov 1933 - Sunday Months:   57
cal Dec 1933 - Sunday Months:   57
cal Jan 1934 - Sunday Months:   57
cal Feb 1934 - Sunday Months:   57
cal Mar 1934 - Sunday Months:   57
cal Apr 1934 - Sunday Months:   58
cal May 1934 - Sunday Months:   58
cal Jun 1934 - Sunday Months:   58
cal Jul 1934 - Sunday Months:   59
cal Aug 1934 - Sunday Months:   59
cal Sep 1934 - Sunday Months:   59
cal Oct 1934 - Sunday Months:   59
cal Nov 1934 - Sunday Months:   59
cal Dec 1934 - Sunday Months:   59
cal Jan 1935 - Sunday Months:   59
cal Feb 1935 - Sunday Months:   59
cal Mar 1935 - Sunday Months:   59
cal Apr 1935 - Sunday Months:   59
cal May 1935 - Sunday Months:   59
cal Jun 1935 - Sunday Months:   59
cal Jul 1935 - Sunday Months:   59
cal Aug 1935 - Sunday Months:   59
cal Sep 1935 - Sunday Months:   60
cal Oct 1935 - Sunday Months:   60
cal Nov 1935 - Sunday Months:   60
cal Dec 1935 - Sunday Months:   61
cal Jan 1936 - Sunday Months:   61
cal Feb 1936 - Sunday Months:   61
cal Mar 1936 - Sunday Months:   62
cal Apr 1936 - Sunday Months:   62
cal May 1936 - Sunday Months:   62
cal Jun 1936 - Sunday Months:   62
cal Jul 1936 - Sunday Months:   62
cal Aug 1936 - Sunday Months:   62
cal Sep 1936 - Sunday Months:   62
cal Oct 1936 - Sunday Months:   62
cal Nov 1936 - Sunday Months:   63
cal Dec 1936 - Sunday Months:   63
cal Jan 1937 - Sunday Months:   63
cal Feb 1937 - Sunday Months:   63
cal Mar 1937 - Sunday Months:   63
cal Apr 1937 - Sunday Months:   63
cal May 1937 - Sunday Months:   63
cal Jun 1937 - Sunday Months:   63
cal Jul 1937 - Sunday Months:   63
cal Aug 1937 - Sunday Months:   64
cal Sep 1937 - Sunday Months:   64
cal Oct 1937 - Sunday Months:   64
cal Nov 1937 - Sunday Months:   64
cal Dec 1937 - Sunday Months:   64
cal Jan 1938 - Sunday Months:   64
cal Feb 1938 - Sunday Months:   64
cal Mar 1938 - Sunday Months:   64
cal Apr 1938 - Sunday Months:   64
cal May 1938 - Sunday Months:   65
cal Jun 1938 - Sunday Months:   65
cal Jul 1938 - Sunday Months:   65
cal Aug 1938 - Sunday Months:   65
cal Sep 1938 - Sunday Months:   65
cal Oct 1938 - Sunday Months:   65
cal Nov 1938 - Sunday Months:   65
cal Dec 1938 - Sunday Months:   65
cal Jan 1939 - Sunday Months:   66
cal Feb 1939 - Sunday Months:   66
cal Mar 1939 - Sunday Months:   66
cal Apr 1939 - Sunday Months:   66
cal May 1939 - Sunday Months:   66
cal Jun 1939 - Sunday Months:   66
cal Jul 1939 - Sunday Months:   66
cal Aug 1939 - Sunday Months:   66
cal Sep 1939 - Sunday Months:   66
cal Oct 1939 - Sunday Months:   67
cal Nov 1939 - Sunday Months:   67
cal Dec 1939 - Sunday Months:   67
cal Jan 1940 - Sunday Months:   67
cal Feb 1940 - Sunday Months:   67
cal Mar 1940 - Sunday Months:   67
cal Apr 1940 - Sunday Months:   67
cal May 1940 - Sunday Months:   67
cal Jun 1940 - Sunday Months:   67
cal Jul 1940 - Sunday Months:   67
cal Aug 1940 - Sunday Months:   67
cal Sep 1940 - Sunday Months:   68
cal Oct 1940 - Sunday Months:   68
cal Nov 1940 - Sunday Months:   68
cal Dec 1940 - Sunday Months:   69
cal Jan 1941 - Sunday Months:   69
cal Feb 1941 - Sunday Months:   69
cal Mar 1941 - Sunday Months:   69
cal Apr 1941 - Sunday Months:   69
cal May 1941 - Sunday Months:   69
cal Jun 1941 - Sunday Months:   70
cal Jul 1941 - Sunday Months:   70
cal Aug 1941 - Sunday Months:   70
cal Sep 1941 - Sunday Months:   70
cal Oct 1941 - Sunday Months:   70
cal Nov 1941 - Sunday Months:   70
cal Dec 1941 - Sunday Months:   70
cal Jan 1942 - Sunday Months:   70
cal Feb 1942 - Sunday Months:   71
cal Mar 1942 - Sunday Months:   72
cal Apr 1942 - Sunday Months:   72
cal May 1942 - Sunday Months:   72
cal Jun 1942 - Sunday Months:   72
cal Jul 1942 - Sunday Months:   72
cal Aug 1942 - Sunday Months:   72
cal Sep 1942 - Sunday Months:   72
cal Oct 1942 - Sunday Months:   72
cal Nov 1942 - Sunday Months:   73
cal Dec 1942 - Sunday Months:   73
cal Jan 1943 - Sunday Months:   73
cal Feb 1943 - Sunday Months:   73
cal Mar 1943 - Sunday Months:   73
cal Apr 1943 - Sunday Months:   73
cal May 1943 - Sunday Months:   73
cal Jun 1943 - Sunday Months:   73
cal Jul 1943 - Sunday Months:   73
cal Aug 1943 - Sunday Months:   74
cal Sep 1943 - Sunday Months:   74
cal Oct 1943 - Sunday Months:   74
cal Nov 1943 - Sunday Months:   74
cal Dec 1943 - Sunday Months:   74
cal Jan 1944 - Sunday Months:   74
cal Feb 1944 - Sunday Months:   74
cal Mar 1944 - Sunday Months:   74
cal Apr 1944 - Sunday Months:   74
cal May 1944 - Sunday Months:   74
cal Jun 1944 - Sunday Months:   74
cal Jul 1944 - Sunday Months:   74
cal Aug 1944 - Sunday Months:   74
cal Sep 1944 - Sunday Months:   74
cal Oct 1944 - Sunday Months:   75
cal Nov 1944 - Sunday Months:   75
cal Dec 1944 - Sunday Months:   75
cal Jan 1945 - Sunday Months:   75
cal Feb 1945 - Sunday Months:   75
cal Mar 1945 - Sunday Months:   75
cal Apr 1945 - Sunday Months:   76
cal May 1945 - Sunday Months:   76
cal Jun 1945 - Sunday Months:   76
cal Jul 1945 - Sunday Months:   77
cal Aug 1945 - Sunday Months:   77
cal Sep 1945 - Sunday Months:   77
cal Oct 1945 - Sunday Months:   77
cal Nov 1945 - Sunday Months:   77
cal Dec 1945 - Sunday Months:   77
cal Jan 1946 - Sunday Months:   77
cal Feb 1946 - Sunday Months:   77
cal Mar 1946 - Sunday Months:   77
cal Apr 1946 - Sunday Months:   77
cal May 1946 - Sunday Months:   77
cal Jun 1946 - Sunday Months:   77
cal Jul 1946 - Sunday Months:   77
cal Aug 1946 - Sunday Months:   77
cal Sep 1946 - Sunday Months:   78
cal Oct 1946 - Sunday Months:   78
cal Nov 1946 - Sunday Months:   78
cal Dec 1946 - Sunday Months:   79
cal Jan 1947 - Sunday Months:   79
cal Feb 1947 - Sunday Months:   79
cal Mar 1947 - Sunday Months:   79
cal Apr 1947 - Sunday Months:   79
cal May 1947 - Sunday Months:   79
cal Jun 1947 - Sunday Months:   80
cal Jul 1947 - Sunday Months:   80
cal Aug 1947 - Sunday Months:   80
cal Sep 1947 - Sunday Months:   80
cal Oct 1947 - Sunday Months:   80
cal Nov 1947 - Sunday Months:   80
cal Dec 1947 - Sunday Months:   80
cal Jan 1948 - Sunday Months:   80
cal Feb 1948 - Sunday Months:   81
cal Mar 1948 - Sunday Months:   81
cal Apr 1948 - Sunday Months:   81
cal May 1948 - Sunday Months:   81
cal Jun 1948 - Sunday Months:   81
cal Jul 1948 - Sunday Months:   81
cal Aug 1948 - Sunday Months:   82
cal Sep 1948 - Sunday Months:   82
cal Oct 1948 - Sunday Months:   82
cal Nov 1948 - Sunday Months:   82
cal Dec 1948 - Sunday Months:   82
cal Jan 1949 - Sunday Months:   82
cal Feb 1949 - Sunday Months:   82
cal Mar 1949 - Sunday Months:   82
cal Apr 1949 - Sunday Months:   82
cal May 1949 - Sunday Months:   83
cal Jun 1949 - Sunday Months:   83
cal Jul 1949 - Sunday Months:   83
cal Aug 1949 - Sunday Months:   83
cal Sep 1949 - Sunday Months:   83
cal Oct 1949 - Sunday Months:   83
cal Nov 1949 - Sunday Months:   83
cal Dec 1949 - Sunday Months:   83
cal Jan 1950 - Sunday Months:   84
cal Feb 1950 - Sunday Months:   84
cal Mar 1950 - Sunday Months:   84
cal Apr 1950 - Sunday Months:   84
cal May 1950 - Sunday Months:   84
cal Jun 1950 - Sunday Months:   84
cal Jul 1950 - Sunday Months:   84
cal Aug 1950 - Sunday Months:   84
cal Sep 1950 - Sunday Months:   84
cal Oct 1950 - Sunday Months:   85
cal Nov 1950 - Sunday Months:   85
cal Dec 1950 - Sunday Months:   85
cal Jan 1951 - Sunday Months:   85
cal Feb 1951 - Sunday Months:   85
cal Mar 1951 - Sunday Months:   85
cal Apr 1951 - Sunday Months:   86
cal May 1951 - Sunday Months:   86
cal Jun 1951 - Sunday Months:   86
cal Jul 1951 - Sunday Months:   87
cal Aug 1951 - Sunday Months:   87
cal Sep 1951 - Sunday Months:   87
cal Oct 1951 - Sunday Months:   87
cal Nov 1951 - Sunday Months:   87
cal Dec 1951 - Sunday Months:   87
cal Jan 1952 - Sunday Months:   87
cal Feb 1952 - Sunday Months:   87
cal Mar 1952 - Sunday Months:   87
cal Apr 1952 - Sunday Months:   87
cal May 1952 - Sunday Months:   87
cal Jun 1952 - Sunday Months:   88
cal Jul 1952 - Sunday Months:   88
cal Aug 1952 - Sunday Months:   88
cal Sep 1952 - Sunday Months:   88
cal Oct 1952 - Sunday Months:   88
cal Nov 1952 - Sunday Months:   88
cal Dec 1952 - Sunday Months:   88
cal Jan 1953 - Sunday Months:   88
cal Feb 1953 - Sunday Months:   89
cal Mar 1953 - Sunday Months:   90
cal Apr 1953 - Sunday Months:   90
cal May 1953 - Sunday Months:   90
cal Jun 1953 - Sunday Months:   90
cal Jul 1953 - Sunday Months:   90
cal Aug 1953 - Sunday Months:   90
cal Sep 1953 - Sunday Months:   90
cal Oct 1953 - Sunday Months:   90
cal Nov 1953 - Sunday Months:   91
cal Dec 1953 - Sunday Months:   91
cal Jan 1954 - Sunday Months:   91
cal Feb 1954 - Sunday Months:   91
cal Mar 1954 - Sunday Months:   91
cal Apr 1954 - Sunday Months:   91
cal May 1954 - Sunday Months:   91
cal Jun 1954 - Sunday Months:   91
cal Jul 1954 - Sunday Months:   91
cal Aug 1954 - Sunday Months:   92
cal Sep 1954 - Sunday Months:   92
cal Oct 1954 - Sunday Months:   92
cal Nov 1954 - Sunday Months:   92
cal Dec 1954 - Sunday Months:   92
cal Jan 1955 - Sunday Months:   92
cal Feb 1955 - Sunday Months:   92
cal Mar 1955 - Sunday Months:   92
cal Apr 1955 - Sunday Months:   92
cal May 1955 - Sunday Months:   93
cal Jun 1955 - Sunday Months:   93
cal Jul 1955 - Sunday Months:   93
cal Aug 1955 - Sunday Months:   93
cal Sep 1955 - Sunday Months:   93
cal Oct 1955 - Sunday Months:   93
cal Nov 1955 - Sunday Months:   93
cal Dec 1955 - Sunday Months:   93
cal Jan 1956 - Sunday Months:   94
cal Feb 1956 - Sunday Months:   94
cal Mar 1956 - Sunday Months:   94
cal Apr 1956 - Sunday Months:   95
cal May 1956 - Sunday Months:   95
cal Jun 1956 - Sunday Months:   95
cal Jul 1956 - Sunday Months:   96
cal Aug 1956 - Sunday Months:   96
cal Sep 1956 - Sunday Months:   96
cal Oct 1956 - Sunday Months:   96
cal Nov 1956 - Sunday Months:   96
cal Dec 1956 - Sunday Months:   96
cal Jan 1957 - Sunday Months:   96
cal Feb 1957 - Sunday Months:   96
cal Mar 1957 - Sunday Months:   96
cal Apr 1957 - Sunday Months:   96
cal May 1957 - Sunday Months:   96
cal Jun 1957 - Sunday Months:   96
cal Jul 1957 - Sunday Months:   96
cal Aug 1957 - Sunday Months:   96
cal Sep 1957 - Sunday Months:   97
cal Oct 1957 - Sunday Months:   97
cal Nov 1957 - Sunday Months:   97
cal Dec 1957 - Sunday Months:   98
cal Jan 1958 - Sunday Months:   98
cal Feb 1958 - Sunday Months:   98
cal Mar 1958 - Sunday Months:   98
cal Apr 1958 - Sunday Months:   98
cal May 1958 - Sunday Months:   98
cal Jun 1958 - Sunday Months:   99
cal Jul 1958 - Sunday Months:   99
cal Aug 1958 - Sunday Months:   99
cal Sep 1958 - Sunday Months:   99
cal Oct 1958 - Sunday Months:   99
cal Nov 1958 - Sunday Months:   99
cal Dec 1958 - Sunday Months:   99
cal Jan 1959 - Sunday Months:   99
cal Feb 1959 - Sunday Months:  100
cal Mar 1959 - Sunday Months:  101
cal Apr 1959 - Sunday Months:  101
cal May 1959 - Sunday Months:  101
cal Jun 1959 - Sunday Months:  101
cal Jul 1959 - Sunday Months:  101
cal Aug 1959 - Sunday Months:  101
cal Sep 1959 - Sunday Months:  101
cal Oct 1959 - Sunday Months:  101
cal Nov 1959 - Sunday Months:  102
cal Dec 1959 - Sunday Months:  102
cal Jan 1960 - Sunday Months:  102
cal Feb 1960 - Sunday Months:  102
cal Mar 1960 - Sunday Months:  102
cal Apr 1960 - Sunday Months:  102
cal May 1960 - Sunday Months:  103
cal Jun 1960 - Sunday Months:  103
cal Jul 1960 - Sunday Months:  103
cal Aug 1960 - Sunday Months:  103
cal Sep 1960 - Sunday Months:  103
cal Oct 1960 - Sunday Months:  103
cal Nov 1960 - Sunday Months:  103
cal Dec 1960 - Sunday Months:  103
cal Jan 1961 - Sunday Months:  104
cal Feb 1961 - Sunday Months:  104
cal Mar 1961 - Sunday Months:  104
cal Apr 1961 - Sunday Months:  104
cal May 1961 - Sunday Months:  104
cal Jun 1961 - Sunday Months:  104
cal Jul 1961 - Sunday Months:  104
cal Aug 1961 - Sunday Months:  104
cal Sep 1961 - Sunday Months:  104
cal Oct 1961 - Sunday Months:  105
cal Nov 1961 - Sunday Months:  105
cal Dec 1961 - Sunday Months:  105
cal Jan 1962 - Sunday Months:  105
cal Feb 1962 - Sunday Months:  105
cal Mar 1962 - Sunday Months:  105
cal Apr 1962 - Sunday Months:  106
cal May 1962 - Sunday Months:  106
cal Jun 1962 - Sunday Months:  106
cal Jul 1962 - Sunday Months:  107
cal Aug 1962 - Sunday Months:  107
cal Sep 1962 - Sunday Months:  107
cal Oct 1962 - Sunday Months:  107
cal Nov 1962 - Sunday Months:  107
cal Dec 1962 - Sunday Months:  107
cal Jan 1963 - Sunday Months:  107
cal Feb 1963 - Sunday Months:  107
cal Mar 1963 - Sunday Months:  107
cal Apr 1963 - Sunday Months:  107
cal May 1963 - Sunday Months:  107
cal Jun 1963 - Sunday Months:  107
cal Jul 1963 - Sunday Months:  107
cal Aug 1963 - Sunday Months:  107
cal Sep 1963 - Sunday Months:  108
cal Oct 1963 - Sunday Months:  108
cal Nov 1963 - Sunday Months:  108
cal Dec 1963 - Sunday Months:  109
cal Jan 1964 - Sunday Months:  109
cal Feb 1964 - Sunday Months:  109
cal Mar 1964 - Sunday Months:  110
cal Apr 1964 - Sunday Months:  110
cal May 1964 - Sunday Months:  110
cal Jun 1964 - Sunday Months:  110
cal Jul 1964 - Sunday Months:  110
cal Aug 1964 - Sunday Months:  110
cal Sep 1964 - Sunday Months:  110
cal Oct 1964 - Sunday Months:  110
cal Nov 1964 - Sunday Months:  111
cal Dec 1964 - Sunday Months:  111
cal Jan 1965 - Sunday Months:  111
cal Feb 1965 - Sunday Months:  111
cal Mar 1965 - Sunday Months:  111
cal Apr 1965 - Sunday Months:  111
cal May 1965 - Sunday Months:  111
cal Jun 1965 - Sunday Months:  111
cal Jul 1965 - Sunday Months:  111
cal Aug 1965 - Sunday Months:  112
cal Sep 1965 - Sunday Months:  112
cal Oct 1965 - Sunday Months:  112
cal Nov 1965 - Sunday Months:  112
cal Dec 1965 - Sunday Months:  112
cal Jan 1966 - Sunday Months:  112
cal Feb 1966 - Sunday Months:  112
cal Mar 1966 - Sunday Months:  112
cal Apr 1966 - Sunday Months:  112
cal May 1966 - Sunday Months:  113
cal Jun 1966 - Sunday Months:  113
cal Jul 1966 - Sunday Months:  113
cal Aug 1966 - Sunday Months:  113
cal Sep 1966 - Sunday Months:  113
cal Oct 1966 - Sunday Months:  113
cal Nov 1966 - Sunday Months:  113
cal Dec 1966 - Sunday Months:  113
cal Jan 1967 - Sunday Months:  114
cal Feb 1967 - Sunday Months:  114
cal Mar 1967 - Sunday Months:  114
cal Apr 1967 - Sunday Months:  114
cal May 1967 - Sunday Months:  114
cal Jun 1967 - Sunday Months:  114
cal Jul 1967 - Sunday Months:  114
cal Aug 1967 - Sunday Months:  114
cal Sep 1967 - Sunday Months:  114
cal Oct 1967 - Sunday Months:  115
cal Nov 1967 - Sunday Months:  115
cal Dec 1967 - Sunday Months:  115
cal Jan 1968 - Sunday Months:  115
cal Feb 1968 - Sunday Months:  115
cal Mar 1968 - Sunday Months:  115
cal Apr 1968 - Sunday Months:  115
cal May 1968 - Sunday Months:  115
cal Jun 1968 - Sunday Months:  115
cal Jul 1968 - Sunday Months:  115
cal Aug 1968 - Sunday Months:  115
cal Sep 1968 - Sunday Months:  116
cal Oct 1968 - Sunday Months:  116
cal Nov 1968 - Sunday Months:  116
cal Dec 1968 - Sunday Months:  117
cal Jan 1969 - Sunday Months:  117
cal Feb 1969 - Sunday Months:  117
cal Mar 1969 - Sunday Months:  117
cal Apr 1969 - Sunday Months:  117
cal May 1969 - Sunday Months:  117
cal Jun 1969 - Sunday Months:  118
cal Jul 1969 - Sunday Months:  118
cal Aug 1969 - Sunday Months:  118
cal Sep 1969 - Sunday Months:  118
cal Oct 1969 - Sunday Months:  118
cal Nov 1969 - Sunday Months:  118
cal Dec 1969 - Sunday Months:  118
cal Jan 1970 - Sunday Months:  118
cal Feb 1970 - Sunday Months:  119
cal Mar 1970 - Sunday Months:  120
cal Apr 1970 - Sunday Months:  120
cal May 1970 - Sunday Months:  120
cal Jun 1970 - Sunday Months:  120
cal Jul 1970 - Sunday Months:  120
cal Aug 1970 - Sunday Months:  120
cal Sep 1970 - Sunday Months:  120
cal Oct 1970 - Sunday Months:  120
cal Nov 1970 - Sunday Months:  121
cal Dec 1970 - Sunday Months:  121
cal Jan 1971 - Sunday Months:  121
cal Feb 1971 - Sunday Months:  121
cal Mar 1971 - Sunday Months:  121
cal Apr 1971 - Sunday Months:  121
cal May 1971 - Sunday Months:  121
cal Jun 1971 - Sunday Months:  121
cal Jul 1971 - Sunday Months:  121
cal Aug 1971 - Sunday Months:  122
cal Sep 1971 - Sunday Months:  122
cal Oct 1971 - Sunday Months:  122
cal Nov 1971 - Sunday Months:  122
cal Dec 1971 - Sunday Months:  122
cal Jan 1972 - Sunday Months:  122
cal Feb 1972 - Sunday Months:  122
cal Mar 1972 - Sunday Months:  122
cal Apr 1972 - Sunday Months:  122
cal May 1972 - Sunday Months:  122
cal Jun 1972 - Sunday Months:  122
cal Jul 1972 - Sunday Months:  122
cal Aug 1972 - Sunday Months:  122
cal Sep 1972 - Sunday Months:  122
cal Oct 1972 - Sunday Months:  123
cal Nov 1972 - Sunday Months:  123
cal Dec 1972 - Sunday Months:  123
cal Jan 1973 - Sunday Months:  123
cal Feb 1973 - Sunday Months:  123
cal Mar 1973 - Sunday Months:  123
cal Apr 1973 - Sunday Months:  124
cal May 1973 - Sunday Months:  124
cal Jun 1973 - Sunday Months:  124
cal Jul 1973 - Sunday Months:  125
cal Aug 1973 - Sunday Months:  125
cal Sep 1973 - Sunday Months:  125
cal Oct 1973 - Sunday Months:  125
cal Nov 1973 - Sunday Months:  125
cal Dec 1973 - Sunday Months:  125
cal Jan 1974 - Sunday Months:  125
cal Feb 1974 - Sunday Months:  125
cal Mar 1974 - Sunday Months:  125
cal Apr 1974 - Sunday Months:  125
cal May 1974 - Sunday Months:  125
cal Jun 1974 - Sunday Months:  125
cal Jul 1974 - Sunday Months:  125
cal Aug 1974 - Sunday Months:  125
cal Sep 1974 - Sunday Months:  126
cal Oct 1974 - Sunday Months:  126
cal Nov 1974 - Sunday Months:  126
cal Dec 1974 - Sunday Months:  127
cal Jan 1975 - Sunday Months:  127
cal Feb 1975 - Sunday Months:  127
cal Mar 1975 - Sunday Months:  127
cal Apr 1975 - Sunday Months:  127
cal May 1975 - Sunday Months:  127
cal Jun 1975 - Sunday Months:  128
cal Jul 1975 - Sunday Months:  128
cal Aug 1975 - Sunday Months:  128
cal Sep 1975 - Sunday Months:  128
cal Oct 1975 - Sunday Months:  128
cal Nov 1975 - Sunday Months:  128
cal Dec 1975 - Sunday Months:  128
cal Jan 1976 - Sunday Months:  128
cal Feb 1976 - Sunday Months:  129
cal Mar 1976 - Sunday Months:  129
cal Apr 1976 - Sunday Months:  129
cal May 1976 - Sunday Months:  129
cal Jun 1976 - Sunday Months:  129
cal Jul 1976 - Sunday Months:  129
cal Aug 1976 - Sunday Months:  130
cal Sep 1976 - Sunday Months:  130
cal Oct 1976 - Sunday Months:  130
cal Nov 1976 - Sunday Months:  130
cal Dec 1976 - Sunday Months:  130
cal Jan 1977 - Sunday Months:  130
cal Feb 1977 - Sunday Months:  130
cal Mar 1977 - Sunday Months:  130
cal Apr 1977 - Sunday Months:  130
cal May 1977 - Sunday Months:  131
cal Jun 1977 - Sunday Months:  131
cal Jul 1977 - Sunday Months:  131
cal Aug 1977 - Sunday Months:  131
cal Sep 1977 - Sunday Months:  131
cal Oct 1977 - Sunday Months:  131
cal Nov 1977 - Sunday Months:  131
cal Dec 1977 - Sunday Months:  131
cal Jan 1978 - Sunday Months:  132
cal Feb 1978 - Sunday Months:  132
cal Mar 1978 - Sunday Months:  132
cal Apr 1978 - Sunday Months:  132
cal May 1978 - Sunday Months:  132
cal Jun 1978 - Sunday Months:  132
cal Jul 1978 - Sunday Months:  132
cal Aug 1978 - Sunday Months:  132
cal Sep 1978 - Sunday Months:  132
cal Oct 1978 - Sunday Months:  133
cal Nov 1978 - Sunday Months:  133
cal Dec 1978 - Sunday Months:  133
cal Jan 1979 - Sunday Months:  133
cal Feb 1979 - Sunday Months:  133
cal Mar 1979 - Sunday Months:  133
cal Apr 1979 - Sunday Months:  134
cal May 1979 - Sunday Months:  134
cal Jun 1979 - Sunday Months:  134
cal Jul 1979 - Sunday Months:  135
cal Aug 1979 - Sunday Months:  135
cal Sep 1979 - Sunday Months:  135
cal Oct 1979 - Sunday Months:  135
cal Nov 1979 - Sunday Months:  135
cal Dec 1979 - Sunday Months:  135
cal Jan 1980 - Sunday Months:  135
cal Feb 1980 - Sunday Months:  135
cal Mar 1980 - Sunday Months:  135
cal Apr 1980 - Sunday Months:  135
cal May 1980 - Sunday Months:  135
cal Jun 1980 - Sunday Months:  136
cal Jul 1980 - Sunday Months:  136
cal Aug 1980 - Sunday Months:  136
cal Sep 1980 - Sunday Months:  136
cal Oct 1980 - Sunday Months:  136
cal Nov 1980 - Sunday Months:  136
cal Dec 1980 - Sunday Months:  136
cal Jan 1981 - Sunday Months:  136
cal Feb 1981 - Sunday Months:  137
cal Mar 1981 - Sunday Months:  138
cal Apr 1981 - Sunday Months:  138
cal May 1981 - Sunday Months:  138
cal Jun 1981 - Sunday Months:  138
cal Jul 1981 - Sunday Months:  138
cal Aug 1981 - Sunday Months:  138
cal Sep 1981 - Sunday Months:  138
cal Oct 1981 - Sunday Months:  138
cal Nov 1981 - Sunday Months:  139
cal Dec 1981 - Sunday Months:  139
cal Jan 1982 - Sunday Months:  139
cal Feb 1982 - Sunday Months:  139
cal Mar 1982 - Sunday Months:  139
cal Apr 1982 - Sunday Months:  139
cal May 1982 - Sunday Months:  139
cal Jun 1982 - Sunday Months:  139
cal Jul 1982 - Sunday Months:  139
cal Aug 1982 - Sunday Months:  140
cal Sep 1982 - Sunday Months:  140
cal Oct 1982 - Sunday Months:  140
cal Nov 1982 - Sunday Months:  140
cal Dec 1982 - Sunday Months:  140
cal Jan 1983 - Sunday Months:  140
cal Feb 1983 - Sunday Months:  140
cal Mar 1983 - Sunday Months:  140
cal Apr 1983 - Sunday Months:  140
cal May 1983 - Sunday Months:  141
cal Jun 1983 - Sunday Months:  141
cal Jul 1983 - Sunday Months:  141
cal Aug 1983 - Sunday Months:  141
cal Sep 1983 - Sunday Months:  141
cal Oct 1983 - Sunday Months:  141
cal Nov 1983 - Sunday Months:  141
cal Dec 1983 - Sunday Months:  141
cal Jan 1984 - Sunday Months:  142
cal Feb 1984 - Sunday Months:  142
cal Mar 1984 - Sunday Months:  142
cal Apr 1984 - Sunday Months:  143
cal May 1984 - Sunday Months:  143
cal Jun 1984 - Sunday Months:  143
cal Jul 1984 - Sunday Months:  144
cal Aug 1984 - Sunday Months:  144
cal Sep 1984 - Sunday Months:  144
cal Oct 1984 - Sunday Months:  144
cal Nov 1984 - Sunday Months:  144
cal Dec 1984 - Sunday Months:  144
cal Jan 1985 - Sunday Months:  144
cal Feb 1985 - Sunday Months:  144
cal Mar 1985 - Sunday Months:  144
cal Apr 1985 - Sunday Months:  144
cal May 1985 - Sunday Months:  144
cal Jun 1985 - Sunday Months:  144
cal Jul 1985 - Sunday Months:  144
cal Aug 1985 - Sunday Months:  144
cal Sep 1985 - Sunday Months:  145
cal Oct 1985 - Sunday Months:  145
cal Nov 1985 - Sunday Months:  145
cal Dec 1985 - Sunday Months:  146
cal Jan 1986 - Sunday Months:  146
cal Feb 1986 - Sunday Months:  146
cal Mar 1986 - Sunday Months:  146
cal Apr 1986 - Sunday Months:  146
cal May 1986 - Sunday Months:  146
cal Jun 1986 - Sunday Months:  147
cal Jul 1986 - Sunday Months:  147
cal Aug 1986 - Sunday Months:  147
cal Sep 1986 - Sunday Months:  147
cal Oct 1986 - Sunday Months:  147
cal Nov 1986 - Sunday Months:  147
cal Dec 1986 - Sunday Months:  147
cal Jan 1987 - Sunday Months:  147
cal Feb 1987 - Sunday Months:  148
cal Mar 1987 - Sunday Months:  149
cal Apr 1987 - Sunday Months:  149
cal May 1987 - Sunday Months:  149
cal Jun 1987 - Sunday Months:  149
cal Jul 1987 - Sunday Months:  149
cal Aug 1987 - Sunday Months:  149
cal Sep 1987 - Sunday Months:  149
cal Oct 1987 - Sunday Months:  149
cal Nov 1987 - Sunday Months:  150
cal Dec 1987 - Sunday Months:  150
cal Jan 1988 - Sunday Months:  150
cal Feb 1988 - Sunday Months:  150
cal Mar 1988 - Sunday Months:  150
cal Apr 1988 - Sunday Months:  150
cal May 1988 - Sunday Months:  151
cal Jun 1988 - Sunday Months:  151
cal Jul 1988 - Sunday Months:  151
cal Aug 1988 - Sunday Months:  151
cal Sep 1988 - Sunday Months:  151
cal Oct 1988 - Sunday Months:  151
cal Nov 1988 - Sunday Months:  151
cal Dec 1988 - Sunday Months:  151
cal Jan 1989 - Sunday Months:  152
cal Feb 1989 - Sunday Months:  152
cal Mar 1989 - Sunday Months:  152
cal Apr 1989 - Sunday Months:  152
cal May 1989 - Sunday Months:  152
cal Jun 1989 - Sunday Months:  152
cal Jul 1989 - Sunday Months:  152
cal Aug 1989 - Sunday Months:  152
cal Sep 1989 - Sunday Months:  152
cal Oct 1989 - Sunday Months:  153
cal Nov 1989 - Sunday Months:  153
cal Dec 1989 - Sunday Months:  153
cal Jan 1990 - Sunday Months:  153
cal Feb 1990 - Sunday Months:  153
cal Mar 1990 - Sunday Months:  153
cal Apr 1990 - Sunday Months:  154
cal May 1990 - Sunday Months:  154
cal Jun 1990 - Sunday Months:  154
cal Jul 1990 - Sunday Months:  155
cal Aug 1990 - Sunday Months:  155
cal Sep 1990 - Sunday Months:  155
cal Oct 1990 - Sunday Months:  155
cal Nov 1990 - Sunday Months:  155
cal Dec 1990 - Sunday Months:  155
cal Jan 1991 - Sunday Months:  155
cal Feb 1991 - Sunday Months:  155
cal Mar 1991 - Sunday Months:  155
cal Apr 1991 - Sunday Months:  155
cal May 1991 - Sunday Months:  155
cal Jun 1991 - Sunday Months:  155
cal Jul 1991 - Sunday Months:  155
cal Aug 1991 - Sunday Months:  155
cal Sep 1991 - Sunday Months:  156
cal Oct 1991 - Sunday Months:  156
cal Nov 1991 - Sunday Months:  156
cal Dec 1991 - Sunday Months:  157
cal Jan 1992 - Sunday Months:  157
cal Feb 1992 - Sunday Months:  157
cal Mar 1992 - Sunday Months:  158
cal Apr 1992 - Sunday Months:  158
cal May 1992 - Sunday Months:  158
cal Jun 1992 - Sunday Months:  158
cal Jul 1992 - Sunday Months:  158
cal Aug 1992 - Sunday Months:  158
cal Sep 1992 - Sunday Months:  158
cal Oct 1992 - Sunday Months:  158
cal Nov 1992 - Sunday Months:  159
cal Dec 1992 - Sunday Months:  159
cal Jan 1993 - Sunday Months:  159
cal Feb 1993 - Sunday Months:  159
cal Mar 1993 - Sunday Months:  159
cal Apr 1993 - Sunday Months:  159
cal May 1993 - Sunday Months:  159
cal Jun 1993 - Sunday Months:  159
cal Jul 1993 - Sunday Months:  159
cal Aug 1993 - Sunday Months:  160
cal Sep 1993 - Sunday Months:  160
cal Oct 1993 - Sunday Months:  160
cal Nov 1993 - Sunday Months:  160
cal Dec 1993 - Sunday Months:  160
cal Jan 1994 - Sunday Months:  160
cal Feb 1994 - Sunday Months:  160
cal Mar 1994 - Sunday Months:  160
cal Apr 1994 - Sunday Months:  160
cal May 1994 - Sunday Months:  161
cal Jun 1994 - Sunday Months:  161
cal Jul 1994 - Sunday Months:  161
cal Aug 1994 - Sunday Months:  161
cal Sep 1994 - Sunday Months:  161
cal Oct 1994 - Sunday Months:  161
cal Nov 1994 - Sunday Months:  161
cal Dec 1994 - Sunday Months:  161
cal Jan 1995 - Sunday Months:  162
cal Feb 1995 - Sunday Months:  162
cal Mar 1995 - Sunday Months:  162
cal Apr 1995 - Sunday Months:  162
cal May 1995 - Sunday Months:  162
cal Jun 1995 - Sunday Months:  162
cal Jul 1995 - Sunday Months:  162
cal Aug 1995 - Sunday Months:  162
cal Sep 1995 - Sunday Months:  162
cal Oct 1995 - Sunday Months:  163
cal Nov 1995 - Sunday Months:  163
cal Dec 1995 - Sunday Months:  163
cal Jan 1996 - Sunday Months:  163
cal Feb 1996 - Sunday Months:  163
cal Mar 1996 - Sunday Months:  163
cal Apr 1996 - Sunday Months:  163
cal May 1996 - Sunday Months:  163
cal Jun 1996 - Sunday Months:  163
cal Jul 1996 - Sunday Months:  163
cal Aug 1996 - Sunday Months:  163
cal Sep 1996 - Sunday Months:  164
cal Oct 1996 - Sunday Months:  164
cal Nov 1996 - Sunday Months:  164
cal Dec 1996 - Sunday Months:  165
cal Jan 1997 - Sunday Months:  165
cal Feb 1997 - Sunday Months:  165
cal Mar 1997 - Sunday Months:  165
cal Apr 1997 - Sunday Months:  165
cal May 1997 - Sunday Months:  165
cal Jun 1997 - Sunday Months:  166
cal Jul 1997 - Sunday Months:  166
cal Aug 1997 - Sunday Months:  166
cal Sep 1997 - Sunday Months:  166
cal Oct 1997 - Sunday Months:  166
cal Nov 1997 - Sunday Months:  166
cal Dec 1997 - Sunday Months:  166
cal Jan 1998 - Sunday Months:  166
cal Feb 1998 - Sunday Months:  167
cal Mar 1998 - Sunday Months:  168
cal Apr 1998 - Sunday Months:  168
cal May 1998 - Sunday Months:  168
cal Jun 1998 - Sunday Months:  168
cal Jul 1998 - Sunday Months:  168
cal Aug 1998 - Sunday Months:  168
cal Sep 1998 - Sunday Months:  168
cal Oct 1998 - Sunday Months:  168
cal Nov 1998 - Sunday Months:  169
cal Dec 1998 - Sunday Months:  169
cal Jan 1999 - Sunday Months:  169
cal Feb 1999 - Sunday Months:  169
cal Mar 1999 - Sunday Months:  169
cal Apr 1999 - Sunday Months:  169
cal May 1999 - Sunday Months:  169
cal Jun 1999 - Sunday Months:  169
cal Jul 1999 - Sunday Months:  169
cal Aug 1999 - Sunday Months:  170
cal Sep 1999 - Sunday Months:  170
cal Oct 1999 - Sunday Months:  170
cal Nov 1999 - Sunday Months:  170
cal Dec 1999 - Sunday Months:  170
cal Jan 2000 - Sunday Months:  170
cal Feb 2000 - Sunday Months:  170
cal Mar 2000 - Sunday Months:  170
cal Apr 2000 - Sunday Months:  170
cal May 2000 - Sunday Months:  171
cal Jun 2000 - Sunday Months:  171
cal Jul 2000 - Sunday Months:  171
cal Aug 2000 - Sunday Months:  171
cal Sep 2000 - Sunday Months:  171
cal Oct 2000 - Sunday Months:  171
cal Nov 2000 - Sunday Months:  171
cal Dec 2000 - Sunday Months:  171
Months starting on Sunday in 20th century is 171
0.002940608999999997
