found these tiles: al, be, con, de, gly, ha, in, jec, le, mer, mis, mm, sa, so, swi, tur, ult, vau, ves, vil.
our array starts with 20 elements.
20 combinations with 1 tiles.
190 combinations with 2 tiles.
total combos: 210
combo: >al<
combo: >albe<
combo: >alcon<
combo: >alde<
combo: >algly<
combo: >alha<
combo: >alin<
combo: >aljec<
combo: >alle<
combo: >almer<
combo: >almis<
combo: >almm<
combo: >alsa<
combo: >also<
combo: >alswi<
combo: >altur<
combo: >alult<
combo: >alvau<
combo: >alves<
combo: >alvil<
combo: >be<
combo: >becon<
combo: >begly<
combo: >beha<
combo: >bejec<
combo: >bele<
combo: >bemis<
combo: >bemm<
combo: >beso<
combo: >beswi<
combo: >bevau<
combo: >beves<
combo: >bevil<
combo: >con<
combo: >conha<
combo: >conle<
combo: >conmm<
combo: >conswi<
combo: >de<
combo: >debe<
combo: >decon<
combo: >degly<
combo: >deha<
combo: >dein<
combo: >dejec<
combo: >dele<
combo: >demer<
combo: >demis<
combo: >demm<
combo: >desa<
combo: >deso<
combo: >deswi<
combo: >detur<
combo: >deult<
combo: >devau<
combo: >deves<
combo: >devil<
combo: >gly<
combo: >glycon<
combo: >glyha<
combo: >glyjec<
combo: >glyle<
combo: >glymis<
combo: >glymm<
combo: >glyso<
combo: >glyswi<
combo: >glyvau<
combo: >glyves<
combo: >glyvil<
combo: >ha<
combo: >hale<
combo: >hamm<
combo: >haswi<
combo: >in<
combo: >inbe<
combo: >incon<
combo: >ingly<
combo: >inha<
combo: >injec<
combo: >inle<
combo: >inmer<
combo: >inmis<
combo: >inmm<
combo: >insa<
combo: >inso<
combo: >inswi<
combo: >intur<
combo: >inult<
combo: >invau<
combo: >inves<
combo: >invil<
combo: >jec<
combo: >jeccon<
combo: >jecha<
combo: >jecle<
combo: >jecmis<
combo: >jecmm<
combo: >jecso<
combo: >jecswi<
combo: >jecvau<
combo: >jecves<
combo: >jecvil<
combo: >le<
combo: >lemm<
combo: >leswi<
combo: >mer<
combo: >merbe<
combo: >mercon<
combo: >mergly<
combo: >merha<
combo: >merjec<
combo: >merle<
combo: >mermis<
combo: >mermm<
combo: >mersa<
combo: >merso<
combo: >merswi<
combo: >mertur<
combo: >merult<
combo: >mervau<
combo: >merves<
combo: >mervil<
combo: >mis<
combo: >miscon<
combo: >misha<
combo: >misle<
combo: >mismm<
combo: >misso<
combo: >misswi<
combo: >misvau<
combo: >misves<
combo: >misvil<
combo: >mm<
combo: >mmswi<
combo: >sa<
combo: >sabe<
combo: >sacon<
combo: >sagly<
combo: >saha<
combo: >sajec<
combo: >sale<
combo: >samis<
combo: >samm<
combo: >saso<
combo: >saswi<
combo: >satur<
combo: >sault<
combo: >savau<
combo: >saves<
combo: >savil<
combo: >so<
combo: >socon<
combo: >soha<
combo: >sole<
combo: >somm<
combo: >soswi<
combo: >sovau<
combo: >soves<
combo: >sovil<
combo: >swi<
combo: >tur<
combo: >turbe<
combo: >turcon<
combo: >turgly<
combo: >turha<
combo: >turjec<
combo: >turle<
combo: >turmis<
combo: >turmm<
combo: >turso<
combo: >turswi<
combo: >turult<
combo: >turvau<
combo: >turves<
combo: >turvil<
combo: >ult<
combo: >ultbe<
combo: >ultcon<
combo: >ultgly<
combo: >ultha<
combo: >ultjec<
combo: >ultle<
combo: >ultmis<
combo: >ultmm<
combo: >ultso<
combo: >ultswi<
combo: >ultvau<
combo: >ultves<
combo: >ultvil<
combo: >vau<
combo: >vaucon<
combo: >vauha<
combo: >vaule<
combo: >vaumm<
combo: >vauswi<
combo: >vauves<
combo: >vauvil<
combo: >ves<
combo: >vescon<
combo: >vesha<
combo: >vesle<
combo: >vesmm<
combo: >vesswi<
combo: >vesvil<
combo: >vil<
combo: >vilcon<
combo: >vilha<
combo: >ville<
combo: >vilmm<
combo: >vilswi<
found 'also'

found words: Al
found words: al
found words: albe
found words: alin
found words: Alle
found words: also
found words: be
found words: con
found words: de
found words: dele
found words: detur
found words: devil
found words: ha
found words: hale
found words: in
found words: inbe
found words: Mer
found words: merle
found words: Mermis
found words: sa
found words: sabe
found words: sale
found words: sault
found words: so
found words: sole
found words: tur
found words: vau
found words: ville
