puzzle_string: 009100000260007000000500070002013800090080000400000001508070010000300050603850004
==== Pass 1 ====
                                                                               
        1       2       3       4       5       6       7       8       9      
    +-------+-------+-------+-------+-------+-------+-------+-------+-------+  
    |     3 '     3 '       |       '   2 3 '   2   |   2 3 '   2 3 '   2 3 |  
  1 |       ' 4 5   '   9   |   1   ' 4   6 ' 4   6 | 4 5 6 ' 4   6 '   5 6 |  
    | 7 8   ' 7 8   '       |       '       '   8   |       '   8   '   8   |  
    + ----- + ----- + ----- + ----- + ----- + ----- + ----- + ----- + ----- +  
    |       '       ' 1     |       '     3 '       | 1   3 '     3 '     3 |  
  2 |   2   '   6   ' 4 5   | 4     ' 4     '   7   | 4 5   ' 4     '   5   |  
    |       '       '       |     9 '     9 '       |     9 '   8 9 '   8 9 |  
    + ----- + ----- + ----- + ----- + ----- + ----- + ----- + ----- + ----- +  
    | 1   3 ' 1   3 ' 1     |       '   2 3 '   2   | 1 2 3 '       '   2 3 |  
  3 |       ' 4     ' 4     |   5   ' 4   6 ' 4   6 | 4   6 '   7   '     6 |  
    |   8   '   8   '       |       '     9 '   8 9 |     9 '       '   8 9 |  
    +-------+-------+-------+-------+-------+-------+-------+-------+-------+  
    |       '       '       |       '       '       |       '       '       |  
  4 |       '   5   '   2   | 4   6 '   1   '   3   |   8   ' 4   6 '   5 6 |  
    | 7     ' 7     '       | 7   9 '       '       |       '     9 ' 7   9 |  
    + ----- + ----- + ----- + ----- + ----- + ----- + ----- + ----- + ----- +  
    | 1   3 '       ' 1     |   2   '       '   2   |   2 3 '   2 3 '   2 3 |  
  5 |       '   9   '   5 6 | 4   6 '   8   ' 4 5 6 | 4 5 6 ' 4   6 '   5 6 |  
    | 7     '       ' 7     | 7     '       '       | 7     '       ' 7     |  
    + ----- + ----- + ----- + ----- + ----- + ----- + ----- + ----- + ----- +  
    |       '     3 '       |   2   '   2   '   2   |   2 3 '   2 3 '       |  
  6 |   4   '   5   '   5 6 |     6 '     6 '   5 6 |   5 6 '     6 '   1   |  
    |       ' 7 8   ' 7     | 7   9 '     9 '     9 | 7   9 '     9 '       |  
    +-------+-------+-------+-------+-------+-------+-------+-------+-------+  
    |       '   2   '       |   2   '       '   2   |   2 3 '       '   2 3 |  
  7 |   5   ' 4     '   8   | 4   6 '   7   ' 4   6 |     6 '   1   '     6 |  
    |       '       '       |     9 '       '     9 |     9 '       '     9 |  
    + ----- + ----- + ----- + ----- + ----- + ----- + ----- + ----- + ----- +  
    | 1     ' 1 2   ' 1     |       '   2   ' 1 2   |   2   '       '   2   |  
  8 |       ' 4     ' 4     |   3   ' 4   6 ' 4   6 |     6 '   5   '     6 |  
    | 7   9 ' 7     ' 7     |       '     9 '     9 | 7   9 '       ' 7 8 9 |  
    + ----- + ----- + ----- + ----- + ----- + ----- + ----- + ----- + ----- +  
    |       ' 1 2   '       |       '       ' 1 2   |   2   '   2   '       |  
  9 |   6   '       '   3   |   8   '   5   '       |       '       '   4   |  
    |       ' 7     '       |       '       '     9 | 7   9 '     9 '       |  
    +-------+-------+-------+-------+-------+-------+-------+-------+-------+  
Looking for Singletons (cells with only one possible value left) :
Setting cell ( 4, 1, 4 ) to 7
Setting cell ( 4, 2, 4 ) to 5
Setting cell ( 6, 3, 4 ) to 6
Found and set 3 cells this singletons search pass.

So far we filled this many cells: 29
                                                                               
        1       2       3       4       5       6       7       8       9      
    +-------+-------+-------+-------+-------+-------+-------+-------+-------+  
    |     3 '     3 '       |       '   2 3 '   2   |   2 3 '   2 3 '   2 3 |  
  1 |       ' 4     '   9   |   1   ' 4   6 ' 4   6 | 4 5 6 ' 4   6 '   5 6 |  
    |   8   ' 7 8   '       |       '       '   8   |       '   8   '   8   |  
    + ----- + ----- + ----- + ----- + ----- + ----- + ----- + ----- + ----- +  
    |       '       ' 1     |       '     3 '       | 1   3 '     3 '     3 |  
  2 |   2   '   6   ' 4 5   | 4     ' 4     '   7   | 4 5   ' 4     '   5   |  
    |       '       '       |     9 '     9 '       |     9 '   8 9 '   8 9 |  
    + ----- + ----- + ----- + ----- + ----- + ----- + ----- + ----- + ----- +  
    | 1   3 ' 1   3 ' 1     |       '   2 3 '   2   | 1 2 3 '       '   2 3 |  
  3 |       ' 4     ' 4     |   5   ' 4   6 ' 4   6 | 4   6 '   7   '     6 |  
    |   8   '   8   '       |       '     9 '   8 9 |     9 '       '   8 9 |  
    +-------+-------+-------+-------+-------+-------+-------+-------+-------+  
    |       '       '       |       '       '       |       '       '       |  
  4 |   7   '   5   '   2   | 4   6 '   1   '   3   |   8   ' 4   6 '     6 |  
    |       '       '       |     9 '       '       |       '     9 '     9 |  
    + ----- + ----- + ----- + ----- + ----- + ----- + ----- + ----- + ----- +  
    | 1   3 '       ' 1     |   2   '       '   2   |   2 3 '   2 3 '   2 3 |  
  5 |       '   9   '       | 4   6 '   8   ' 4 5 6 | 4 5 6 ' 4   6 '   5 6 |  
    |       '       '       | 7     '       '       | 7     '       ' 7     |  
    + ----- + ----- + ----- + ----- + ----- + ----- + ----- + ----- + ----- +  
    |       '     3 '       |   2   '   2   '   2   |   2 3 '   2 3 '       |  
  6 |   4   '       '   6   |       '       '   5   |   5   '       '   1   |  
    |       '   8   '       | 7   9 '     9 '     9 | 7   9 '     9 '       |  
    +-------+-------+-------+-------+-------+-------+-------+-------+-------+  
    |       '   2   '       |   2   '       '   2   |   2 3 '       '   2 3 |  
  7 |   5   ' 4     '   8   | 4   6 '   7   ' 4   6 |     6 '   1   '     6 |  
    |       '       '       |     9 '       '     9 |     9 '       '     9 |  
    + ----- + ----- + ----- + ----- + ----- + ----- + ----- + ----- + ----- +  
    | 1     ' 1 2   ' 1     |       '   2   ' 1 2   |   2   '       '   2   |  
  8 |       ' 4     ' 4     |   3   ' 4   6 ' 4   6 |     6 '   5   '     6 |  
    |     9 ' 7     ' 7     |       '     9 '     9 | 7   9 '       ' 7 8 9 |  
    + ----- + ----- + ----- + ----- + ----- + ----- + ----- + ----- + ----- +  
    |       ' 1 2   '       |       '       ' 1 2   |   2   '   2   '       |  
  9 |   6   '       '   3   |   8   '   5   '       |       '       '   4   |  
    |       ' 7     '       |       '       '     9 | 7   9 '     9 '       |  
    +-------+-------+-------+-------+-------+-------+-------+-------+-------+  
---- end singletons method ----

Looking for Singletons (cells with only one possible value left) :
Setting cell ( 5, 3, 4 ) to 1
Found and set 1 cells this singletons search pass.

So far we filled this many cells: 30
                                                                               
        1       2       3       4       5       6       7       8       9      
    +-------+-------+-------+-------+-------+-------+-------+-------+-------+  
    |     3 '     3 '       |       '   2 3 '   2   |   2 3 '   2 3 '   2 3 |  
  1 |       ' 4     '   9   |   1   ' 4   6 ' 4   6 | 4 5 6 ' 4   6 '   5 6 |  
    |   8   ' 7 8   '       |       '       '   8   |       '   8   '   8   |  
    + ----- + ----- + ----- + ----- + ----- + ----- + ----- + ----- + ----- +  
    |       '       '       |       '     3 '       | 1   3 '     3 '     3 |  
  2 |   2   '   6   ' 4 5   | 4     ' 4     '   7   | 4 5   ' 4     '   5   |  
    |       '       '       |     9 '     9 '       |     9 '   8 9 '   8 9 |  
    + ----- + ----- + ----- + ----- + ----- + ----- + ----- + ----- + ----- +  
    | 1   3 ' 1   3 '       |       '   2 3 '   2   | 1 2 3 '       '   2 3 |  
  3 |       ' 4     ' 4     |   5   ' 4   6 ' 4   6 | 4   6 '   7   '     6 |  
    |   8   '   8   '       |       '     9 '   8 9 |     9 '       '   8 9 |  
    +-------+-------+-------+-------+-------+-------+-------+-------+-------+  
    |       '       '       |       '       '       |       '       '       |  
  4 |   7   '   5   '   2   | 4   6 '   1   '   3   |   8   ' 4   6 '     6 |  
    |       '       '       |     9 '       '       |       '     9 '     9 |  
    + ----- + ----- + ----- + ----- + ----- + ----- + ----- + ----- + ----- +  
    |     3 '       '       |   2   '       '   2   |   2 3 '   2 3 '   2 3 |  
  5 |       '   9   '   1   | 4   6 '   8   ' 4 5 6 | 4 5 6 ' 4   6 '   5 6 |  
    |       '       '       | 7     '       '       | 7     '       ' 7     |  
    + ----- + ----- + ----- + ----- + ----- + ----- + ----- + ----- + ----- +  
    |       '     3 '       |   2   '   2   '   2   |   2 3 '   2 3 '       |  
  6 |   4   '       '   6   |       '       '   5   |   5   '       '   1   |  
    |       '   8   '       | 7   9 '     9 '     9 | 7   9 '     9 '       |  
    +-------+-------+-------+-------+-------+-------+-------+-------+-------+  
    |       '   2   '       |   2   '       '   2   |   2 3 '       '   2 3 |  
  7 |   5   ' 4     '   8   | 4   6 '   7   ' 4   6 |     6 '   1   '     6 |  
    |       '       '       |     9 '       '     9 |     9 '       '     9 |  
    + ----- + ----- + ----- + ----- + ----- + ----- + ----- + ----- + ----- +  
    | 1     ' 1 2   '       |       '   2   ' 1 2   |   2   '       '   2   |  
  8 |       ' 4     ' 4     |   3   ' 4   6 ' 4   6 |     6 '   5   '     6 |  
    |     9 ' 7     ' 7     |       '     9 '     9 | 7   9 '       ' 7 8 9 |  
    + ----- + ----- + ----- + ----- + ----- + ----- + ----- + ----- + ----- +  
    |       ' 1 2   '       |       '       ' 1 2   |   2   '   2   '       |  
  9 |   6   '       '   3   |   8   '   5   '       |       '       '   4   |  
    |       ' 7     '       |       '       '     9 | 7   9 '     9 '       |  
    +-------+-------+-------+-------+-------+-------+-------+-------+-------+  
---- end singletons method ----

Looking for Singletons (cells with only one possible value left) :
Setting cell ( 3, 3, 1 ) to 4
Setting cell ( 5, 1, 4 ) to 3
Setting cell ( 6, 2, 4 ) to 8
Setting cell ( 8, 3, 7 ) to 7
Found and set 4 cells this singletons search pass.

So far we filled this many cells: 34
                                                                               
        1       2       3       4       5       6       7       8       9      
    +-------+-------+-------+-------+-------+-------+-------+-------+-------+  
    |       '     3 '       |       '   2 3 '   2   |   2 3 '   2 3 '   2 3 |  
  1 |       '       '   9   |   1   ' 4   6 ' 4   6 | 4 5 6 ' 4   6 '   5 6 |  
    |   8   ' 7     '       |       '       '   8   |       '   8   '   8   |  
    + ----- + ----- + ----- + ----- + ----- + ----- + ----- + ----- + ----- +  
    |       '       '       |       '     3 '       | 1   3 '     3 '     3 |  
  2 |   2   '   6   '   5   | 4     ' 4     '   7   | 4 5   ' 4     '   5   |  
    |       '       '       |     9 '     9 '       |     9 '   8 9 '   8 9 |  
    + ----- + ----- + ----- + ----- + ----- + ----- + ----- + ----- + ----- +  
    | 1     ' 1   3 '       |       '   2 3 '   2   | 1 2 3 '       '   2 3 |  
  3 |       '       '   4   |   5   '     6 '     6 |     6 '   7   '     6 |  
    |   8   '       '       |       '     9 '   8 9 |     9 '       '   8 9 |  
    +-------+-------+-------+-------+-------+-------+-------+-------+-------+  
    |       '       '       |       '       '       |       '       '       |  
  4 |   7   '   5   '   2   | 4   6 '   1   '   3   |   8   ' 4   6 '     6 |  
    |       '       '       |     9 '       '       |       '     9 '     9 |  
    + ----- + ----- + ----- + ----- + ----- + ----- + ----- + ----- + ----- +  
    |       '       '       |   2   '       '   2   |   2   '   2   '   2   |  
  5 |   3   '   9   '   1   | 4   6 '   8   ' 4 5 6 | 4 5 6 ' 4   6 '   5 6 |  
    |       '       '       | 7     '       '       | 7     '       ' 7     |  
    + ----- + ----- + ----- + ----- + ----- + ----- + ----- + ----- + ----- +  
    |       '       '       |   2   '   2   '   2   |   2 3 '   2 3 '       |  
  6 |   4   '   8   '   6   |       '       '   5   |   5   '       '   1   |  
    |       '       '       | 7   9 '     9 '     9 | 7   9 '     9 '       |  
    +-------+-------+-------+-------+-------+-------+-------+-------+-------+  
    |       '   2   '       |   2   '       '   2   |   2 3 '       '   2 3 |  
  7 |   5   ' 4     '   8   | 4   6 '   7   ' 4   6 |     6 '   1   '     6 |  
    |       '       '       |     9 '       '     9 |     9 '       '     9 |  
    + ----- + ----- + ----- + ----- + ----- + ----- + ----- + ----- + ----- +  
    | 1     ' 1 2   '       |       '   2   ' 1 2   |   2   '       '   2   |  
  8 |       ' 4     '   7   |   3   ' 4   6 ' 4   6 |     6 '   5   '     6 |  
    |     9 '       '       |       '     9 '     9 |     9 '       '   8 9 |  
    + ----- + ----- + ----- + ----- + ----- + ----- + ----- + ----- + ----- +  
    |       ' 1 2   '       |       '       ' 1 2   |   2   '   2   '       |  
  9 |   6   '       '   3   |   8   '   5   '       |       '       '   4   |  
    |       '       '       |       '       '     9 | 7   9 '     9 '       |  
    +-------+-------+-------+-------+-------+-------+-------+-------+-------+  
---- end singletons method ----

Looking for Singletons (cells with only one possible value left) :
Setting cell ( 1, 1, 1 ) to 8
Setting cell ( 2, 3, 1 ) to 5
Setting cell ( 3, 1, 1 ) to 1
Setting cell ( 3, 2, 1 ) to 3
Setting cell ( 8, 1, 7 ) to 9
Found and set 5 cells this singletons search pass.

So far we filled this many cells: 39
                                                                               
        1       2       3       4       5       6       7       8       9      
    +-------+-------+-------+-------+-------+-------+-------+-------+-------+  
    |       '       '       |       '   2 3 '   2   |   2 3 '   2 3 '   2 3 |  
  1 |   8   '       '   9   |   1   ' 4   6 ' 4   6 | 4 5 6 ' 4   6 '   5 6 |  
    |       ' 7     '       |       '       '       |       '       '       |  
    + ----- + ----- + ----- + ----- + ----- + ----- + ----- + ----- + ----- +  
    |       '       '       |       '     3 '       | 1   3 '     3 '     3 |  
  2 |   2   '   6   '   5   | 4     ' 4     '   7   | 4     ' 4     '       |  
    |       '       '       |     9 '     9 '       |     9 '   8 9 '   8 9 |  
    + ----- + ----- + ----- + ----- + ----- + ----- + ----- + ----- + ----- +  
    |       '       '       |       '   2   '   2   |   2   '       '   2   |  
  3 |   1   '   3   '   4   |   5   '     6 '     6 |     6 '   7   '     6 |  
    |       '       '       |       '     9 '   8 9 |     9 '       '   8 9 |  
    +-------+-------+-------+-------+-------+-------+-------+-------+-------+  
    |       '       '       |       '       '       |       '       '       |  
  4 |   7   '   5   '   2   | 4   6 '   1   '   3   |   8   ' 4   6 '     6 |  
    |       '       '       |     9 '       '       |       '     9 '     9 |  
    + ----- + ----- + ----- + ----- + ----- + ----- + ----- + ----- + ----- +  
    |       '       '       |   2   '       '   2   |   2   '   2   '   2   |  
  5 |   3   '   9   '   1   | 4   6 '   8   ' 4 5 6 | 4 5 6 ' 4   6 '   5 6 |  
    |       '       '       | 7     '       '       | 7     '       ' 7     |  
    + ----- + ----- + ----- + ----- + ----- + ----- + ----- + ----- + ----- +  
    |       '       '       |   2   '   2   '   2   |   2 3 '   2 3 '       |  
  6 |   4   '   8   '   6   |       '       '   5   |   5   '       '   1   |  
    |       '       '       | 7   9 '     9 '     9 | 7   9 '     9 '       |  
    +-------+-------+-------+-------+-------+-------+-------+-------+-------+  
    |       '   2   '       |   2   '       '   2   |   2 3 '       '   2 3 |  
  7 |   5   ' 4     '   8   | 4   6 '   7   ' 4   6 |     6 '   1   '     6 |  
    |       '       '       |     9 '       '     9 |     9 '       '     9 |  
    + ----- + ----- + ----- + ----- + ----- + ----- + ----- + ----- + ----- +  
    |       ' 1 2   '       |       '   2   ' 1 2   |   2   '       '   2   |  
  8 |   9   ' 4     '   7   |   3   ' 4   6 ' 4   6 |     6 '   5   '     6 |  
    |       '       '       |       '       '       |       '       '   8   |  
    + ----- + ----- + ----- + ----- + ----- + ----- + ----- + ----- + ----- +  
    |       ' 1 2   '       |       '       ' 1 2   |   2   '   2   '       |  
  9 |   6   '       '   3   |   8   '   5   '       |       '       '   4   |  
    |       '       '       |       '       '     9 | 7   9 '     9 '       |  
    +-------+-------+-------+-------+-------+-------+-------+-------+-------+  
---- end singletons method ----

Looking for Singletons (cells with only one possible value left) :
Setting cell ( 1, 2, 1 ) to 7
Found and set 1 cells this singletons search pass.

So far we filled this many cells: 40
                                                                               
        1       2       3       4       5       6       7       8       9      
    +-------+-------+-------+-------+-------+-------+-------+-------+-------+  
    |       '       '       |       '   2 3 '   2   |   2 3 '   2 3 '   2 3 |  
  1 |   8   '   7   '   9   |   1   ' 4   6 ' 4   6 | 4 5 6 ' 4   6 '   5 6 |  
    |       '       '       |       '       '       |       '       '       |  
    + ----- + ----- + ----- + ----- + ----- + ----- + ----- + ----- + ----- +  
    |       '       '       |       '     3 '       | 1   3 '     3 '     3 |  
  2 |   2   '   6   '   5   | 4     ' 4     '   7   | 4     ' 4     '       |  
    |       '       '       |     9 '     9 '       |     9 '   8 9 '   8 9 |  
    + ----- + ----- + ----- + ----- + ----- + ----- + ----- + ----- + ----- +  
    |       '       '       |       '   2   '   2   |   2   '       '   2   |  
  3 |   1   '   3   '   4   |   5   '     6 '     6 |     6 '   7   '     6 |  
    |       '       '       |       '     9 '   8 9 |     9 '       '   8 9 |  
    +-------+-------+-------+-------+-------+-------+-------+-------+-------+  
    |       '       '       |       '       '       |       '       '       |  
  4 |   7   '   5   '   2   | 4   6 '   1   '   3   |   8   ' 4   6 '     6 |  
    |       '       '       |     9 '       '       |       '     9 '     9 |  
    + ----- + ----- + ----- + ----- + ----- + ----- + ----- + ----- + ----- +  
    |       '       '       |   2   '       '   2   |   2   '   2   '   2   |  
  5 |   3   '   9   '   1   | 4   6 '   8   ' 4 5 6 | 4 5 6 ' 4   6 '   5 6 |  
    |       '       '       | 7     '       '       | 7     '       ' 7     |  
    + ----- + ----- + ----- + ----- + ----- + ----- + ----- + ----- + ----- +  
    |       '       '       |   2   '   2   '   2   |   2 3 '   2 3 '       |  
  6 |   4   '   8   '   6   |       '       '   5   |   5   '       '   1   |  
    |       '       '       | 7   9 '     9 '     9 | 7   9 '     9 '       |  
    +-------+-------+-------+-------+-------+-------+-------+-------+-------+  
    |       '   2   '       |   2   '       '   2   |   2 3 '       '   2 3 |  
  7 |   5   ' 4     '   8   | 4   6 '   7   ' 4   6 |     6 '   1   '     6 |  
    |       '       '       |     9 '       '     9 |     9 '       '     9 |  
    + ----- + ----- + ----- + ----- + ----- + ----- + ----- + ----- + ----- +  
    |       ' 1 2   '       |       '   2   ' 1 2   |   2   '       '   2   |  
  8 |   9   ' 4     '   7   |   3   ' 4   6 ' 4   6 |     6 '   5   '     6 |  
    |       '       '       |       '       '       |       '       '   8   |  
    + ----- + ----- + ----- + ----- + ----- + ----- + ----- + ----- + ----- +  
    |       ' 1 2   '       |       '       ' 1 2   |   2   '   2   '       |  
  9 |   6   '       '   3   |   8   '   5   '       |       '       '   4   |  
    |       '       '       |       '       '     9 | 7   9 '     9 '       |  
    +-------+-------+-------+-------+-------+-------+-------+-------+-------+  
---- end singletons method ----

Looking for Singletons (cells with only one possible value left) :
Found and set 0 cells this singletons search pass.

Looking for Lone representatives (possible value's present in only one cell of a cluster [row column or box]):
Lone in Box    Setting cell ( 3, 6, 2 ) to 8
Lone in Box    Setting cell ( 2, 7, 3 ) to 1
Lone in Box    Setting cell ( 9, 7, 9 ) to 7
Lone in Box    Setting cell ( 8, 9, 9 ) to 8
Lone in Row    Setting cell ( 2, 8, 3 ) to 8
Lone in Row    Setting cell ( 6, 4, 5 ) to 7
Lone in Column Setting cell ( 5, 9, 6 ) to 7
Found and set 8 cells this lone representatives search pass.

So far we filled this many cells: 47
                                                                               
        1       2       3       4       5       6       7       8       9      
    +-------+-------+-------+-------+-------+-------+-------+-------+-------+  
    |       '       '       |       '   2 3 '   2   |   2 3 '   2 3 '   2 3 |  
  1 |   8   '   7   '   9   |   1   ' 4   6 ' 4   6 | 4 5 6 ' 4   6 '   5 6 |  
    |       '       '       |       '       '       |       '       '       |  
    + ----- + ----- + ----- + ----- + ----- + ----- + ----- + ----- + ----- +  
    |       '       '       |       '     3 '       |       '       '     3 |  
  2 |   2   '   6   '   5   | 4     ' 4     '   7   |   1   '   8   '       |  
    |       '       '       |     9 '     9 '       |       '       '     9 |  
    + ----- + ----- + ----- + ----- + ----- + ----- + ----- + ----- + ----- +  
    |       '       '       |       '   2   '       |   2   '       '   2   |  
  3 |   1   '   3   '   4   |   5   '     6 '   8   |     6 '   7   '     6 |  
    |       '       '       |       '     9 '       |     9 '       '     9 |  
    +-------+-------+-------+-------+-------+-------+-------+-------+-------+  
    |       '       '       |       '       '       |       '       '       |  
  4 |   7   '   5   '   2   | 4   6 '   1   '   3   |   8   ' 4   6 '     6 |  
    |       '       '       |     9 '       '       |       '     9 '     9 |  
    + ----- + ----- + ----- + ----- + ----- + ----- + ----- + ----- + ----- +  
    |       '       '       |   2   '       '   2   |   2   '   2   '       |  
  5 |   3   '   9   '   1   | 4   6 '   8   ' 4 5 6 | 4 5 6 ' 4   6 '   7   |  
    |       '       '       |       '       '       |       '       '       |  
    + ----- + ----- + ----- + ----- + ----- + ----- + ----- + ----- + ----- +  
    |       '       '       |       '   2   '   2   |   2 3 '   2 3 '       |  
  6 |   4   '   8   '   6   |   7   '       '   5   |   5   '       '   1   |  
    |       '       '       |       '     9 '     9 |     9 '     9 '       |  
    +-------+-------+-------+-------+-------+-------+-------+-------+-------+  
    |       '   2   '       |   2   '       '   2   |   2 3 '       '   2 3 |  
  7 |   5   ' 4     '   8   | 4   6 '   7   ' 4   6 |     6 '   1   '     6 |  
    |       '       '       |     9 '       '     9 |     9 '       '     9 |  
    + ----- + ----- + ----- + ----- + ----- + ----- + ----- + ----- + ----- +  
    |       ' 1 2   '       |       '   2   ' 1 2   |   2   '       '       |  
  8 |   9   ' 4     '   7   |   3   ' 4   6 ' 4   6 |     6 '   5   '   8   |  
    |       '       '       |       '       '       |       '       '       |  
    + ----- + ----- + ----- + ----- + ----- + ----- + ----- + ----- + ----- +  
    |       ' 1 2   '       |       '       ' 1 2   |       '   2   '       |  
  9 |   6   '       '   3   |   8   '   5   '       |   7   '       '   4   |  
    |       '       '       |       '       '     9 |       '     9 '       |  
    +-------+-------+-------+-------+-------+-------+-------+-------+-------+  
---- end lone representatives method ----

Looking for Lone representatives (possible value's present in only one cell of a cluster [row column or box]):
Lone in Column Setting cell ( 1, 9, 3 ) to 5
Found and set 2 cells this lone representatives search pass.

So far we filled this many cells: 48
                                                                               
        1       2       3       4       5       6       7       8       9      
    +-------+-------+-------+-------+-------+-------+-------+-------+-------+  
    |       '       '       |       '   2 3 '   2   |   2 3 '   2 3 '       |  
  1 |   8   '   7   '   9   |   1   ' 4   6 ' 4   6 | 4   6 ' 4   6 '   5   |  
    |       '       '       |       '       '       |       '       '       |  
    + ----- + ----- + ----- + ----- + ----- + ----- + ----- + ----- + ----- +  
    |       '       '       |       '     3 '       |       '       '     3 |  
  2 |   2   '   6   '   5   | 4     ' 4     '   7   |   1   '   8   '       |  
    |       '       '       |     9 '     9 '       |       '       '     9 |  
    + ----- + ----- + ----- + ----- + ----- + ----- + ----- + ----- + ----- +  
    |       '       '       |       '   2   '       |   2   '       '   2   |  
  3 |   1   '   3   '   4   |   5   '     6 '   8   |     6 '   7   '     6 |  
    |       '       '       |       '     9 '       |     9 '       '     9 |  
    +-------+-------+-------+-------+-------+-------+-------+-------+-------+  
    |       '       '       |       '       '       |       '       '       |  
  4 |   7   '   5   '   2   | 4   6 '   1   '   3   |   8   ' 4   6 '     6 |  
    |       '       '       |     9 '       '       |       '     9 '     9 |  
    + ----- + ----- + ----- + ----- + ----- + ----- + ----- + ----- + ----- +  
    |       '       '       |   2   '       '   2   |   2   '   2   '       |  
  5 |   3   '   9   '   1   | 4   6 '   8   ' 4 5 6 | 4 5 6 ' 4   6 '   7   |  
    |       '       '       |       '       '       |       '       '       |  
    + ----- + ----- + ----- + ----- + ----- + ----- + ----- + ----- + ----- +  
    |       '       '       |       '   2   '   2   |   2 3 '   2 3 '       |  
  6 |   4   '   8   '   6   |   7   '       '   5   |   5   '       '   1   |  
    |       '       '       |       '     9 '     9 |     9 '     9 '       |  
    +-------+-------+-------+-------+-------+-------+-------+-------+-------+  
    |       '   2   '       |   2   '       '   2   |   2 3 '       '   2 3 |  
  7 |   5   ' 4     '   8   | 4   6 '   7   ' 4   6 |     6 '   1   '     6 |  
    |       '       '       |     9 '       '     9 |     9 '       '     9 |  
    + ----- + ----- + ----- + ----- + ----- + ----- + ----- + ----- + ----- +  
    |       ' 1 2   '       |       '   2   ' 1 2   |   2   '       '       |  
  8 |   9   ' 4     '   7   |   3   ' 4   6 ' 4   6 |     6 '   5   '   8   |  
    |       '       '       |       '       '       |       '       '       |  
    + ----- + ----- + ----- + ----- + ----- + ----- + ----- + ----- + ----- +  
    |       ' 1 2   '       |       '       ' 1 2   |       '   2   '       |  
  9 |   6   '       '   3   |   8   '   5   '       |   7   '       '   4   |  
    |       '       '       |       '       '     9 |       '     9 '       |  
    +-------+-------+-------+-------+-------+-------+-------+-------+-------+  
---- end lone representatives method ----

Looking for Lone representatives (possible value's present in only one cell of a cluster [row column or box]):
Found and set 0 cells this lone representatives search pass.

Looking for Imaginary Values (all 2 or 3 representatives of a given value in a cluster share all belong to another cluster):
Imaginary value of 4 found in Box 3 all in row 1...   removing it from the cell ( 1, 5, 2 ).
Imaginary value of 4 found in Box 3 all in row 1...   removing it from the cell ( 1, 6, 2 ).
Found and removed 2 possible values from cells via imaginary numbers.

So far we filled this many cells: 48
                                                                               
        1       2       3       4       5       6       7       8       9      
    +-------+-------+-------+-------+-------+-------+-------+-------+-------+  
    |       '       '       |       '   2 3 '   2   |   2 3 '   2 3 '       |  
  1 |   8   '   7   '   9   |   1   '     6 '     6 | 4   6 ' 4   6 '   5   |  
    |       '       '       |       '       '       |       '       '       |  
    + ----- + ----- + ----- + ----- + ----- + ----- + ----- + ----- + ----- +  
    |       '       '       |       '     3 '       |       '       '     3 |  
  2 |   2   '   6   '   5   | 4     ' 4     '   7   |   1   '   8   '       |  
    |       '       '       |     9 '     9 '       |       '       '     9 |  
    + ----- + ----- + ----- + ----- + ----- + ----- + ----- + ----- + ----- +  
    |       '       '       |       '   2   '       |   2   '       '   2   |  
  3 |   1   '   3   '   4   |   5   '     6 '   8   |     6 '   7   '     6 |  
    |       '       '       |       '     9 '       |     9 '       '     9 |  
    +-------+-------+-------+-------+-------+-------+-------+-------+-------+  
    |       '       '       |       '       '       |       '       '       |  
  4 |   7   '   5   '   2   | 4   6 '   1   '   3   |   8   ' 4   6 '     6 |  
    |       '       '       |     9 '       '       |       '     9 '     9 |  
    + ----- + ----- + ----- + ----- + ----- + ----- + ----- + ----- + ----- +  
    |       '       '       |   2   '       '   2   |   2   '   2   '       |  
  5 |   3   '   9   '   1   | 4   6 '   8   ' 4 5 6 | 4 5 6 ' 4   6 '   7   |  
    |       '       '       |       '       '       |       '       '       |  
    + ----- + ----- + ----- + ----- + ----- + ----- + ----- + ----- + ----- +  
    |       '       '       |       '   2   '   2   |   2 3 '   2 3 '       |  
  6 |   4   '   8   '   6   |   7   '       '   5   |   5   '       '   1   |  
    |       '       '       |       '     9 '     9 |     9 '     9 '       |  
    +-------+-------+-------+-------+-------+-------+-------+-------+-------+  
    |       '   2   '       |   2   '       '   2   |   2 3 '       '   2 3 |  
  7 |   5   ' 4     '   8   | 4   6 '   7   ' 4   6 |     6 '   1   '     6 |  
    |       '       '       |     9 '       '     9 |     9 '       '     9 |  
    + ----- + ----- + ----- + ----- + ----- + ----- + ----- + ----- + ----- +  
    |       ' 1 2   '       |       '   2   ' 1 2   |   2   '       '       |  
  8 |   9   ' 4     '   7   |   3   ' 4   6 ' 4   6 |     6 '   5   '   8   |  
    |       '       '       |       '       '       |       '       '       |  
    + ----- + ----- + ----- + ----- + ----- + ----- + ----- + ----- + ----- +  
    |       ' 1 2   '       |       '       ' 1 2   |       '   2   '       |  
  9 |   6   '       '   3   |   8   '   5   '       |   7   '       '   4   |  
    |       '       '       |       '       '     9 |       '     9 '       |  
    +-------+-------+-------+-------+-------+-------+-------+-------+-------+  
---- end imaginary values processing ----

Looking for Imaginary Values (all 2 or 3 representatives of a given value in a cluster share all belong to another cluster):
Found and removed 0 possible values from cells via imaginary numbers.

Looking for Naked Pairs, any two cells with the same
pair of possible values that exist in the same cluster [row column or box]):
Found and processed 0 naked pairs.

Looking for Hidden Pairs, (any two candidate values which exist 
only in the same two cells in a given cluster):
Hidden pair (box): comparing candadate values box1:3 and box1:4.
Hidden pair (box): comparing candadate values box5:3 and box5:5.
Hidden pair (box): comparing candadate values box6:1 and box6:4.
Hidden pair (row): comparing candadate values row1:3 and row1:4.
Hidden pair (row): comparing candadate values row5:3 and row5:5.
Hidden pair (row): comparing candadate values row8:1 and row8:9.
Hidden pair (col): comparing candadate values col1:1 and col1:4.
Hidden pair (col): comparing candadate values col4:3 and col4:4.
Hidden pair (col): comparing candadate values col5:1 and col5:5.
Hidden pair (col): comparing candadate values col6:4 and col6:5.
Hidden pair (col): comparing candadate values col8:2 and col8:3.
Found and processed 0 hidden pairs.

So far we filled this many cells: 48
                                                                               
        1       2       3       4       5       6       7       8       9      
    +-------+-------+-------+-------+-------+-------+-------+-------+-------+  
    |       '       '       |       '   2 3 '   2   |   2 3 '   2 3 '       |  
  1 |   8   '   7   '   9   |   1   '     6 '     6 | 4   6 ' 4   6 '   5   |  
    |       '       '       |       '       '       |       '       '       |  
    + ----- + ----- + ----- + ----- + ----- + ----- + ----- + ----- + ----- +  
    |       '       '       |       '     3 '       |       '       '     3 |  
  2 |   2   '   6   '   5   | 4     ' 4     '   7   |   1   '   8   '       |  
    |       '       '       |     9 '     9 '       |       '       '     9 |  
    + ----- + ----- + ----- + ----- + ----- + ----- + ----- + ----- + ----- +  
    |       '       '       |       '   2   '       |   2   '       '   2   |  
  3 |   1   '   3   '   4   |   5   '     6 '   8   |     6 '   7   '     6 |  
    |       '       '       |       '     9 '       |     9 '       '     9 |  
    +-------+-------+-------+-------+-------+-------+-------+-------+-------+  
    |       '       '       |       '       '       |       '       '       |  
  4 |   7   '   5   '   2   | 4   6 '   1   '   3   |   8   ' 4   6 '     6 |  
    |       '       '       |     9 '       '       |       '     9 '     9 |  
    + ----- + ----- + ----- + ----- + ----- + ----- + ----- + ----- + ----- +  
    |       '       '       |   2   '       '   2   |   2   '   2   '       |  
  5 |   3   '   9   '   1   | 4   6 '   8   ' 4 5 6 | 4 5 6 ' 4   6 '   7   |  
    |       '       '       |       '       '       |       '       '       |  
    + ----- + ----- + ----- + ----- + ----- + ----- + ----- + ----- + ----- +  
    |       '       '       |       '   2   '   2   |   2 3 '   2 3 '       |  
  6 |   4   '   8   '   6   |   7   '       '   5   |   5   '       '   1   |  
    |       '       '       |       '     9 '     9 |     9 '     9 '       |  
    +-------+-------+-------+-------+-------+-------+-------+-------+-------+  
    |       '   2   '       |   2   '       '   2   |   2 3 '       '   2 3 |  
  7 |   5   ' 4     '   8   | 4   6 '   7   ' 4   6 |     6 '   1   '     6 |  
    |       '       '       |     9 '       '     9 |     9 '       '     9 |  
    + ----- + ----- + ----- + ----- + ----- + ----- + ----- + ----- + ----- +  
    |       ' 1 2   '       |       '   2   ' 1 2   |   2   '       '       |  
  8 |   9   ' 4     '   7   |   3   ' 4   6 ' 4   6 |     6 '   5   '   8   |  
    |       '       '       |       '       '       |       '       '       |  
    + ----- + ----- + ----- + ----- + ----- + ----- + ----- + ----- + ----- +  
    |       ' 1 2   '       |       '       ' 1 2   |       '   2   '       |  
  9 |   6   '       '   3   |   8   '   5   '       |   7   '       '   4   |  
    |       '       '       |       '       '     9 |       '     9 '       |  
    +-------+-------+-------+-------+-------+-------+-------+-------+-------+  
Looking for X-Wings, any 4 cells with the same possible value
that are only candidates in two cells of a given column or row and
involve the same two rows or columns respectively, thus forming an X:
#pairs ( 12 ) 
xwing_candidates: ( HASH(0x7fd3f351ee40)) 
X-wing (column-based): processing value 4,  which has 3 columns where it appears as a candidate only twice.
Examining columns 2 and 7.
Examining columns 2 and 5.
Examining columns 7 and 5.
X-wing (column-based): processing value 1,  which has 2 columns where it appears as a candidate only twice.
Examining columns 6 and 2.
We have found a column-based X-wing for 1, involving columns 6 and 2 and rows 9 and 8!
X-wing (column-based): processing value 5,  which has 2 columns where it appears as a candidate only twice.
Examining columns 7 and 6.
We have found a column-based X-wing for 5, involving columns 7 and 6 and rows 6 and 5!
X-wing (column-based): processing value 2,  which has 2 columns where it appears as a candidate only twice.
Examining columns 9 and 4.
X-wing (column-based): processing value 3,  which has 3 columns where it appears as a candidate only twice.
Examining columns 9 and 8.
Examining columns 9 and 5.
Examining columns 8 and 5.
X-wing (row-based): processing value 3,  which has 3 rows where it appears as a candidate only twice.
Examining rows 6 and 7.
Examining rows 6 and 2.
Examining rows 7 and 2.
X-wing (row-based): processing value 1,  which has 2 rows where it appears as a candidate only twice.
Examining rows 9 and 8.
We have found a row-based X-wing for 1, involving rows 9 and 8 and columns 6 and 2!
X-wing (row-based): processing value 5,  which has 2 rows where it appears as a candidate only twice.
Examining rows 5 and 6.
We have found a row-based X-wing for 5, involving rows 5 and 6 and columns 6 and 7!
X-wing (row-based): processing value 4,  which has 3 rows where it appears as a candidate only twice.
Examining rows 4 and 2.
Examining rows 4 and 1.
Examining rows 2 and 1.
Found and processed 4 X-Wings which resulted in 0 candidates being removed.

---- end an x-wing search ----

==== End Pass 1 (progress is 26) ====
==== Pass 2 ====
                                                                               
        1       2       3       4       5       6       7       8       9      
    +-------+-------+-------+-------+-------+-------+-------+-------+-------+  
    |       '       '       |       '   2 3 '   2   |   2 3 '   2 3 '       |  
  1 |   8   '   7   '   9   |   1   '     6 '     6 | 4   6 ' 4   6 '   5   |  
    |       '       '       |       '       '       |       '       '       |  
    + ----- + ----- + ----- + ----- + ----- + ----- + ----- + ----- + ----- +  
    |       '       '       |       '     3 '       |       '       '     3 |  
  2 |   2   '   6   '   5   | 4     ' 4     '   7   |   1   '   8   '       |  
    |       '       '       |     9 '     9 '       |       '       '     9 |  
    + ----- + ----- + ----- + ----- + ----- + ----- + ----- + ----- + ----- +  
    |       '       '       |       '   2   '       |   2   '       '   2   |  
  3 |   1   '   3   '   4   |   5   '     6 '   8   |     6 '   7   '     6 |  
    |       '       '       |       '     9 '       |     9 '       '     9 |  
    +-------+-------+-------+-------+-------+-------+-------+-------+-------+  
    |       '       '       |       '       '       |       '       '       |  
  4 |   7   '   5   '   2   | 4   6 '   1   '   3   |   8   ' 4   6 '     6 |  
    |       '       '       |     9 '       '       |       '     9 '     9 |  
    + ----- + ----- + ----- + ----- + ----- + ----- + ----- + ----- + ----- +  
    |       '       '       |   2   '       '   2   |   2   '   2   '       |  
  5 |   3   '   9   '   1   | 4   6 '   8   ' 4 5 6 | 4 5 6 ' 4   6 '   7   |  
    |       '       '       |       '       '       |       '       '       |  
    + ----- + ----- + ----- + ----- + ----- + ----- + ----- + ----- + ----- +  
    |       '       '       |       '   2   '   2   |   2 3 '   2 3 '       |  
  6 |   4   '   8   '   6   |   7   '       '   5   |   5   '       '   1   |  
    |       '       '       |       '     9 '     9 |     9 '     9 '       |  
    +-------+-------+-------+-------+-------+-------+-------+-------+-------+  
    |       '   2   '       |   2   '       '   2   |   2 3 '       '   2 3 |  
  7 |   5   ' 4     '   8   | 4   6 '   7   ' 4   6 |     6 '   1   '     6 |  
    |       '       '       |     9 '       '     9 |     9 '       '     9 |  
    + ----- + ----- + ----- + ----- + ----- + ----- + ----- + ----- + ----- +  
    |       ' 1 2   '       |       '   2   ' 1 2   |   2   '       '       |  
  8 |   9   ' 4     '   7   |   3   ' 4   6 ' 4   6 |     6 '   5   '   8   |  
    |       '       '       |       '       '       |       '       '       |  
    + ----- + ----- + ----- + ----- + ----- + ----- + ----- + ----- + ----- +  
    |       ' 1 2   '       |       '       ' 1 2   |       '   2   '       |  
  9 |   6   '       '   3   |   8   '   5   '       |   7   '       '   4   |  
    |       '       '       |       '       '     9 |       '     9 '       |  
    +-------+-------+-------+-------+-------+-------+-------+-------+-------+  
Looking for Singletons (cells with only one possible value left) :
Found and set 0 cells this singletons search pass.

Looking for Lone representatives (possible value's present in only one cell of a cluster [row column or box]):
Found and set 0 cells this lone representatives search pass.

Looking for Imaginary Values (all 2 or 3 representatives of a given value in a cluster share all belong to another cluster):
Found and removed 0 possible values from cells via imaginary numbers.

Looking for Naked Pairs, any two cells with the same
pair of possible values that exist in the same cluster [row column or box]):
Found and processed 0 naked pairs.

Looking for Hidden Pairs, (any two candidate values which exist 
only in the same two cells in a given cluster):
Hidden pair (box): comparing candadate values box1:3 and box1:4.
Hidden pair (box): comparing candadate values box5:3 and box5:5.
Hidden pair (box): comparing candadate values box6:1 and box6:4.
Hidden pair (row): comparing candadate values row1:3 and row1:4.
Hidden pair (row): comparing candadate values row5:3 and row5:5.
Hidden pair (row): comparing candadate values row8:1 and row8:9.
Hidden pair (col): comparing candadate values col1:1 and col1:4.
Hidden pair (col): comparing candadate values col4:3 and col4:4.
Hidden pair (col): comparing candadate values col5:1 and col5:5.
Hidden pair (col): comparing candadate values col6:4 and col6:5.
Hidden pair (col): comparing candadate values col8:2 and col8:3.
Found and processed 0 hidden pairs.

So far we filled this many cells: 48
                                                                               
        1       2       3       4       5       6       7       8       9      
    +-------+-------+-------+-------+-------+-------+-------+-------+-------+  
    |       '       '       |       '   2 3 '   2   |   2 3 '   2 3 '       |  
  1 |   8   '   7   '   9   |   1   '     6 '     6 | 4   6 ' 4   6 '   5   |  
    |       '       '       |       '       '       |       '       '       |  
    + ----- + ----- + ----- + ----- + ----- + ----- + ----- + ----- + ----- +  
    |       '       '       |       '     3 '       |       '       '     3 |  
  2 |   2   '   6   '   5   | 4     ' 4     '   7   |   1   '   8   '       |  
    |       '       '       |     9 '     9 '       |       '       '     9 |  
    + ----- + ----- + ----- + ----- + ----- + ----- + ----- + ----- + ----- +  
    |       '       '       |       '   2   '       |   2   '       '   2   |  
  3 |   1   '   3   '   4   |   5   '     6 '   8   |     6 '   7   '     6 |  
    |       '       '       |       '     9 '       |     9 '       '     9 |  
    +-------+-------+-------+-------+-------+-------+-------+-------+-------+  
    |       '       '       |       '       '       |       '       '       |  
  4 |   7   '   5   '   2   | 4   6 '   1   '   3   |   8   ' 4   6 '     6 |  
    |       '       '       |     9 '       '       |       '     9 '     9 |  
    + ----- + ----- + ----- + ----- + ----- + ----- + ----- + ----- + ----- +  
    |       '       '       |   2   '       '   2   |   2   '   2   '       |  
  5 |   3   '   9   '   1   | 4   6 '   8   ' 4 5 6 | 4 5 6 ' 4   6 '   7   |  
    |       '       '       |       '       '       |       '       '       |  
    + ----- + ----- + ----- + ----- + ----- + ----- + ----- + ----- + ----- +  
    |       '       '       |       '   2   '   2   |   2 3 '   2 3 '       |  
  6 |   4   '   8   '   6   |   7   '       '   5   |   5   '       '   1   |  
    |       '       '       |       '     9 '     9 |     9 '     9 '       |  
    +-------+-------+-------+-------+-------+-------+-------+-------+-------+  
    |       '   2   '       |   2   '       '   2   |   2 3 '       '   2 3 |  
  7 |   5   ' 4     '   8   | 4   6 '   7   ' 4   6 |     6 '   1   '     6 |  
    |       '       '       |     9 '       '     9 |     9 '       '     9 |  
    + ----- + ----- + ----- + ----- + ----- + ----- + ----- + ----- + ----- +  
    |       ' 1 2   '       |       '   2   ' 1 2   |   2   '       '       |  
  8 |   9   ' 4     '   7   |   3   ' 4   6 ' 4   6 |     6 '   5   '   8   |  
    |       '       '       |       '       '       |       '       '       |  
    + ----- + ----- + ----- + ----- + ----- + ----- + ----- + ----- + ----- +  
    |       ' 1 2   '       |       '       ' 1 2   |       '   2   '       |  
  9 |   6   '       '   3   |   8   '   5   '       |   7   '       '   4   |  
    |       '       '       |       '       '     9 |       '     9 '       |  
    +-------+-------+-------+-------+-------+-------+-------+-------+-------+  
Looking for X-Wings, any 4 cells with the same possible value
that are only candidates in two cells of a given column or row and
involve the same two rows or columns respectively, thus forming an X:
#pairs ( 12 ) 
xwing_candidates: ( HASH(0x7fd3f40958b0)) 
X-wing (column-based): processing value 1,  which has 2 columns where it appears as a candidate only twice.
Examining columns 2 and 6.
We have found a column-based X-wing for 1, involving columns 2 and 6 and rows 9 and 8!
X-wing (column-based): processing value 5,  which has 2 columns where it appears as a candidate only twice.
Examining columns 6 and 7.
We have found a column-based X-wing for 5, involving columns 6 and 7 and rows 5 and 6!
X-wing (column-based): processing value 4,  which has 3 columns where it appears as a candidate only twice.
Examining columns 7 and 2.
Examining columns 7 and 5.
Examining columns 2 and 5.
X-wing (column-based): processing value 2,  which has 2 columns where it appears as a candidate only twice.
Examining columns 4 and 9.
X-wing (column-based): processing value 3,  which has 3 columns where it appears as a candidate only twice.
Examining columns 5 and 9.
Examining columns 5 and 8.
Examining columns 9 and 8.
X-wing (row-based): processing value 3,  which has 3 rows where it appears as a candidate only twice.
Examining rows 6 and 2.
Examining rows 6 and 7.
Examining rows 2 and 7.
X-wing (row-based): processing value 1,  which has 2 rows where it appears as a candidate only twice.
Examining rows 9 and 8.
We have found a row-based X-wing for 1, involving rows 9 and 8 and columns 2 and 6!
X-wing (row-based): processing value 5,  which has 2 rows where it appears as a candidate only twice.
Examining rows 5 and 6.
We have found a row-based X-wing for 5, involving rows 5 and 6 and columns 6 and 7!
X-wing (row-based): processing value 4,  which has 3 rows where it appears as a candidate only twice.
Examining rows 4 and 2.
Examining rows 4 and 1.
Examining rows 2 and 1.
Found and processed 4 X-Wings which resulted in 0 candidates being removed.

---- end an x-wing search ----

==== End Pass 2 (progress is 0) ====
We were able to determine 48 cells.
                                                                               
        1       2       3       4       5       6       7       8       9      
    +-------+-------+-------+-------+-------+-------+-------+-------+-------+  
    |       '       '       |       '   2 3 '   2   |   2 3 '   2 3 '       |  
  1 |   8   '   7   '   9   |   1   '     6 '     6 | 4   6 ' 4   6 '   5   |  
    |       '       '       |       '       '       |       '       '       |  
    + ----- + ----- + ----- + ----- + ----- + ----- + ----- + ----- + ----- +  
    |       '       '       |       '     3 '       |       '       '     3 |  
  2 |   2   '   6   '   5   | 4     ' 4     '   7   |   1   '   8   '       |  
    |       '       '       |     9 '     9 '       |       '       '     9 |  
    + ----- + ----- + ----- + ----- + ----- + ----- + ----- + ----- + ----- +  
    |       '       '       |       '   2   '       |   2   '       '   2   |  
  3 |   1   '   3   '   4   |   5   '     6 '   8   |     6 '   7   '     6 |  
    |       '       '       |       '     9 '       |     9 '       '     9 |  
    +-------+-------+-------+-------+-------+-------+-------+-------+-------+  
    |       '       '       |       '       '       |       '       '       |  
  4 |   7   '   5   '   2   | 4   6 '   1   '   3   |   8   ' 4   6 '     6 |  
    |       '       '       |     9 '       '       |       '     9 '     9 |  
    + ----- + ----- + ----- + ----- + ----- + ----- + ----- + ----- + ----- +  
    |       '       '       |   2   '       '   2   |   2   '   2   '       |  
  5 |   3   '   9   '   1   | 4   6 '   8   ' 4 5 6 | 4 5 6 ' 4   6 '   7   |  
    |       '       '       |       '       '       |       '       '       |  
    + ----- + ----- + ----- + ----- + ----- + ----- + ----- + ----- + ----- +  
    |       '       '       |       '   2   '   2   |   2 3 '   2 3 '       |  
  6 |   4   '   8   '   6   |   7   '       '   5   |   5   '       '   1   |  
    |       '       '       |       '     9 '     9 |     9 '     9 '       |  
    +-------+-------+-------+-------+-------+-------+-------+-------+-------+  
    |       '   2   '       |   2   '       '   2   |   2 3 '       '   2 3 |  
  7 |   5   ' 4     '   8   | 4   6 '   7   ' 4   6 |     6 '   1   '     6 |  
    |       '       '       |     9 '       '     9 |     9 '       '     9 |  
    + ----- + ----- + ----- + ----- + ----- + ----- + ----- + ----- + ----- +  
    |       ' 1 2   '       |       '   2   ' 1 2   |   2   '       '       |  
  8 |   9   ' 4     '   7   |   3   ' 4   6 ' 4   6 |     6 '   5   '   8   |  
    |       '       '       |       '       '       |       '       '       |  
    + ----- + ----- + ----- + ----- + ----- + ----- + ----- + ----- + ----- +  
    |       ' 1 2   '       |       '       ' 1 2   |       '   2   '       |  
  9 |   6   '       '   3   |   8   '   5   '       |   7   '       '   4   |  
    |       '       '       |       '       '     9 |       '     9 '       |  
    +-------+-------+-------+-------+-------+-------+-------+-------+-------+  
