00000000 00000000 11111111 0 0
00000001 10000000 11111110 1 1
00000010 01000000 11111101 1 1
00000011 11000000 11111100 2 0
00000100 00100000 11111011 1 1
00000101 10100000 11111010 2 0
00000110 01100000 11111001 2 0
00000111 11100000 11111000 3 1
00001000 00010000 11110111 1 1
00001001 10010000 11110110 2 0
00001010 01010000 11110101 2 0
00001011 11010000 11110100 3 1
00001100 00110000 11110011 2 0
00001101 10110000 11110010 3 1
00001110 01110000 11110001 3 1
00001111 11110000 11110000 4 0
00010000 00001000 11101111 1 1
00010001 10001000 11101110 2 0
00010010 01001000 11101101 2 0
00010011 11001000 11101100 3 1
00010100 00101000 11101011 2 0
00010101 10101000 11101010 3 1
00010110 01101000 11101001 3 1
00010111 11101000 11101000 4 0
00011000 00011000 11100111 2 0
00011001 10011000 11100110 3 1
00011010 01011000 11100101 3 1
00011011 11011000 11100100 4 0
00011100 00111000 11100011 3 1
00011101 10111000 11100010 4 0
00011110 01111000 11100001 4 0
00011111 11111000 11100000 5 1
00100000 00000100 11011111 1 1
00100001 10000100 11011110 2 0
00100010 01000100 11011101 2 0
00100011 11000100 11011100 3 1
00100100 00100100 11011011 2 0
00100101 10100100 11011010 3 1
00100110 01100100 11011001 3 1
00100111 11100100 11011000 4 0
00101000 00010100 11010111 2 0
00101001 10010100 11010110 3 1
00101010 01010100 11010101 3 1
00101011 11010100 11010100 4 0
00101100 00110100 11010011 3 1
00101101 10110100 11010010 4 0
00101110 01110100 11010001 4 0
00101111 11110100 11010000 5 1
00110000 00001100 11001111 2 0
00110001 10001100 11001110 3 1
00110010 01001100 11001101 3 1
00110011 11001100 11001100 4 0
00110100 00101100 11001011 3 1
00110101 10101100 11001010 4 0
00110110 01101100 11001001 4 0
00110111 11101100 11001000 5 1
00111000 00011100 11000111 3 1
00111001 10011100 11000110 4 0
00111010 01011100 11000101 4 0
00111011 11011100 11000100 5 1
00111100 00111100 11000011 4 0
00111101 10111100 11000010 5 1
00111110 01111100 11000001 5 1
00111111 11111100 11000000 6 0
01000000 00000010 10111111 1 1
01000001 10000010 10111110 2 0
01000010 01000010 10111101 2 0
01000011 11000010 10111100 3 1
01000100 00100010 10111011 2 0
01000101 10100010 10111010 3 1
01000110 01100010 10111001 3 1
01000111 11100010 10111000 4 0
01001000 00010010 10110111 2 0
01001001 10010010 10110110 3 1
01001010 01010010 10110101 3 1
01001011 11010010 10110100 4 0
01001100 00110010 10110011 3 1
01001101 10110010 10110010 4 0
01001110 01110010 10110001 4 0
01001111 11110010 10110000 5 1
01010000 00001010 10101111 2 0
01010001 10001010 10101110 3 1
01010010 01001010 10101101 3 1
01010011 11001010 10101100 4 0
01010100 00101010 10101011 3 1
01010101 10101010 10101010 4 0
01010110 01101010 10101001 4 0
01010111 11101010 10101000 5 1
01011000 00011010 10100111 3 1
01011001 10011010 10100110 4 0
01011010 01011010 10100101 4 0
01011011 11011010 10100100 5 1
01011100 00111010 10100011 4 0
01011101 10111010 10100010 5 1
01011110 01111010 10100001 5 1
01011111 11111010 10100000 6 0
01100000 00000110 10011111 2 0
01100001 10000110 10011110 3 1
01100010 01000110 10011101 3 1
01100011 11000110 10011100 4 0
01100100 00100110 10011011 3 1
01100101 10100110 10011010 4 0
01100110 01100110 10011001 4 0
01100111 11100110 10011000 5 1
01101000 00010110 10010111 3 1
01101001 10010110 10010110 4 0
01101010 01010110 10010101 4 0
01101011 11010110 10010100 5 1
01101100 00110110 10010011 4 0
01101101 10110110 10010010 5 1
01101110 01110110 10010001 5 1
01101111 11110110 10010000 6 0
01110000 00001110 10001111 3 1
01110001 10001110 10001110 4 0
01110010 01001110 10001101 4 0
01110011 11001110 10001100 5 1
01110100 00101110 10001011 4 0
01110101 10101110 10001010 5 1
01110110 01101110 10001001 5 1
01110111 11101110 10001000 6 0
01111000 00011110 10000111 4 0
01111001 10011110 10000110 5 1
01111010 01011110 10000101 5 1
01111011 11011110 10000100 6 0
01111100 00111110 10000011 5 1
01111101 10111110 10000010 6 0
01111110 01111110 10000001 6 0
01111111 11111110 10000000 7 1
10000000 00000001 01111111 1 1
10000001 10000001 01111110 2 0
10000010 01000001 01111101 2 0
10000011 11000001 01111100 3 1
10000100 00100001 01111011 2 0
10000101 10100001 01111010 3 1
10000110 01100001 01111001 3 1
10000111 11100001 01111000 4 0
10001000 00010001 01110111 2 0
10001001 10010001 01110110 3 1
10001010 01010001 01110101 3 1
10001011 11010001 01110100 4 0
10001100 00110001 01110011 3 1
10001101 10110001 01110010 4 0
10001110 01110001 01110001 4 0
10001111 11110001 01110000 5 1
10010000 00001001 01101111 2 0
10010001 10001001 01101110 3 1
10010010 01001001 01101101 3 1
10010011 11001001 01101100 4 0
10010100 00101001 01101011 3 1
10010101 10101001 01101010 4 0
10010110 01101001 01101001 4 0
10010111 11101001 01101000 5 1
10011000 00011001 01100111 3 1
10011001 10011001 01100110 4 0
10011010 01011001 01100101 4 0
10011011 11011001 01100100 5 1
10011100 00111001 01100011 4 0
10011101 10111001 01100010 5 1
10011110 01111001 01100001 5 1
10011111 11111001 01100000 6 0
10100000 00000101 01011111 2 0
10100001 10000101 01011110 3 1
10100010 01000101 01011101 3 1
10100011 11000101 01011100 4 0
10100100 00100101 01011011 3 1
10100101 10100101 01011010 4 0
10100110 01100101 01011001 4 0
10100111 11100101 01011000 5 1
10101000 00010101 01010111 3 1
10101001 10010101 01010110 4 0
10101010 01010101 01010101 4 0
10101011 11010101 01010100 5 1
10101100 00110101 01010011 4 0
10101101 10110101 01010010 5 1
10101110 01110101 01010001 5 1
10101111 11110101 01010000 6 0
10110000 00001101 01001111 3 1
10110001 10001101 01001110 4 0
10110010 01001101 01001101 4 0
10110011 11001101 01001100 5 1
10110100 00101101 01001011 4 0
10110101 10101101 01001010 5 1
10110110 01101101 01001001 5 1
10110111 11101101 01001000 6 0
10111000 00011101 01000111 4 0
10111001 10011101 01000110 5 1
10111010 01011101 01000101 5 1
10111011 11011101 01000100 6 0
10111100 00111101 01000011 5 1
10111101 10111101 01000010 6 0
10111110 01111101 01000001 6 0
10111111 11111101 01000000 7 1
11000000 00000011 00111111 2 0
11000001 10000011 00111110 3 1
11000010 01000011 00111101 3 1
11000011 11000011 00111100 4 0
11000100 00100011 00111011 3 1
11000101 10100011 00111010 4 0
11000110 01100011 00111001 4 0
11000111 11100011 00111000 5 1
11001000 00010011 00110111 3 1
11001001 10010011 00110110 4 0
11001010 01010011 00110101 4 0
11001011 11010011 00110100 5 1
11001100 00110011 00110011 4 0
11001101 10110011 00110010 5 1
11001110 01110011 00110001 5 1
11001111 11110011 00110000 6 0
11010000 00001011 00101111 3 1
11010001 10001011 00101110 4 0
11010010 01001011 00101101 4 0
11010011 11001011 00101100 5 1
11010100 00101011 00101011 4 0
11010101 10101011 00101010 5 1
11010110 01101011 00101001 5 1
11010111 11101011 00101000 6 0
11011000 00011011 00100111 4 0
11011001 10011011 00100110 5 1
11011010 01011011 00100101 5 1
11011011 11011011 00100100 6 0
11011100 00111011 00100011 5 1
11011101 10111011 00100010 6 0
11011110 01111011 00100001 6 0
11011111 11111011 00100000 7 1
11100000 00000111 00011111 3 1
11100001 10000111 00011110 4 0
11100010 01000111 00011101 4 0
11100011 11000111 00011100 5 1
11100100 00100111 00011011 4 0
11100101 10100111 00011010 5 1
11100110 01100111 00011001 5 1
11100111 11100111 00011000 6 0
11101000 00010111 00010111 4 0
11101001 10010111 00010110 5 1
11101010 01010111 00010101 5 1
11101011 11010111 00010100 6 0
11101100 00110111 00010011 5 1
11101101 10110111 00010010 6 0
11101110 01110111 00010001 6 0
11101111 11110111 00010000 7 1
11110000 00001111 00001111 4 0
11110001 10001111 00001110 5 1
11110010 01001111 00001101 5 1
11110011 11001111 00001100 6 0
11110100 00101111 00001011 5 1
11110101 10101111 00001010 6 0
11110110 01101111 00001001 6 0
11110111 11101111 00001000 7 1
11111000 00011111 00000111 5 1
11111001 10011111 00000110 6 0
11111010 01011111 00000101 6 0
11111011 11011111 00000100 7 1
11111100 00111111 00000011 6 0
11111101 10111111 00000010 7 1
11111110 01111111 00000001 7 1
11111111 11111111 00000000 8 0
